<?xml version="1.0" encoding="UTF-8"?>
<!-- Generated by org.testng.reporters.JUnitXMLReporter -->
<testsuite hostname="DESKTOP-IC0JENF" ignored="4" name="Add Customers" tests="4" failures="3" timestamp="29 May 2021 09:43:45 GMT" time="18.234" errors="0">
  <testcase name="loginAsmanagerTest" time="1.0" classname="com.personal.testcases.AddCustomerTest">
    <failure type="java.lang.AssertionError" message="ASSERT :- &amp;apos;Protractor practice website - Banking App&amp;apos; is INCORRECT TITLE">
      <![CDATA[java.lang.AssertionError: ASSERT :- 'Protractor practice website - Banking App' is INCORRECT TITLE
at com.personal.base.BaseClass.checkPageTitle(BaseClass.java:546)
at com.personal.testcases.AddCustomerTest.loginAsmanagerTest(AddCustomerTest.java:13)
... Removed 26 stack frames]]>
    </failure>
  </testcase> <!-- loginAsmanagerTest -->
  <testcase name="addMultipleCustomerTest" time="0.0" classname="com.personal.testcases.AddCustomerTest">
    <skipped/>
  </testcase> <!-- addMultipleCustomerTest -->
  <testcase name="openAccountMethod" time="8.096" classname="com.personal.testcases.OpenAccountTest">
    <failure type="org.openqa.selenium.NoSuchElementException" message="Cannot locate element with text: Sahil Guleri
For documentation on this error, please visit: http://seleniumhq.org/exceptions/no_such_element.html
Build info: version: &amp;apos;3.14.0&amp;apos;, revision: &amp;apos;aacccce0&amp;apos;, time: &amp;apos;2018-08-02T20:19:58.91Z&amp;apos;
System info: host: &amp;apos;DESKTOP-IC0JENF&amp;apos;, ip: &amp;apos;172.16.18.8&amp;apos;, os.name: &amp;apos;Windows 10&amp;apos;, os.arch: &amp;apos;amd64&amp;apos;, os.version: &amp;apos;10.0&amp;apos;, java.version: &amp;apos;1.8.0_271&amp;apos;
Driver info: driver.version: unknown">
      <![CDATA[org.openqa.selenium.NoSuchElementException: Cannot locate element with text: Sahil Guleri
For documentation on this error, please visit: http://seleniumhq.org/exceptions/no_such_element.html
Build info: version: '3.14.0', revision: 'aacccce0', time: '2018-08-02T20:19:58.91Z'
System info: host: 'DESKTOP-IC0JENF', ip: '172.16.18.8', os.name: 'Windows 10', os.arch: 'amd64', os.version: '10.0', java.version: '1.8.0_271'
Driver info: driver.version: unknown
at org.openqa.selenium.support.ui.Select.selectByVisibleText(Select.java:151)
at com.personal.base.BaseClass.staticDropDown(BaseClass.java:272)
at com.personal.testcases.OpenAccountTest.openAccountMethod(OpenAccountTest.java:20)
... Removed 25 stack frames]]>
    </failure>
  </testcase> <!-- openAccountMethod -->
  <testcase name="openAccountMethod" time="8.045" classname="com.personal.testcases.OpenAccountTest">
    <failure type="org.openqa.selenium.NoSuchElementException" message="Cannot locate element with text: Shiv Sahil
For documentation on this error, please visit: http://seleniumhq.org/exceptions/no_such_element.html
Build info: version: &amp;apos;3.14.0&amp;apos;, revision: &amp;apos;aacccce0&amp;apos;, time: &amp;apos;2018-08-02T20:19:58.91Z&amp;apos;
System info: host: &amp;apos;DESKTOP-IC0JENF&amp;apos;, ip: &amp;apos;172.16.18.8&amp;apos;, os.name: &amp;apos;Windows 10&amp;apos;, os.arch: &amp;apos;amd64&amp;apos;, os.version: &amp;apos;10.0&amp;apos;, java.version: &amp;apos;1.8.0_271&amp;apos;
Driver info: driver.version: unknown">
      <![CDATA[org.openqa.selenium.NoSuchElementException: Cannot locate element with text: Shiv Sahil
For documentation on this error, please visit: http://seleniumhq.org/exceptions/no_such_element.html
Build info: version: '3.14.0', revision: 'aacccce0', time: '2018-08-02T20:19:58.91Z'
System info: host: 'DESKTOP-IC0JENF', ip: '172.16.18.8', os.name: 'Windows 10', os.arch: 'amd64', os.version: '10.0', java.version: '1.8.0_271'
Driver info: driver.version: unknown
at org.openqa.selenium.support.ui.Select.selectByVisibleText(Select.java:151)
at com.personal.base.BaseClass.staticDropDown(BaseClass.java:272)
at com.personal.testcases.OpenAccountTest.openAccountMethod(OpenAccountTest.java:20)
... Removed 25 stack frames]]>
    </failure>
  </testcase> <!-- openAccountMethod -->
  <testcase name="@AfterSuite tearDown" time="0.0" classname="com.personal.base.BaseClass">
    <ignored/>
  </testcase> <!-- @AfterSuite tearDown -->
  <testcase name="@AfterSuite tearDown" time="0.0" classname="com.personal.base.BaseClass">
    <ignored/>
  </testcase> <!-- @AfterSuite tearDown -->
  <testcase name="@BeforeSuite setUp" time="0.0" classname="com.personal.base.BaseClass">
    <ignored/>
  </testcase> <!-- @BeforeSuite setUp -->
  <testcase name="@BeforeSuite setUp" time="0.0" classname="com.personal.base.BaseClass">
    <ignored/>
  </testcase> <!-- @BeforeSuite setUp -->
</testsuite> <!-- Add Customers -->
