<?xml version="1.0" encoding="UTF-8"?>
<!-- Generated by org.testng.reporters.JUnitXMLReporter -->
<testsuite hostname="DESKTOP-IC0JENF" ignored="4" name="Bank Manager Login" tests="8" failures="2" timestamp="2021-05-31T10:51:02 IST" time="22.309" errors="0">
  <testcase name="loginAsmanagerTest" time="1.208" classname="com.personal.testcases.AddCustomerTest"/>
  <testcase name="addMultipleCustomerTest" time="0.141" classname="com.personal.testcases.AddCustomerTest"/>
  <testcase name="addMultipleCustomerTest" time="0.118" classname="com.personal.testcases.AddCustomerTest"/>
  <testcase name="addMultipleCustomerTest" time="0.097" classname="com.personal.testcases.AddCustomerTest"/>
  <testcase name="openAccountMethod" time="4.214" classname="com.personal.testcases.OpenAccountTest">
    <skipped/>
  </testcase> <!-- openAccountMethod -->
  <testcase name="openAccountMethod" time="4.04" classname="com.personal.testcases.OpenAccountTest">
    <failure type="java.lang.AssertionError" message="option(1111111111111111111111) is NOT selected on dropdown(CustomerDropDown_id). Either dropdown(CustomerDropDown_id) or option(1111111111111111111111) is NOT present on page.
 
 
 Error msg is :-   Cannot locate element with text: 1111111111111111111111
For documentation on this error, please visit: http://seleniumhq.org/exceptions/no_such_element.html
Build info: version: &amp;apos;3.14.0&amp;apos;, revision: &amp;apos;aacccce0&amp;apos;, time: &amp;apos;2018-08-02T20:19:58.91Z&amp;apos;
System info: host: &amp;apos;DESKTOP-IC0JENF&amp;apos;, ip: &amp;apos;172.16.18.8&amp;apos;, os.name: &amp;apos;Windows 10&amp;apos;, os.arch: &amp;apos;amd64&amp;apos;, os.version: &amp;apos;10.0&amp;apos;, java.version: &amp;apos;1.8.0_271&amp;apos;
Driver info: driver.version: unknown">
      <![CDATA[java.lang.AssertionError: option(1111111111111111111111) is NOT selected on dropdown(CustomerDropDown_id). Either dropdown(CustomerDropDown_id) or option(1111111111111111111111) is NOT present on page.
 
 
 Error msg is :-   Cannot locate element with text: 1111111111111111111111
For documentation on this error, please visit: http://seleniumhq.org/exceptions/no_such_element.html
Build info: version: '3.14.0', revision: 'aacccce0', time: '2018-08-02T20:19:58.91Z'
System info: host: 'DESKTOP-IC0JENF', ip: '172.16.18.8', os.name: 'Windows 10', os.arch: 'amd64', os.version: '10.0', java.version: '1.8.0_271'
Driver info: driver.version: unknown
at com.personal.base.BaseClass.staticDropDown(BaseClass.java:370)
at com.personal.testcases.OpenAccountTest.openAccountMethod(OpenAccountTest.java:22)
at java.util.ArrayList.forEach(ArrayList.java:1259)
... Removed 28 stack frames]]>
    </failure>
  </testcase> <!-- openAccountMethod -->
  <testcase name="openAccountMethod" time="4.043" classname="com.personal.testcases.OpenAccountTest">
    <skipped/>
  </testcase> <!-- openAccountMethod -->
  <testcase name="openAccountMethod" time="4.036" classname="com.personal.testcases.OpenAccountTest">
    <failure type="java.lang.AssertionError" message="option(1111111111111111111111) is NOT selected on dropdown(CustomerDropDown_id). Either dropdown(CustomerDropDown_id) or option(1111111111111111111111) is NOT present on page.
 
 
 Error msg is :-   Cannot locate element with text: 1111111111111111111111
For documentation on this error, please visit: http://seleniumhq.org/exceptions/no_such_element.html
Build info: version: &amp;apos;3.14.0&amp;apos;, revision: &amp;apos;aacccce0&amp;apos;, time: &amp;apos;2018-08-02T20:19:58.91Z&amp;apos;
System info: host: &amp;apos;DESKTOP-IC0JENF&amp;apos;, ip: &amp;apos;172.16.18.8&amp;apos;, os.name: &amp;apos;Windows 10&amp;apos;, os.arch: &amp;apos;amd64&amp;apos;, os.version: &amp;apos;10.0&amp;apos;, java.version: &amp;apos;1.8.0_271&amp;apos;
Driver info: driver.version: unknown">
      <![CDATA[java.lang.AssertionError: option(1111111111111111111111) is NOT selected on dropdown(CustomerDropDown_id). Either dropdown(CustomerDropDown_id) or option(1111111111111111111111) is NOT present on page.
 
 
 Error msg is :-   Cannot locate element with text: 1111111111111111111111
For documentation on this error, please visit: http://seleniumhq.org/exceptions/no_such_element.html
Build info: version: '3.14.0', revision: 'aacccce0', time: '2018-08-02T20:19:58.91Z'
System info: host: 'DESKTOP-IC0JENF', ip: '172.16.18.8', os.name: 'Windows 10', os.arch: 'amd64', os.version: '10.0', java.version: '1.8.0_271'
Driver info: driver.version: unknown
at com.personal.base.BaseClass.staticDropDown(BaseClass.java:370)
at com.personal.testcases.OpenAccountTest.openAccountMethod(OpenAccountTest.java:22)
at java.util.ArrayList.forEach(ArrayList.java:1259)
... Removed 28 stack frames]]>
    </failure>
  </testcase> <!-- openAccountMethod -->
  <testcase name="@AfterSuite tearDown" time="0.0" classname="com.personal.base.BaseClass">
    <ignored/>
  </testcase> <!-- @AfterSuite tearDown -->
  <testcase name="@AfterSuite tearDown" time="0.0" classname="com.personal.base.BaseClass">
    <ignored/>
  </testcase> <!-- @AfterSuite tearDown -->
  <testcase name="@BeforeSuite setUp" time="0.0" classname="com.personal.base.BaseClass">
    <ignored/>
  </testcase> <!-- @BeforeSuite setUp -->
  <testcase name="@BeforeSuite setUp" time="0.0" classname="com.personal.base.BaseClass">
    <ignored/>
  </testcase> <!-- @BeforeSuite setUp -->
</testsuite> <!-- Bank Manager Login -->
