<?xml version="1.0" encoding="UTF-8"?>
<!-- Generated by org.testng.reporters.JUnitXMLReporter -->
<testsuite hostname="DESKTOP-IC0JENF" ignored="2" name="Customer Login" tests="2" failures="1" timestamp="2021-06-08T17:02:28 IST" time="5.795" errors="0">
  <testcase name="CustomerLoginMethod" time="0.181" classname="com.personal.testcases.CustomerLoginTest">
    <skipped/>
  </testcase> <!-- CustomerLoginMethod -->
  <testcase name="CustomerLoginMethod" time="4.026" classname="com.personal.testcases.CustomerLoginTest">
    <failure type="java.lang.AssertionError" message="locator(CustomerLogin_css) can&amp;apos;t be clicked as it&amp;apos;s NOT present on page.
 
 Error msg is :-   org.openqa.selenium.NoSuchElementException: Unable to locate element: div &amp;gt; div:first-child &amp;gt; button.btn.btn-primary.btn-lg
For documentation on this error, please visit: http://seleniumhq.org/exceptions/no_such_element.html
Build info: version: &amp;apos;3.14.0&amp;apos;, revision: &amp;apos;aacccce0&amp;apos;, time: &amp;apos;2018-08-02T20:19:58.91Z&amp;apos;
System info: host: &amp;apos;DESKTOP-IC0JENF&amp;apos;, ip: &amp;apos;172.16.18.8&amp;apos;, os.name: &amp;apos;Windows 10&amp;apos;, os.arch: &amp;apos;amd64&amp;apos;, os.version: &amp;apos;10.0&amp;apos;, java.version: &amp;apos;1.8.0_271&amp;apos;
Driver info: org.openqa.selenium.firefox.FirefoxDriver
Capabilities {acceptInsecureCerts: true, browserName: firefox, browserVersion: 89.0, javascriptEnabled: true, moz:accessibilityChecks: false, moz:buildID: 20210527174632, moz:geckodriverVersion: 0.29.1, moz:headless: false, moz:processID: 7700, moz:profile: C:\Users\Nishant Guleri\App..., moz:shutdownTimeout: 60000, moz:useNonSpecCompliantPointerOrigin: false, moz:webdriverClick: true, pageLoadStrategy: normal, platform: WINDOWS, platformName: WINDOWS, platformVersion: 10.0, setWindowRect: true, strictFileInteractability: false, timeouts: {implicit: 0, pageLoad: 300000, script: 30000}, unhandledPromptBehavior: dismiss and notify}
Session ID: 99f0c30d-70b0-45a7-8aab-3db32a616f61
*** Element info: {Using=css selector, value=div &amp;gt; div:first-child &amp;gt; button.btn.btn-primary.btn-lg}">
      <![CDATA[java.lang.AssertionError: locator(CustomerLogin_css) can't be clicked as it's NOT present on page.
 
 Error msg is :-   org.openqa.selenium.NoSuchElementException: Unable to locate element: div > div:first-child > button.btn.btn-primary.btn-lg
For documentation on this error, please visit: http://seleniumhq.org/exceptions/no_such_element.html
Build info: version: '3.14.0', revision: 'aacccce0', time: '2018-08-02T20:19:58.91Z'
System info: host: 'DESKTOP-IC0JENF', ip: '172.16.18.8', os.name: 'Windows 10', os.arch: 'amd64', os.version: '10.0', java.version: '1.8.0_271'
Driver info: org.openqa.selenium.firefox.FirefoxDriver
Capabilities {acceptInsecureCerts: true, browserName: firefox, browserVersion: 89.0, javascriptEnabled: true, moz:accessibilityChecks: false, moz:buildID: 20210527174632, moz:geckodriverVersion: 0.29.1, moz:headless: false, moz:processID: 7700, moz:profile: C:\Users\Nishant Guleri\App..., moz:shutdownTimeout: 60000, moz:useNonSpecCompliantPointerOrigin: false, moz:webdriverClick: true, pageLoadStrategy: normal, platform: WINDOWS, platformName: WINDOWS, platformVersion: 10.0, setWindowRect: true, strictFileInteractability: false, timeouts: {implicit: 0, pageLoad: 300000, script: 30000}, unhandledPromptBehavior: dismiss and notify}
Session ID: 99f0c30d-70b0-45a7-8aab-3db32a616f61
*** Element info: {Using=css selector, value=div > div:first-child > button.btn.btn-primary.btn-lg}
at com.personal.base.Locators.failmsg(Locators.java:130)
at com.personal.base.Locators.locator(Locators.java:66)
at com.personal.base.BaseClass.click(BaseClass.java:139)
at com.personal.testcases.CustomerLoginTest.CustomerLoginMethod(CustomerLoginTest.java:16)
at java.util.ArrayList.forEach(ArrayList.java:1259)
... Removed 28 stack frames]]>
    </failure>
  </testcase> <!-- CustomerLoginMethod -->
  <testcase name="@AfterSuite tearDown" time="0.0" classname="com.personal.base.BaseClass">
    <ignored/>
  </testcase> <!-- @AfterSuite tearDown -->
  <testcase name="@BeforeSuite setUp" time="0.0" classname="com.personal.base.BaseClass">
    <ignored/>
  </testcase> <!-- @BeforeSuite setUp -->
</testsuite> <!-- Customer Login -->
