<?xml version="1.0" encoding="UTF-8"?>
<!-- Generated by org.testng.reporters.JUnitXMLReporter -->
<testsuite hostname="DESKTOP-IC0JENF" ignored="6" name="ROUGH" tests="9" failures="2" timestamp="2021-06-11T18:12:45 IST" time="27.993" errors="0">
  <testcase name="loginAsmanagerTest" time="0.409" classname="com.personal.testcases.AddCustomerTest"/>
  <testcase name="addMultipleCustomerTest" time="0.533" classname="com.personal.testcases.AddCustomerTest"/>
  <testcase name="addMultipleCustomerTest" time="0.276" classname="com.personal.testcases.AddCustomerTest"/>
  <testcase name="addMultipleCustomerTest" time="0.309" classname="com.personal.testcases.AddCustomerTest"/>
  <testcase name="openAccountMethod" time="0.722" classname="com.personal.testcases.OpenAccountTest">
    <skipped/>
  </testcase> <!-- openAccountMethod -->
  <testcase name="openAccountMethod" time="0.307" classname="com.personal.testcases.OpenAccountTest">
    <failure type="java.lang.AssertionError" message="locator(Submit_css) can&amp;apos;t be clicked as it&amp;apos;s NOT present on page.
 
 Error msg is :-   org.openqa.selenium.InvalidSelectorException: invalid selector: An invalid or illegal selector was specified
  (Session info: chrome=91.0.4472.77)
For documentation on this error, please visit: http://seleniumhq.org/exceptions/invalid_selector_exception.html
Build info: version: &amp;apos;3.14.0&amp;apos;, revision: &amp;apos;aacccce0&amp;apos;, time: &amp;apos;2018-08-02T20:19:58.91Z&amp;apos;
System info: host: &amp;apos;DESKTOP-IC0JENF&amp;apos;, ip: &amp;apos;172.16.18.8&amp;apos;, os.name: &amp;apos;Windows 10&amp;apos;, os.arch: &amp;apos;amd64&amp;apos;, os.version: &amp;apos;10.0&amp;apos;, java.version: &amp;apos;1.8.0_271&amp;apos;
Driver info: org.openqa.selenium.chrome.ChromeDriver
Capabilities {acceptInsecureCerts: false, browserName: chrome, browserVersion: 91.0.4472.77, chrome: {chromedriverVersion: 90.0.4430.24 (4c6d850f087da..., userDataDir: C:\Users\NISHAN~1\AppData\L...}, goog:chromeOptions: {debuggerAddress: localhost:51178}, javascriptEnabled: true, networkConnectionEnabled: false, pageLoadStrategy: normal, platform: WINDOWS, platformName: WINDOWS, proxy: Proxy(), setWindowRect: true, strictFileInteractability: false, timeouts: {implicit: 0, pageLoad: 300000, script: 30000}, unhandledPromptBehavior: dismiss and notify, webauthn:extension:largeBlob: true, webauthn:virtualAuthenticators: true}
Session ID: 3af99f79ca22f2222302c329b99e1241
*** Element info: {Using=css selector, value=button[type=&amp;apos;submit&amp;apos;]1111111}">
      <![CDATA[java.lang.AssertionError: locator(Submit_css) can't be clicked as it's NOT present on page.
 
 Error msg is :-   org.openqa.selenium.InvalidSelectorException: invalid selector: An invalid or illegal selector was specified
  (Session info: chrome=91.0.4472.77)
For documentation on this error, please visit: http://seleniumhq.org/exceptions/invalid_selector_exception.html
Build info: version: '3.14.0', revision: 'aacccce0', time: '2018-08-02T20:19:58.91Z'
System info: host: 'DESKTOP-IC0JENF', ip: '172.16.18.8', os.name: 'Windows 10', os.arch: 'amd64', os.version: '10.0', java.version: '1.8.0_271'
Driver info: org.openqa.selenium.chrome.ChromeDriver
Capabilities {acceptInsecureCerts: false, browserName: chrome, browserVersion: 91.0.4472.77, chrome: {chromedriverVersion: 90.0.4430.24 (4c6d850f087da..., userDataDir: C:\Users\NISHAN~1\AppData\L...}, goog:chromeOptions: {debuggerAddress: localhost:51178}, javascriptEnabled: true, networkConnectionEnabled: false, pageLoadStrategy: normal, platform: WINDOWS, platformName: WINDOWS, proxy: Proxy(), setWindowRect: true, strictFileInteractability: false, timeouts: {implicit: 0, pageLoad: 300000, script: 30000}, unhandledPromptBehavior: dismiss and notify, webauthn:extension:largeBlob: true, webauthn:virtualAuthenticators: true}
Session ID: 3af99f79ca22f2222302c329b99e1241
*** Element info: {Using=css selector, value=button[type='submit']1111111}
at com.personal.base.subClass.failmsg(subClass.java:251)
at com.personal.base.subClass.locator(subClass.java:77)
at com.personal.base.BaseClass.click(BaseClass.java:136)
at com.personal.testcases.OpenAccountTest.openAccountMethod(OpenAccountTest.java:18)
at java.util.ArrayList.forEach(ArrayList.java:1259)
... Removed 28 stack frames]]>
    </failure>
  </testcase> <!-- openAccountMethod -->
  <testcase name="openAccountMethod" time="0.465" classname="com.personal.testcases.OpenAccountTest">
    <skipped/>
  </testcase> <!-- openAccountMethod -->
  <testcase name="openAccountMethod" time="0.332" classname="com.personal.testcases.OpenAccountTest">
    <failure type="java.lang.AssertionError" message="locator(Submit_css) can&amp;apos;t be clicked as it&amp;apos;s NOT present on page.
 
 Error msg is :-   org.openqa.selenium.InvalidSelectorException: invalid selector: An invalid or illegal selector was specified
  (Session info: chrome=91.0.4472.77)
For documentation on this error, please visit: http://seleniumhq.org/exceptions/invalid_selector_exception.html
Build info: version: &amp;apos;3.14.0&amp;apos;, revision: &amp;apos;aacccce0&amp;apos;, time: &amp;apos;2018-08-02T20:19:58.91Z&amp;apos;
System info: host: &amp;apos;DESKTOP-IC0JENF&amp;apos;, ip: &amp;apos;172.16.18.8&amp;apos;, os.name: &amp;apos;Windows 10&amp;apos;, os.arch: &amp;apos;amd64&amp;apos;, os.version: &amp;apos;10.0&amp;apos;, java.version: &amp;apos;1.8.0_271&amp;apos;
Driver info: org.openqa.selenium.chrome.ChromeDriver
Capabilities {acceptInsecureCerts: false, browserName: chrome, browserVersion: 91.0.4472.77, chrome: {chromedriverVersion: 90.0.4430.24 (4c6d850f087da..., userDataDir: C:\Users\NISHAN~1\AppData\L...}, goog:chromeOptions: {debuggerAddress: localhost:51178}, javascriptEnabled: true, networkConnectionEnabled: false, pageLoadStrategy: normal, platform: WINDOWS, platformName: WINDOWS, proxy: Proxy(), setWindowRect: true, strictFileInteractability: false, timeouts: {implicit: 0, pageLoad: 300000, script: 30000}, unhandledPromptBehavior: dismiss and notify, webauthn:extension:largeBlob: true, webauthn:virtualAuthenticators: true}
Session ID: 3af99f79ca22f2222302c329b99e1241
*** Element info: {Using=css selector, value=button[type=&amp;apos;submit&amp;apos;]1111111}">
      <![CDATA[java.lang.AssertionError: locator(Submit_css) can't be clicked as it's NOT present on page.
 
 Error msg is :-   org.openqa.selenium.InvalidSelectorException: invalid selector: An invalid or illegal selector was specified
  (Session info: chrome=91.0.4472.77)
For documentation on this error, please visit: http://seleniumhq.org/exceptions/invalid_selector_exception.html
Build info: version: '3.14.0', revision: 'aacccce0', time: '2018-08-02T20:19:58.91Z'
System info: host: 'DESKTOP-IC0JENF', ip: '172.16.18.8', os.name: 'Windows 10', os.arch: 'amd64', os.version: '10.0', java.version: '1.8.0_271'
Driver info: org.openqa.selenium.chrome.ChromeDriver
Capabilities {acceptInsecureCerts: false, browserName: chrome, browserVersion: 91.0.4472.77, chrome: {chromedriverVersion: 90.0.4430.24 (4c6d850f087da..., userDataDir: C:\Users\NISHAN~1\AppData\L...}, goog:chromeOptions: {debuggerAddress: localhost:51178}, javascriptEnabled: true, networkConnectionEnabled: false, pageLoadStrategy: normal, platform: WINDOWS, platformName: WINDOWS, proxy: Proxy(), setWindowRect: true, strictFileInteractability: false, timeouts: {implicit: 0, pageLoad: 300000, script: 30000}, unhandledPromptBehavior: dismiss and notify, webauthn:extension:largeBlob: true, webauthn:virtualAuthenticators: true}
Session ID: 3af99f79ca22f2222302c329b99e1241
*** Element info: {Using=css selector, value=button[type='submit']1111111}
at com.personal.base.subClass.failmsg(subClass.java:251)
at com.personal.base.subClass.locator(subClass.java:77)
at com.personal.base.BaseClass.click(BaseClass.java:136)
at com.personal.testcases.OpenAccountTest.openAccountMethod(OpenAccountTest.java:18)
at java.util.ArrayList.forEach(ArrayList.java:1259)
... Removed 28 stack frames]]>
    </failure>
  </testcase> <!-- openAccountMethod -->
  <testcase name="customerLoginMethod" time="0.0" classname="com.personal.testcases.CustomerLoginTest">
    <skipped/>
  </testcase> <!-- customerLoginMethod -->
  <testcase name="@AfterTest tearDown" time="0.0" classname="com.personal.base.BaseClass">
    <ignored/>
  </testcase> <!-- @AfterTest tearDown -->
  <testcase name="@AfterTest tearDown" time="0.0" classname="com.personal.base.BaseClass">
    <ignored/>
  </testcase> <!-- @AfterTest tearDown -->
  <testcase name="@AfterTest tearDown" time="0.0" classname="com.personal.base.BaseClass">
    <ignored/>
  </testcase> <!-- @AfterTest tearDown -->
  <testcase name="@BeforeTest setUp" time="0.0" classname="com.personal.base.BaseClass">
    <ignored/>
  </testcase> <!-- @BeforeTest setUp -->
  <testcase name="@BeforeTest setUp" time="0.0" classname="com.personal.base.BaseClass">
    <ignored/>
  </testcase> <!-- @BeforeTest setUp -->
  <testcase name="@BeforeTest setUp" time="0.0" classname="com.personal.base.BaseClass">
    <ignored/>
  </testcase> <!-- @BeforeTest setUp -->
</testsuite> <!-- ROUGH -->
