16:37:47.148 [main] INFO  com.personal.base.BaseClass - FIREFOX browser opened 'http://www.way2automation.com/angularjs-protractor/banking/#/login' website successfully
16:37:47.175 [main] DEBUG com.personal.base.BaseClass - Implicit wait set to - 4seconds   &  pageload timeout set to - 8seconds
16:37:47.192 [main] DEBUG com.personal.base.BaseClass - window maximized
16:37:47.226 [main] INFO  com.personal.base.BaseClass - EXECUTION OF loginAsmanagerTest HAS BEGUN
16:37:47.227 [main] INFO  com.personal.base.BaseClass - description of testcase:- BANK MANAGER LOGIN - login as bank manager and checking availability of ADD CUSTOMER TAB on screen
16:37:48.258 [main] DEBUG com.personal.base.BaseClass - visibilityOfElementLocated timeout for locator(BankMangLogin_css) set to 10 seconds. locator(BankMangLogin_css) clicked successfully
16:37:48.265 [main] INFO  com.personal.base.BaseClass - ASSERT :- 'Protractor practice website - Banking App' is correct title
16:37:48.275 [main] INFO  com.personal.base.BaseClass - VERIFY :- locator(AddCustomerButton_xpath) is present on page
16:37:48.383 [main] DEBUG com.personal.base.BaseClass - locator(AddCustomerButton_xpath) clicked successfully
16:37:48.387 [main] INFO  com.personal.base.BaseClass - loginAsmanagerTest HAS PASSED
16:37:49.212 [main] INFO  com.personal.base.BaseClass - EXECUTION OF addMultipleCustomerTest HAS BEGUN
16:37:49.212 [main] INFO  com.personal.base.BaseClass - description of testcase:- BANK MANAGER LOGIN > ADD CUSTOMER TAB - adding multiple customers
16:37:49.274 [main] DEBUG com.personal.base.BaseClass - locator(FirstName_css) filled with value 'Shiv' successfully
16:37:49.330 [main] DEBUG com.personal.base.BaseClass - locator(LastName_css) filled with value 'Sahil' successfully
16:37:49.372 [main] DEBUG com.personal.base.BaseClass - locator(PinCode_css) filled with value '160014' successfully
16:37:49.435 [main] DEBUG com.personal.base.BaseClass - locator(AddCustomer_xpath) clicked successfully
16:37:49.455 [main] INFO  com.personal.base.BaseClass - VERIFY :- text(Customer added successfully with customer id) is present in Alert Box
16:37:49.471 [main] DEBUG com.personal.base.BaseClass -  Action(accept) successfully taken on Alert, present on page
16:37:49.472 [main] INFO  com.personal.base.BaseClass - addMultipleCustomerTest HAS PASSED
16:37:49.481 [main] INFO  com.personal.base.BaseClass - EXECUTION OF addMultipleCustomerTest HAS BEGUN
16:37:49.481 [main] INFO  com.personal.base.BaseClass - description of testcase:- BANK MANAGER LOGIN > ADD CUSTOMER TAB - adding multiple customers
16:37:49.525 [main] DEBUG com.personal.base.BaseClass - locator(FirstName_css) filled with value 'Sahil' successfully
16:37:49.558 [main] DEBUG com.personal.base.BaseClass - locator(LastName_css) filled with value 'Guleri' successfully
16:37:49.602 [main] DEBUG com.personal.base.BaseClass - locator(PinCode_css) filled with value '3967' successfully
16:37:49.643 [main] DEBUG com.personal.base.BaseClass - locator(AddCustomer_xpath) clicked successfully
16:37:49.659 [main] INFO  com.personal.base.BaseClass - VERIFY :- text(Customer added successfully with customer id) is present in Alert Box
16:37:49.682 [main] DEBUG com.personal.base.BaseClass -  Action(accept) successfully taken on Alert, present on page
16:37:49.684 [main] INFO  com.personal.base.BaseClass - addMultipleCustomerTest HAS PASSED
16:37:49.694 [main] INFO  com.personal.base.BaseClass - EXECUTION OF addMultipleCustomerTest HAS BEGUN
16:37:49.694 [main] INFO  com.personal.base.BaseClass - description of testcase:- BANK MANAGER LOGIN > ADD CUSTOMER TAB - adding multiple customers
16:37:49.739 [main] DEBUG com.personal.base.BaseClass - locator(FirstName_css) filled with value 'No' successfully
16:37:49.775 [main] DEBUG com.personal.base.BaseClass - locator(LastName_css) filled with value 'Cust' successfully
16:37:49.807 [main] DEBUG com.personal.base.BaseClass - locator(PinCode_css) filled with value '1332' successfully
16:37:49.844 [main] DEBUG com.personal.base.BaseClass - locator(AddCustomer_xpath) clicked successfully
16:37:49.858 [main] INFO  com.personal.base.BaseClass - VERIFY :- text(Customer added successfully with customer id) is present in Alert Box
16:37:49.883 [main] DEBUG com.personal.base.BaseClass -  Action(accept) successfully taken on Alert, present on page
16:37:49.884 [main] INFO  com.personal.base.BaseClass - addMultipleCustomerTest HAS PASSED
16:37:50.004 [main] DEBUG com.personal.base.BaseClass - locator(OpenAccountTab_xpath) clicked successfully
16:37:50.031 [main] INFO  com.personal.base.BaseClass - EXECUTION OF openAccountMethod HAS BEGUN
16:37:50.031 [main] INFO  com.personal.base.BaseClass - description of testcase:- BANK MANAGER LOGIN > OPEN CUSTOMER TAB - opening multiple customers account
16:37:50.304 [main] DEBUG com.personal.base.BaseClass - option(Sahil Guleri) selected successfully on dropdown(CustomerDropDown_id)
16:37:50.602 [main] DEBUG com.personal.base.BaseClass - option(Pound) selected successfully on dropdown(CurrencyDropDown_id)
16:37:50.663 [main] DEBUG com.personal.base.BaseClass - locator(Submit_css) clicked successfully
16:37:50.686 [main] INFO  com.personal.base.BaseClass - VERIFY :- text(Account created successfully with account Number :) is present in Alert Box
16:37:50.708 [main] DEBUG com.personal.base.BaseClass -  Action(accept) successfully taken on Alert, present on page
16:37:50.710 [main] INFO  com.personal.base.BaseClass - openAccountMethod HAS PASSED
16:37:50.722 [main] INFO  com.personal.base.BaseClass - EXECUTION OF openAccountMethod HAS BEGUN
16:37:50.722 [main] INFO  com.personal.base.BaseClass - description of testcase:- BANK MANAGER LOGIN > OPEN CUSTOMER TAB - opening multiple customers account
16:37:50.989 [main] DEBUG com.personal.base.BaseClass - option(Shiv Sahil) selected successfully on dropdown(CustomerDropDown_id)
16:37:51.272 [main] DEBUG com.personal.base.BaseClass - option(Rupee) selected successfully on dropdown(CurrencyDropDown_id)
16:37:51.324 [main] DEBUG com.personal.base.BaseClass - locator(Submit_css) clicked successfully
16:37:51.342 [main] INFO  com.personal.base.BaseClass - VERIFY :- text(Account created successfully with account Number :) is present in Alert Box
16:37:51.365 [main] DEBUG com.personal.base.BaseClass -  Action(accept) successfully taken on Alert, present on page
16:37:51.366 [main] INFO  com.personal.base.BaseClass - openAccountMethod HAS PASSED
16:37:51.419 [main] DEBUG com.personal.base.BaseClass - locator(Hometab_xpath) clicked successfully
16:37:51.449 [main] INFO  com.personal.base.BaseClass - EXECUTION OF CustomerLoginMethod HAS BEGUN
16:37:51.449 [main] INFO  com.personal.base.BaseClass - description of testcase:- CUSTOMER LOGIN - login as customer
16:37:51.539 [main] DEBUG com.personal.base.BaseClass - locator(CustomerLogin_css) clicked successfully
16:37:51.800 [main] DEBUG com.personal.base.BaseClass - option(Shiv Sahil) selected successfully on dropdown(YourNameDropDown_name)
16:37:52.017 [main] DEBUG com.personal.base.BaseClass - elementToBeClickable timeout for locator(LoginBtn_xpath) set to 1 seconds. locator(LoginBtn_xpath) clicked successfully
16:37:52.033 [main] INFO  com.personal.base.BaseClass - ASSERT :- locator(Transaction_css) is present on page
16:37:52.078 [main] DEBUG com.personal.base.BaseClass - locator(LogoutBtn_css) clicked successfully
16:37:52.348 [main] DEBUG com.personal.base.BaseClass - option(No Cust) selected successfully on dropdown(YourNameDropDown_name)
16:37:52.442 [main] DEBUG com.personal.base.BaseClass - elementToBeClickable timeout for locator(LoginBtn_xpath) set to 1 seconds. locator(LoginBtn_xpath) clicked successfully
16:37:52.480 [main] DEBUG com.personal.base.BaseClass - locator(LogoutBtn_css) clicked successfully
16:37:52.481 [main] INFO  com.personal.base.BaseClass - CustomerLoginMethod HAS PASSED
16:37:53.208 [main] INFO  com.personal.base.BaseClass - FIREFOX BROWSER CLOSED
16:37:53.208 [main] DEBUG com.personal.base.BaseClass - -------------------------------------------------------------------------------------------------
16:59:39.266 [main] INFO  com.personal.base.BaseClass - FIREFOX browser opened 'http://www.way2automation.com/angularjs-protractor/banking/#/login' website successfully
16:59:39.303 [main] DEBUG com.personal.base.BaseClass - Implicit wait set to - 4seconds   &  pageload timeout set to - 8seconds
16:59:39.322 [main] DEBUG com.personal.base.BaseClass - window maximized
16:59:39.355 [main] INFO  com.personal.base.BaseClass - EXECUTION OF loginAsmanagerTest HAS BEGUN
16:59:39.356 [main] INFO  com.personal.base.BaseClass - description of testcase:- BANK MANAGER LOGIN - login as bank manager and checking availability of ADD CUSTOMER TAB on screen
16:59:40.718 [main] DEBUG com.personal.base.BaseClass - visibilityOfElementLocated timeout for locator(BankMangLogin_css) set to 10 seconds. locator(BankMangLogin_css) clicked successfully
16:59:40.722 [main] INFO  com.personal.base.BaseClass - ASSERT :- 'Protractor practice website - Banking App' is correct title
16:59:40.748 [main] INFO  com.personal.base.BaseClass - VERIFY :- locator(AddCustomerButton_xpath) is present on page
16:59:40.853 [main] DEBUG com.personal.base.BaseClass - locator(AddCustomerButton_xpath) clicked successfully
16:59:40.859 [main] INFO  com.personal.base.BaseClass - loginAsmanagerTest HAS PASSED
16:59:41.630 [main] INFO  com.personal.base.BaseClass - EXECUTION OF addMultipleCustomerTest HAS BEGUN
16:59:41.630 [main] INFO  com.personal.base.BaseClass - description of testcase:- BANK MANAGER LOGIN > ADD CUSTOMER TAB - adding multiple customers
16:59:41.677 [main] DEBUG com.personal.base.BaseClass - locator(FirstName_css) filled with value 'Shiv' successfully
16:59:41.721 [main] DEBUG com.personal.base.BaseClass - locator(LastName_css) filled with value 'Sahil' successfully
16:59:41.753 [main] DEBUG com.personal.base.BaseClass - locator(PinCode_css) filled with value '160014' successfully
16:59:41.816 [main] DEBUG com.personal.base.BaseClass - locator(AddCustomer_xpath) clicked successfully
16:59:41.835 [main] INFO  com.personal.base.BaseClass - VERIFY :- text(Customer added successfully with customer id) is present in Alert Box
16:59:41.855 [main] DEBUG com.personal.base.BaseClass -  Action(accept) successfully taken on Alert, present on page
16:59:41.857 [main] INFO  com.personal.base.BaseClass - addMultipleCustomerTest HAS PASSED
16:59:41.867 [main] INFO  com.personal.base.BaseClass - EXECUTION OF addMultipleCustomerTest HAS BEGUN
16:59:41.868 [main] INFO  com.personal.base.BaseClass - description of testcase:- BANK MANAGER LOGIN > ADD CUSTOMER TAB - adding multiple customers
16:59:41.905 [main] DEBUG com.personal.base.BaseClass - locator(FirstName_css) filled with value 'Sahil' successfully
16:59:41.941 [main] DEBUG com.personal.base.BaseClass - locator(LastName_css) filled with value 'Guleri' successfully
16:59:41.968 [main] DEBUG com.personal.base.BaseClass - locator(PinCode_css) filled with value '3967' successfully
16:59:42.011 [main] DEBUG com.personal.base.BaseClass - locator(AddCustomer_xpath) clicked successfully
16:59:42.026 [main] INFO  com.personal.base.BaseClass - VERIFY :- text(Customer added successfully with customer id) is present in Alert Box
16:59:42.044 [main] DEBUG com.personal.base.BaseClass -  Action(accept) successfully taken on Alert, present on page
16:59:42.045 [main] INFO  com.personal.base.BaseClass - addMultipleCustomerTest HAS PASSED
16:59:42.056 [main] INFO  com.personal.base.BaseClass - EXECUTION OF addMultipleCustomerTest HAS BEGUN
16:59:42.057 [main] INFO  com.personal.base.BaseClass - description of testcase:- BANK MANAGER LOGIN > ADD CUSTOMER TAB - adding multiple customers
16:59:42.092 [main] DEBUG com.personal.base.BaseClass - locator(FirstName_css) filled with value 'No' successfully
16:59:42.128 [main] DEBUG com.personal.base.BaseClass - locator(LastName_css) filled with value 'Cust' successfully
16:59:42.163 [main] DEBUG com.personal.base.BaseClass - locator(PinCode_css) filled with value '1332' successfully
16:59:42.211 [main] DEBUG com.personal.base.BaseClass - locator(AddCustomer_xpath) clicked successfully
16:59:42.223 [main] INFO  com.personal.base.BaseClass - VERIFY :- text(Customer added successfully with customer id) is present in Alert Box
16:59:42.254 [main] DEBUG com.personal.base.BaseClass -  Action(accept) successfully taken on Alert, present on page
16:59:42.256 [main] INFO  com.personal.base.BaseClass - addMultipleCustomerTest HAS PASSED
16:59:42.426 [main] DEBUG com.personal.base.BaseClass - locator(OpenAccountTab_xpath) clicked successfully
16:59:42.452 [main] INFO  com.personal.base.BaseClass - EXECUTION OF openAccountMethod HAS BEGUN
16:59:42.452 [main] INFO  com.personal.base.BaseClass - description of testcase:- BANK MANAGER LOGIN > OPEN CUSTOMER TAB - opening multiple customers account
16:59:42.496 [main] ERROR com.personal.base.BaseClass - option($%#%#%#@^) is NOT selected on dropdown(CustomerDropDown_id). Either dropdown(CustomerDropDown_id) or option($%#%#%#@^) is NOT present on page.
16:59:42.498 [main] WARN  com.personal.base.BaseClass - openAccountMethod method is being re-run for count (1).Check exception below :---  
16:59:42.499 [main] WARN  com.personal.base.BaseClass - java.lang.AssertionError: option($%#%#%#@^) is NOT selected on dropdown(CustomerDropDown_id). Either dropdown(CustomerDropDown_id) or option($%#%#%#@^) is NOT present on page.
16:59:44.056 [main] INFO  com.personal.base.BaseClass - EXECUTION OF openAccountMethod HAS BEGUN
16:59:44.056 [main] INFO  com.personal.base.BaseClass - description of testcase:- BANK MANAGER LOGIN > OPEN CUSTOMER TAB - opening multiple customers account
16:59:44.098 [main] ERROR com.personal.base.BaseClass - option($%#%#%#@^) is NOT selected on dropdown(CustomerDropDown_id). Either dropdown(CustomerDropDown_id) or option($%#%#%#@^) is NOT present on page.
16:59:44.100 [main] FATAL com.personal.base.BaseClass - java.lang.AssertionError: option($%#%#%#@^) is NOT selected on dropdown(CustomerDropDown_id). Either dropdown(CustomerDropDown_id) or option($%#%#%#@^) is NOT present on page.
16:59:44.100 [main] ERROR com.personal.base.BaseClass - openAccountMethod HAS FAILED 
16:59:44.154 [main] DEBUG com.personal.base.BaseClass - Screenshot(08_June_04_PM_59_44_100OPENACCOUNTMETHOD.png) of openAccountMethod method taken successfully
16:59:44.154 [main] DEBUG com.personal.base.BaseClass - Screenshot of openAccountMethod method successfully attached to report 
16:59:44.185 [main] INFO  com.personal.base.BaseClass - EXECUTION OF openAccountMethod HAS BEGUN
16:59:44.185 [main] INFO  com.personal.base.BaseClass - description of testcase:- BANK MANAGER LOGIN > OPEN CUSTOMER TAB - opening multiple customers account
16:59:44.225 [main] ERROR com.personal.base.BaseClass - option($%#%#%#@^) is NOT selected on dropdown(CustomerDropDown_id). Either dropdown(CustomerDropDown_id) or option($%#%#%#@^) is NOT present on page.
16:59:44.225 [main] WARN  com.personal.base.BaseClass - openAccountMethod method is being re-run for count (1).Check exception below :---  
16:59:44.225 [main] WARN  com.personal.base.BaseClass - java.lang.AssertionError: option($%#%#%#@^) is NOT selected on dropdown(CustomerDropDown_id). Either dropdown(CustomerDropDown_id) or option($%#%#%#@^) is NOT present on page.
16:59:45.785 [main] INFO  com.personal.base.BaseClass - EXECUTION OF openAccountMethod HAS BEGUN
16:59:45.785 [main] INFO  com.personal.base.BaseClass - description of testcase:- BANK MANAGER LOGIN > OPEN CUSTOMER TAB - opening multiple customers account
16:59:45.834 [main] ERROR com.personal.base.BaseClass - option($%#%#%#@^) is NOT selected on dropdown(CustomerDropDown_id). Either dropdown(CustomerDropDown_id) or option($%#%#%#@^) is NOT present on page.
16:59:45.835 [main] FATAL com.personal.base.BaseClass - java.lang.AssertionError: option($%#%#%#@^) is NOT selected on dropdown(CustomerDropDown_id). Either dropdown(CustomerDropDown_id) or option($%#%#%#@^) is NOT present on page.
16:59:45.836 [main] ERROR com.personal.base.BaseClass - openAccountMethod HAS FAILED 
16:59:45.873 [main] DEBUG com.personal.base.BaseClass - Screenshot(08_June_04_PM_59_45_836OPENACCOUNTMETHOD.png) of openAccountMethod method taken successfully
16:59:45.873 [main] DEBUG com.personal.base.BaseClass - Screenshot of openAccountMethod method successfully attached to report 
16:59:45.927 [main] DEBUG com.personal.base.BaseClass - locator(Hometab_xpath) clicked successfully
16:59:45.961 [main] INFO  com.personal.base.BaseClass - EXECUTION OF CustomerLoginMethod HAS BEGUN
16:59:45.961 [main] INFO  com.personal.base.BaseClass - description of testcase:- CUSTOMER LOGIN - login as customer
16:59:46.095 [main] DEBUG com.personal.base.BaseClass - locator(CustomerLogin_css) clicked successfully
16:59:46.147 [main] ERROR com.personal.base.BaseClass - option(Shiv Sahil) is NOT selected on dropdown(YourNameDropDown_name). Either dropdown(YourNameDropDown_name) or option(Shiv Sahil) is NOT present on page.
16:59:46.147 [main] WARN  com.personal.base.BaseClass - CustomerLoginMethod method is being re-run for count (1).Check exception below :---  
16:59:46.147 [main] WARN  com.personal.base.BaseClass - java.lang.AssertionError: option(Shiv Sahil) is NOT selected on dropdown(YourNameDropDown_name). Either dropdown(YourNameDropDown_name) or option(Shiv Sahil) is NOT present on page.
16:59:47.664 [main] INFO  com.personal.base.BaseClass - EXECUTION OF CustomerLoginMethod HAS BEGUN
16:59:47.665 [main] INFO  com.personal.base.BaseClass - description of testcase:- CUSTOMER LOGIN - login as customer
16:59:51.699 [main] ERROR com.personal.base.BaseClass - locator(CustomerLogin_css) can't be clicked as it's NOT present on page.
 
 Error msg is :-   org.openqa.selenium.NoSuchElementException: Unable to locate element: div > div:first-child > button.btn.btn-primary.btn-lg
For documentation on this error, please visit: http://seleniumhq.org/exceptions/no_such_element.html
Build info: version: '3.14.0', revision: 'aacccce0', time: '2018-08-02T20:19:58.91Z'
System info: host: 'DESKTOP-IC0JENF', ip: '172.16.18.8', os.name: 'Windows 10', os.arch: 'amd64', os.version: '10.0', java.version: '1.8.0_271'
Driver info: org.openqa.selenium.firefox.FirefoxDriver
Capabilities {acceptInsecureCerts: true, browserName: firefox, browserVersion: 89.0, javascriptEnabled: true, moz:accessibilityChecks: false, moz:buildID: 20210527174632, moz:geckodriverVersion: 0.29.1, moz:headless: false, moz:processID: 11564, moz:profile: C:\Users\Nishant Guleri\App..., moz:shutdownTimeout: 60000, moz:useNonSpecCompliantPointerOrigin: false, moz:webdriverClick: true, pageLoadStrategy: normal, platform: WINDOWS, platformName: WINDOWS, platformVersion: 10.0, setWindowRect: true, strictFileInteractability: false, timeouts: {implicit: 0, pageLoad: 300000, script: 30000}, unhandledPromptBehavior: dismiss and notify}
Session ID: 3703d79c-45f8-42ea-9408-1e339e618d81
*** Element info: {Using=css selector, value=div > div:first-child > button.btn.btn-primary.btn-lg}
16:59:51.700 [main] FATAL com.personal.base.BaseClass - java.lang.AssertionError: locator(CustomerLogin_css) can't be clicked as it's NOT present on page.
 
 Error msg is :-   org.openqa.selenium.NoSuchElementException: Unable to locate element: div > div:first-child > button.btn.btn-primary.btn-lg
For documentation on this error, please visit: http://seleniumhq.org/exceptions/no_such_element.html
Build info: version: '3.14.0', revision: 'aacccce0', time: '2018-08-02T20:19:58.91Z'
System info: host: 'DESKTOP-IC0JENF', ip: '172.16.18.8', os.name: 'Windows 10', os.arch: 'amd64', os.version: '10.0', java.version: '1.8.0_271'
Driver info: org.openqa.selenium.firefox.FirefoxDriver
Capabilities {acceptInsecureCerts: true, browserName: firefox, browserVersion: 89.0, javascriptEnabled: true, moz:accessibilityChecks: false, moz:buildID: 20210527174632, moz:geckodriverVersion: 0.29.1, moz:headless: false, moz:processID: 11564, moz:profile: C:\Users\Nishant Guleri\App..., moz:shutdownTimeout: 60000, moz:useNonSpecCompliantPointerOrigin: false, moz:webdriverClick: true, pageLoadStrategy: normal, platform: WINDOWS, platformName: WINDOWS, platformVersion: 10.0, setWindowRect: true, strictFileInteractability: false, timeouts: {implicit: 0, pageLoad: 300000, script: 30000}, unhandledPromptBehavior: dismiss and notify}
Session ID: 3703d79c-45f8-42ea-9408-1e339e618d81
*** Element info: {Using=css selector, value=div > div:first-child > button.btn.btn-primary.btn-lg}
16:59:51.700 [main] ERROR com.personal.base.BaseClass - CustomerLoginMethod HAS FAILED 
16:59:51.740 [main] DEBUG com.personal.base.BaseClass - Screenshot(08_June_04_PM_59_51_700CUSTOMERLOGINMETHOD.png) of CustomerLoginMethod method taken successfully
16:59:51.741 [main] DEBUG com.personal.base.BaseClass - Screenshot of CustomerLoginMethod method successfully attached to report 
16:59:52.658 [main] INFO  com.personal.base.BaseClass - FIREFOX BROWSER CLOSED
16:59:52.658 [main] DEBUG com.personal.base.BaseClass - -------------------------------------------------------------------------------------------------
17:01:01.700 [main] INFO  com.personal.base.BaseClass - FIREFOX browser opened 'http://www.way2automation.com/angularjs-protractor/banking/#/login' website successfully
17:01:01.736 [main] DEBUG com.personal.base.BaseClass - Implicit wait set to - 4seconds   &  pageload timeout set to - 8seconds
17:01:01.750 [main] DEBUG com.personal.base.BaseClass - window maximized
17:01:01.791 [main] INFO  com.personal.base.BaseClass - EXECUTION OF loginAsmanagerTest HAS BEGUN
17:01:01.791 [main] INFO  com.personal.base.BaseClass - description of testcase:- BANK MANAGER LOGIN - login as bank manager and checking availability of ADD CUSTOMER TAB on screen
17:01:02.816 [main] DEBUG com.personal.base.BaseClass - visibilityOfElementLocated timeout for locator(BankMangLogin_css) set to 10 seconds. locator(BankMangLogin_css) clicked successfully
17:01:02.820 [main] INFO  com.personal.base.BaseClass - ASSERT :- 'Protractor practice website - Banking App' is correct title
17:01:02.843 [main] INFO  com.personal.base.BaseClass - VERIFY :- locator(AddCustomerButton_xpath) is present on page
17:01:02.960 [main] DEBUG com.personal.base.BaseClass - locator(AddCustomerButton_xpath) clicked successfully
17:01:02.963 [main] INFO  com.personal.base.BaseClass - loginAsmanagerTest HAS PASSED
17:01:03.737 [main] INFO  com.personal.base.BaseClass - EXECUTION OF addMultipleCustomerTest HAS BEGUN
17:01:03.738 [main] INFO  com.personal.base.BaseClass - description of testcase:- BANK MANAGER LOGIN > ADD CUSTOMER TAB - adding multiple customers
17:01:03.787 [main] DEBUG com.personal.base.BaseClass - locator(FirstName_css) filled with value 'Shiv' successfully
17:01:03.829 [main] DEBUG com.personal.base.BaseClass - locator(LastName_css) filled with value 'Sahil' successfully
17:01:03.908 [main] DEBUG com.personal.base.BaseClass - locator(PinCode_css) filled with value '160014' successfully
17:01:03.957 [main] DEBUG com.personal.base.BaseClass - locator(AddCustomer_xpath) clicked successfully
17:01:03.974 [main] INFO  com.personal.base.BaseClass - VERIFY :- text(Customer added successfully with customer id) is present in Alert Box
17:01:04.000 [main] DEBUG com.personal.base.BaseClass -  Action(accept) successfully taken on Alert, present on page
17:01:04.002 [main] INFO  com.personal.base.BaseClass - addMultipleCustomerTest HAS PASSED
17:01:04.012 [main] INFO  com.personal.base.BaseClass - EXECUTION OF addMultipleCustomerTest HAS BEGUN
17:01:04.012 [main] INFO  com.personal.base.BaseClass - description of testcase:- BANK MANAGER LOGIN > ADD CUSTOMER TAB - adding multiple customers
17:01:04.047 [main] DEBUG com.personal.base.BaseClass - locator(FirstName_css) filled with value 'Sahil' successfully
17:01:04.082 [main] DEBUG com.personal.base.BaseClass - locator(LastName_css) filled with value 'Guleri' successfully
17:01:04.127 [main] DEBUG com.personal.base.BaseClass - locator(PinCode_css) filled with value '3967' successfully
17:01:04.181 [main] DEBUG com.personal.base.BaseClass - locator(AddCustomer_xpath) clicked successfully
17:01:04.197 [main] INFO  com.personal.base.BaseClass - VERIFY :- text(Customer added successfully with customer id) is present in Alert Box
17:01:04.211 [main] DEBUG com.personal.base.BaseClass -  Action(accept) successfully taken on Alert, present on page
17:01:04.214 [main] INFO  com.personal.base.BaseClass - addMultipleCustomerTest HAS PASSED
17:01:04.226 [main] INFO  com.personal.base.BaseClass - EXECUTION OF addMultipleCustomerTest HAS BEGUN
17:01:04.226 [main] INFO  com.personal.base.BaseClass - description of testcase:- BANK MANAGER LOGIN > ADD CUSTOMER TAB - adding multiple customers
17:01:04.261 [main] DEBUG com.personal.base.BaseClass - locator(FirstName_css) filled with value 'No' successfully
17:01:04.309 [main] DEBUG com.personal.base.BaseClass - locator(LastName_css) filled with value 'Cust' successfully
17:01:04.338 [main] DEBUG com.personal.base.BaseClass - locator(PinCode_css) filled with value '1332' successfully
17:01:04.378 [main] DEBUG com.personal.base.BaseClass - locator(AddCustomer_xpath) clicked successfully
17:01:04.394 [main] INFO  com.personal.base.BaseClass - VERIFY :- text(Customer added successfully with customer id) is present in Alert Box
17:01:04.422 [main] DEBUG com.personal.base.BaseClass -  Action(accept) successfully taken on Alert, present on page
17:01:04.425 [main] INFO  com.personal.base.BaseClass - addMultipleCustomerTest HAS PASSED
17:01:04.583 [main] DEBUG com.personal.base.BaseClass - locator(OpenAccountTab_xpath) clicked successfully
17:01:04.632 [main] INFO  com.personal.base.BaseClass - EXECUTION OF openAccountMethod HAS BEGUN
17:01:04.632 [main] INFO  com.personal.base.BaseClass - description of testcase:- BANK MANAGER LOGIN > OPEN CUSTOMER TAB - opening multiple customers account
17:01:08.669 [main] ERROR com.personal.base.BaseClass - option(Sahil Guleri) is NOT selected on dropdown(CustomerDropDown_id). Either dropdown(CustomerDropDown_id) or option(Sahil Guleri) is NOT present on page.
 
 
 Error msg is :-   org.openqa.selenium.NoSuchElementException: Unable to locate element: #userSelect111111111111111111111111
For documentation on this error, please visit: http://seleniumhq.org/exceptions/no_such_element.html
Build info: version: '3.14.0', revision: 'aacccce0', time: '2018-08-02T20:19:58.91Z'
System info: host: 'DESKTOP-IC0JENF', ip: '172.16.18.8', os.name: 'Windows 10', os.arch: 'amd64', os.version: '10.0', java.version: '1.8.0_271'
Driver info: org.openqa.selenium.firefox.FirefoxDriver
Capabilities {acceptInsecureCerts: true, browserName: firefox, browserVersion: 89.0, javascriptEnabled: true, moz:accessibilityChecks: false, moz:buildID: 20210527174632, moz:geckodriverVersion: 0.29.1, moz:headless: false, moz:processID: 9316, moz:profile: C:\Users\Nishant Guleri\App..., moz:shutdownTimeout: 60000, moz:useNonSpecCompliantPointerOrigin: false, moz:webdriverClick: true, pageLoadStrategy: normal, platform: WINDOWS, platformName: WINDOWS, platformVersion: 10.0, setWindowRect: true, strictFileInteractability: false, timeouts: {implicit: 0, pageLoad: 300000, script: 30000}, unhandledPromptBehavior: dismiss and notify}
Session ID: 20920c03-b60d-4a50-8ea7-4e73e241873d
*** Element info: {Using=id, value=userSelect111111111111111111111111}
17:01:08.680 [main] WARN  com.personal.base.BaseClass - openAccountMethod method is being re-run for count (1).Check exception below :---  
17:01:08.681 [main] WARN  com.personal.base.BaseClass - java.lang.AssertionError: option(Sahil Guleri) is NOT selected on dropdown(CustomerDropDown_id). Either dropdown(CustomerDropDown_id) or option(Sahil Guleri) is NOT present on page.
 
 
 Error msg is :-   org.openqa.selenium.NoSuchElementException: Unable to locate element: #userSelect111111111111111111111111
For documentation on this error, please visit: http://seleniumhq.org/exceptions/no_such_element.html
Build info: version: '3.14.0', revision: 'aacccce0', time: '2018-08-02T20:19:58.91Z'
System info: host: 'DESKTOP-IC0JENF', ip: '172.16.18.8', os.name: 'Windows 10', os.arch: 'amd64', os.version: '10.0', java.version: '1.8.0_271'
Driver info: org.openqa.selenium.firefox.FirefoxDriver
Capabilities {acceptInsecureCerts: true, browserName: firefox, browserVersion: 89.0, javascriptEnabled: true, moz:accessibilityChecks: false, moz:buildID: 20210527174632, moz:geckodriverVersion: 0.29.1, moz:headless: false, moz:processID: 9316, moz:profile: C:\Users\Nishant Guleri\App..., moz:shutdownTimeout: 60000, moz:useNonSpecCompliantPointerOrigin: false, moz:webdriverClick: true, pageLoadStrategy: normal, platform: WINDOWS, platformName: WINDOWS, platformVersion: 10.0, setWindowRect: true, strictFileInteractability: false, timeouts: {implicit: 0, pageLoad: 300000, script: 30000}, unhandledPromptBehavior: dismiss and notify}
Session ID: 20920c03-b60d-4a50-8ea7-4e73e241873d
*** Element info: {Using=id, value=userSelect111111111111111111111111}
17:01:10.251 [main] INFO  com.personal.base.BaseClass - EXECUTION OF openAccountMethod HAS BEGUN
17:01:10.252 [main] INFO  com.personal.base.BaseClass - description of testcase:- BANK MANAGER LOGIN > OPEN CUSTOMER TAB - opening multiple customers account
17:01:14.288 [main] ERROR com.personal.base.BaseClass - option(Sahil Guleri) is NOT selected on dropdown(CustomerDropDown_id). Either dropdown(CustomerDropDown_id) or option(Sahil Guleri) is NOT present on page.
 
 
 Error msg is :-   org.openqa.selenium.NoSuchElementException: Unable to locate element: #userSelect111111111111111111111111
For documentation on this error, please visit: http://seleniumhq.org/exceptions/no_such_element.html
Build info: version: '3.14.0', revision: 'aacccce0', time: '2018-08-02T20:19:58.91Z'
System info: host: 'DESKTOP-IC0JENF', ip: '172.16.18.8', os.name: 'Windows 10', os.arch: 'amd64', os.version: '10.0', java.version: '1.8.0_271'
Driver info: org.openqa.selenium.firefox.FirefoxDriver
Capabilities {acceptInsecureCerts: true, browserName: firefox, browserVersion: 89.0, javascriptEnabled: true, moz:accessibilityChecks: false, moz:buildID: 20210527174632, moz:geckodriverVersion: 0.29.1, moz:headless: false, moz:processID: 9316, moz:profile: C:\Users\Nishant Guleri\App..., moz:shutdownTimeout: 60000, moz:useNonSpecCompliantPointerOrigin: false, moz:webdriverClick: true, pageLoadStrategy: normal, platform: WINDOWS, platformName: WINDOWS, platformVersion: 10.0, setWindowRect: true, strictFileInteractability: false, timeouts: {implicit: 0, pageLoad: 300000, script: 30000}, unhandledPromptBehavior: dismiss and notify}
Session ID: 20920c03-b60d-4a50-8ea7-4e73e241873d
*** Element info: {Using=id, value=userSelect111111111111111111111111}
17:01:14.293 [main] FATAL com.personal.base.BaseClass - java.lang.AssertionError: option(Sahil Guleri) is NOT selected on dropdown(CustomerDropDown_id). Either dropdown(CustomerDropDown_id) or option(Sahil Guleri) is NOT present on page.
 
 
 Error msg is :-   org.openqa.selenium.NoSuchElementException: Unable to locate element: #userSelect111111111111111111111111
For documentation on this error, please visit: http://seleniumhq.org/exceptions/no_such_element.html
Build info: version: '3.14.0', revision: 'aacccce0', time: '2018-08-02T20:19:58.91Z'
System info: host: 'DESKTOP-IC0JENF', ip: '172.16.18.8', os.name: 'Windows 10', os.arch: 'amd64', os.version: '10.0', java.version: '1.8.0_271'
Driver info: org.openqa.selenium.firefox.FirefoxDriver
Capabilities {acceptInsecureCerts: true, browserName: firefox, browserVersion: 89.0, javascriptEnabled: true, moz:accessibilityChecks: false, moz:buildID: 20210527174632, moz:geckodriverVersion: 0.29.1, moz:headless: false, moz:processID: 9316, moz:profile: C:\Users\Nishant Guleri\App..., moz:shutdownTimeout: 60000, moz:useNonSpecCompliantPointerOrigin: false, moz:webdriverClick: true, pageLoadStrategy: normal, platform: WINDOWS, platformName: WINDOWS, platformVersion: 10.0, setWindowRect: true, strictFileInteractability: false, timeouts: {implicit: 0, pageLoad: 300000, script: 30000}, unhandledPromptBehavior: dismiss and notify}
Session ID: 20920c03-b60d-4a50-8ea7-4e73e241873d
*** Element info: {Using=id, value=userSelect111111111111111111111111}
17:01:14.294 [main] ERROR com.personal.base.BaseClass - openAccountMethod HAS FAILED 
17:01:14.369 [main] DEBUG com.personal.base.BaseClass - Screenshot(08_June_05_PM_01_14_296OPENACCOUNTMETHOD.png) of openAccountMethod method taken successfully
17:01:14.370 [main] DEBUG com.personal.base.BaseClass - Screenshot of openAccountMethod method successfully attached to report 
17:01:14.403 [main] INFO  com.personal.base.BaseClass - EXECUTION OF openAccountMethod HAS BEGUN
17:01:14.404 [main] INFO  com.personal.base.BaseClass - description of testcase:- BANK MANAGER LOGIN > OPEN CUSTOMER TAB - opening multiple customers account
17:01:18.431 [main] ERROR com.personal.base.BaseClass - option(Shiv Sahil) is NOT selected on dropdown(CustomerDropDown_id). Either dropdown(CustomerDropDown_id) or option(Shiv Sahil) is NOT present on page.
 
 
 Error msg is :-   org.openqa.selenium.NoSuchElementException: Unable to locate element: #userSelect111111111111111111111111
For documentation on this error, please visit: http://seleniumhq.org/exceptions/no_such_element.html
Build info: version: '3.14.0', revision: 'aacccce0', time: '2018-08-02T20:19:58.91Z'
System info: host: 'DESKTOP-IC0JENF', ip: '172.16.18.8', os.name: 'Windows 10', os.arch: 'amd64', os.version: '10.0', java.version: '1.8.0_271'
Driver info: org.openqa.selenium.firefox.FirefoxDriver
Capabilities {acceptInsecureCerts: true, browserName: firefox, browserVersion: 89.0, javascriptEnabled: true, moz:accessibilityChecks: false, moz:buildID: 20210527174632, moz:geckodriverVersion: 0.29.1, moz:headless: false, moz:processID: 9316, moz:profile: C:\Users\Nishant Guleri\App..., moz:shutdownTimeout: 60000, moz:useNonSpecCompliantPointerOrigin: false, moz:webdriverClick: true, pageLoadStrategy: normal, platform: WINDOWS, platformName: WINDOWS, platformVersion: 10.0, setWindowRect: true, strictFileInteractability: false, timeouts: {implicit: 0, pageLoad: 300000, script: 30000}, unhandledPromptBehavior: dismiss and notify}
Session ID: 20920c03-b60d-4a50-8ea7-4e73e241873d
*** Element info: {Using=id, value=userSelect111111111111111111111111}
17:01:18.433 [main] WARN  com.personal.base.BaseClass - openAccountMethod method is being re-run for count (1).Check exception below :---  
17:01:18.433 [main] WARN  com.personal.base.BaseClass - java.lang.AssertionError: option(Shiv Sahil) is NOT selected on dropdown(CustomerDropDown_id). Either dropdown(CustomerDropDown_id) or option(Shiv Sahil) is NOT present on page.
 
 
 Error msg is :-   org.openqa.selenium.NoSuchElementException: Unable to locate element: #userSelect111111111111111111111111
For documentation on this error, please visit: http://seleniumhq.org/exceptions/no_such_element.html
Build info: version: '3.14.0', revision: 'aacccce0', time: '2018-08-02T20:19:58.91Z'
System info: host: 'DESKTOP-IC0JENF', ip: '172.16.18.8', os.name: 'Windows 10', os.arch: 'amd64', os.version: '10.0', java.version: '1.8.0_271'
Driver info: org.openqa.selenium.firefox.FirefoxDriver
Capabilities {acceptInsecureCerts: true, browserName: firefox, browserVersion: 89.0, javascriptEnabled: true, moz:accessibilityChecks: false, moz:buildID: 20210527174632, moz:geckodriverVersion: 0.29.1, moz:headless: false, moz:processID: 9316, moz:profile: C:\Users\Nishant Guleri\App..., moz:shutdownTimeout: 60000, moz:useNonSpecCompliantPointerOrigin: false, moz:webdriverClick: true, pageLoadStrategy: normal, platform: WINDOWS, platformName: WINDOWS, platformVersion: 10.0, setWindowRect: true, strictFileInteractability: false, timeouts: {implicit: 0, pageLoad: 300000, script: 30000}, unhandledPromptBehavior: dismiss and notify}
Session ID: 20920c03-b60d-4a50-8ea7-4e73e241873d
*** Element info: {Using=id, value=userSelect111111111111111111111111}
17:01:20.013 [main] INFO  com.personal.base.BaseClass - EXECUTION OF openAccountMethod HAS BEGUN
17:01:20.013 [main] INFO  com.personal.base.BaseClass - description of testcase:- BANK MANAGER LOGIN > OPEN CUSTOMER TAB - opening multiple customers account
17:01:24.045 [main] ERROR com.personal.base.BaseClass - option(Shiv Sahil) is NOT selected on dropdown(CustomerDropDown_id). Either dropdown(CustomerDropDown_id) or option(Shiv Sahil) is NOT present on page.
 
 
 Error msg is :-   org.openqa.selenium.NoSuchElementException: Unable to locate element: #userSelect111111111111111111111111
For documentation on this error, please visit: http://seleniumhq.org/exceptions/no_such_element.html
Build info: version: '3.14.0', revision: 'aacccce0', time: '2018-08-02T20:19:58.91Z'
System info: host: 'DESKTOP-IC0JENF', ip: '172.16.18.8', os.name: 'Windows 10', os.arch: 'amd64', os.version: '10.0', java.version: '1.8.0_271'
Driver info: org.openqa.selenium.firefox.FirefoxDriver
Capabilities {acceptInsecureCerts: true, browserName: firefox, browserVersion: 89.0, javascriptEnabled: true, moz:accessibilityChecks: false, moz:buildID: 20210527174632, moz:geckodriverVersion: 0.29.1, moz:headless: false, moz:processID: 9316, moz:profile: C:\Users\Nishant Guleri\App..., moz:shutdownTimeout: 60000, moz:useNonSpecCompliantPointerOrigin: false, moz:webdriverClick: true, pageLoadStrategy: normal, platform: WINDOWS, platformName: WINDOWS, platformVersion: 10.0, setWindowRect: true, strictFileInteractability: false, timeouts: {implicit: 0, pageLoad: 300000, script: 30000}, unhandledPromptBehavior: dismiss and notify}
Session ID: 20920c03-b60d-4a50-8ea7-4e73e241873d
*** Element info: {Using=id, value=userSelect111111111111111111111111}
17:01:24.052 [main] FATAL com.personal.base.BaseClass - java.lang.AssertionError: option(Shiv Sahil) is NOT selected on dropdown(CustomerDropDown_id). Either dropdown(CustomerDropDown_id) or option(Shiv Sahil) is NOT present on page.
 
 
 Error msg is :-   org.openqa.selenium.NoSuchElementException: Unable to locate element: #userSelect111111111111111111111111
For documentation on this error, please visit: http://seleniumhq.org/exceptions/no_such_element.html
Build info: version: '3.14.0', revision: 'aacccce0', time: '2018-08-02T20:19:58.91Z'
System info: host: 'DESKTOP-IC0JENF', ip: '172.16.18.8', os.name: 'Windows 10', os.arch: 'amd64', os.version: '10.0', java.version: '1.8.0_271'
Driver info: org.openqa.selenium.firefox.FirefoxDriver
Capabilities {acceptInsecureCerts: true, browserName: firefox, browserVersion: 89.0, javascriptEnabled: true, moz:accessibilityChecks: false, moz:buildID: 20210527174632, moz:geckodriverVersion: 0.29.1, moz:headless: false, moz:processID: 9316, moz:profile: C:\Users\Nishant Guleri\App..., moz:shutdownTimeout: 60000, moz:useNonSpecCompliantPointerOrigin: false, moz:webdriverClick: true, pageLoadStrategy: normal, platform: WINDOWS, platformName: WINDOWS, platformVersion: 10.0, setWindowRect: true, strictFileInteractability: false, timeouts: {implicit: 0, pageLoad: 300000, script: 30000}, unhandledPromptBehavior: dismiss and notify}
Session ID: 20920c03-b60d-4a50-8ea7-4e73e241873d
*** Element info: {Using=id, value=userSelect111111111111111111111111}
17:01:24.053 [main] ERROR com.personal.base.BaseClass - openAccountMethod HAS FAILED 
17:01:24.118 [main] DEBUG com.personal.base.BaseClass - Screenshot(08_June_05_PM_01_24_053OPENACCOUNTMETHOD.png) of openAccountMethod method taken successfully
17:01:24.118 [main] DEBUG com.personal.base.BaseClass - Screenshot of openAccountMethod method successfully attached to report 
17:01:24.189 [main] DEBUG com.personal.base.BaseClass - locator(Hometab_xpath) clicked successfully
17:01:24.229 [main] INFO  com.personal.base.BaseClass - EXECUTION OF CustomerLoginMethod HAS BEGUN
17:01:24.229 [main] INFO  com.personal.base.BaseClass - description of testcase:- CUSTOMER LOGIN - login as customer
17:01:24.394 [main] DEBUG com.personal.base.BaseClass - locator(CustomerLogin_css) clicked successfully
17:01:24.437 [main] ERROR com.personal.base.BaseClass - option(Shiv Sahil) is NOT selected on dropdown(YourNameDropDown_name). Either dropdown(YourNameDropDown_name) or option(Shiv Sahil) is NOT present on page.
17:01:24.437 [main] WARN  com.personal.base.BaseClass - CustomerLoginMethod method is being re-run for count (1).Check exception below :---  
17:01:24.438 [main] WARN  com.personal.base.BaseClass - java.lang.AssertionError: option(Shiv Sahil) is NOT selected on dropdown(YourNameDropDown_name). Either dropdown(YourNameDropDown_name) or option(Shiv Sahil) is NOT present on page.
17:01:25.942 [main] INFO  com.personal.base.BaseClass - EXECUTION OF CustomerLoginMethod HAS BEGUN
17:01:25.943 [main] INFO  com.personal.base.BaseClass - description of testcase:- CUSTOMER LOGIN - login as customer
17:01:29.964 [main] ERROR com.personal.base.BaseClass - locator(CustomerLogin_css) can't be clicked as it's NOT present on page.
 
 Error msg is :-   org.openqa.selenium.NoSuchElementException: Unable to locate element: div > div:first-child > button.btn.btn-primary.btn-lg
For documentation on this error, please visit: http://seleniumhq.org/exceptions/no_such_element.html
Build info: version: '3.14.0', revision: 'aacccce0', time: '2018-08-02T20:19:58.91Z'
System info: host: 'DESKTOP-IC0JENF', ip: '172.16.18.8', os.name: 'Windows 10', os.arch: 'amd64', os.version: '10.0', java.version: '1.8.0_271'
Driver info: org.openqa.selenium.firefox.FirefoxDriver
Capabilities {acceptInsecureCerts: true, browserName: firefox, browserVersion: 89.0, javascriptEnabled: true, moz:accessibilityChecks: false, moz:buildID: 20210527174632, moz:geckodriverVersion: 0.29.1, moz:headless: false, moz:processID: 9316, moz:profile: C:\Users\Nishant Guleri\App..., moz:shutdownTimeout: 60000, moz:useNonSpecCompliantPointerOrigin: false, moz:webdriverClick: true, pageLoadStrategy: normal, platform: WINDOWS, platformName: WINDOWS, platformVersion: 10.0, setWindowRect: true, strictFileInteractability: false, timeouts: {implicit: 0, pageLoad: 300000, script: 30000}, unhandledPromptBehavior: dismiss and notify}
Session ID: 20920c03-b60d-4a50-8ea7-4e73e241873d
*** Element info: {Using=css selector, value=div > div:first-child > button.btn.btn-primary.btn-lg}
17:01:29.971 [main] FATAL com.personal.base.BaseClass - java.lang.AssertionError: locator(CustomerLogin_css) can't be clicked as it's NOT present on page.
 
 Error msg is :-   org.openqa.selenium.NoSuchElementException: Unable to locate element: div > div:first-child > button.btn.btn-primary.btn-lg
For documentation on this error, please visit: http://seleniumhq.org/exceptions/no_such_element.html
Build info: version: '3.14.0', revision: 'aacccce0', time: '2018-08-02T20:19:58.91Z'
System info: host: 'DESKTOP-IC0JENF', ip: '172.16.18.8', os.name: 'Windows 10', os.arch: 'amd64', os.version: '10.0', java.version: '1.8.0_271'
Driver info: org.openqa.selenium.firefox.FirefoxDriver
Capabilities {acceptInsecureCerts: true, browserName: firefox, browserVersion: 89.0, javascriptEnabled: true, moz:accessibilityChecks: false, moz:buildID: 20210527174632, moz:geckodriverVersion: 0.29.1, moz:headless: false, moz:processID: 9316, moz:profile: C:\Users\Nishant Guleri\App..., moz:shutdownTimeout: 60000, moz:useNonSpecCompliantPointerOrigin: false, moz:webdriverClick: true, pageLoadStrategy: normal, platform: WINDOWS, platformName: WINDOWS, platformVersion: 10.0, setWindowRect: true, strictFileInteractability: false, timeouts: {implicit: 0, pageLoad: 300000, script: 30000}, unhandledPromptBehavior: dismiss and notify}
Session ID: 20920c03-b60d-4a50-8ea7-4e73e241873d
*** Element info: {Using=css selector, value=div > div:first-child > button.btn.btn-primary.btn-lg}
17:01:29.971 [main] ERROR com.personal.base.BaseClass - CustomerLoginMethod HAS FAILED 
17:01:30.007 [main] DEBUG com.personal.base.BaseClass - Screenshot(08_June_05_PM_01_29_971CUSTOMERLOGINMETHOD.png) of CustomerLoginMethod method taken successfully
17:01:30.007 [main] DEBUG com.personal.base.BaseClass - Screenshot of CustomerLoginMethod method successfully attached to report 
17:01:30.824 [main] INFO  com.personal.base.BaseClass - FIREFOX BROWSER CLOSED
17:01:30.824 [main] DEBUG com.personal.base.BaseClass - -------------------------------------------------------------------------------------------------
17:02:15.663 [main] INFO  com.personal.base.BaseClass - FIREFOX browser opened 'http://www.way2automation.com/angularjs-protractor/banking/#/login' website successfully
17:02:15.688 [main] DEBUG com.personal.base.BaseClass - Implicit wait set to - 4seconds   &  pageload timeout set to - 8seconds
17:02:15.703 [main] DEBUG com.personal.base.BaseClass - window maximized
17:02:15.738 [main] INFO  com.personal.base.BaseClass - EXECUTION OF loginAsmanagerTest HAS BEGUN
17:02:15.738 [main] INFO  com.personal.base.BaseClass - description of testcase:- BANK MANAGER LOGIN - login as bank manager and checking availability of ADD CUSTOMER TAB on screen
17:02:16.807 [main] DEBUG com.personal.base.BaseClass - visibilityOfElementLocated timeout for locator(BankMangLogin_css) set to 10 seconds. locator(BankMangLogin_css) clicked successfully
17:02:16.812 [main] INFO  com.personal.base.BaseClass - ASSERT :- 'Protractor practice website - Banking App' is correct title
17:02:16.826 [main] INFO  com.personal.base.BaseClass - VERIFY :- locator(AddCustomerButton_xpath) is present on page
17:02:16.936 [main] DEBUG com.personal.base.BaseClass - locator(AddCustomerButton_xpath) clicked successfully
17:02:16.939 [main] INFO  com.personal.base.BaseClass - loginAsmanagerTest HAS PASSED
17:02:17.717 [main] INFO  com.personal.base.BaseClass - EXECUTION OF addMultipleCustomerTest HAS BEGUN
17:02:17.717 [main] INFO  com.personal.base.BaseClass - description of testcase:- BANK MANAGER LOGIN > ADD CUSTOMER TAB - adding multiple customers
17:02:17.734 [main] ERROR com.personal.base.BaseClass - locator(FirstName_css) can't filled with value 'Shiv' as locator is NOT present on page.
 
 Error msg is :-   org.openqa.selenium.InvalidSelectorException: Given css selector expression "input[placeholder='First Name']11111111111111111111111111111111" is invalid: InvalidSelectorError: Document.querySelector: 'input[placeholder='First Name']11111111111111111111111111111111' is not a valid selector: "input[placeholder='First Name']11111111111111111111111111111111"
For documentation on this error, please visit: http://seleniumhq.org/exceptions/invalid_selector_exception.html
Build info: version: '3.14.0', revision: 'aacccce0', time: '2018-08-02T20:19:58.91Z'
System info: host: 'DESKTOP-IC0JENF', ip: '172.16.18.8', os.name: 'Windows 10', os.arch: 'amd64', os.version: '10.0', java.version: '1.8.0_271'
Driver info: org.openqa.selenium.firefox.FirefoxDriver
Capabilities {acceptInsecureCerts: true, browserName: firefox, browserVersion: 89.0, javascriptEnabled: true, moz:accessibilityChecks: false, moz:buildID: 20210527174632, moz:geckodriverVersion: 0.29.1, moz:headless: false, moz:processID: 7700, moz:profile: C:\Users\Nishant Guleri\App..., moz:shutdownTimeout: 60000, moz:useNonSpecCompliantPointerOrigin: false, moz:webdriverClick: true, pageLoadStrategy: normal, platform: WINDOWS, platformName: WINDOWS, platformVersion: 10.0, setWindowRect: true, strictFileInteractability: false, timeouts: {implicit: 0, pageLoad: 300000, script: 30000}, unhandledPromptBehavior: dismiss and notify}
Session ID: 99f0c30d-70b0-45a7-8aab-3db32a616f61
*** Element info: {Using=css selector, value=input[placeholder='First Name']11111111111111111111111111111111}
17:02:17.738 [main] WARN  com.personal.base.BaseClass - addMultipleCustomerTest method is being re-run for count (1).Check exception below :---  
17:02:17.739 [main] WARN  com.personal.base.BaseClass - java.lang.AssertionError: locator(FirstName_css) can't filled with value 'Shiv' as locator is NOT present on page.
 
 Error msg is :-   org.openqa.selenium.InvalidSelectorException: Given css selector expression "input[placeholder='First Name']11111111111111111111111111111111" is invalid: InvalidSelectorError: Document.querySelector: 'input[placeholder='First Name']11111111111111111111111111111111' is not a valid selector: "input[placeholder='First Name']11111111111111111111111111111111"
For documentation on this error, please visit: http://seleniumhq.org/exceptions/invalid_selector_exception.html
Build info: version: '3.14.0', revision: 'aacccce0', time: '2018-08-02T20:19:58.91Z'
System info: host: 'DESKTOP-IC0JENF', ip: '172.16.18.8', os.name: 'Windows 10', os.arch: 'amd64', os.version: '10.0', java.version: '1.8.0_271'
Driver info: org.openqa.selenium.firefox.FirefoxDriver
Capabilities {acceptInsecureCerts: true, browserName: firefox, browserVersion: 89.0, javascriptEnabled: true, moz:accessibilityChecks: false, moz:buildID: 20210527174632, moz:geckodriverVersion: 0.29.1, moz:headless: false, moz:processID: 7700, moz:profile: C:\Users\Nishant Guleri\App..., moz:shutdownTimeout: 60000, moz:useNonSpecCompliantPointerOrigin: false, moz:webdriverClick: true, pageLoadStrategy: normal, platform: WINDOWS, platformName: WINDOWS, platformVersion: 10.0, setWindowRect: true, strictFileInteractability: false, timeouts: {implicit: 0, pageLoad: 300000, script: 30000}, unhandledPromptBehavior: dismiss and notify}
Session ID: 99f0c30d-70b0-45a7-8aab-3db32a616f61
*** Element info: {Using=css selector, value=input[placeholder='First Name']11111111111111111111111111111111}
17:02:19.300 [main] INFO  com.personal.base.BaseClass - EXECUTION OF addMultipleCustomerTest HAS BEGUN
17:02:19.301 [main] INFO  com.personal.base.BaseClass - description of testcase:- BANK MANAGER LOGIN > ADD CUSTOMER TAB - adding multiple customers
17:02:19.310 [main] ERROR com.personal.base.BaseClass - locator(FirstName_css) can't filled with value 'Shiv' as locator is NOT present on page.
 
 Error msg is :-   org.openqa.selenium.InvalidSelectorException: Given css selector expression "input[placeholder='First Name']11111111111111111111111111111111" is invalid: InvalidSelectorError: Document.querySelector: 'input[placeholder='First Name']11111111111111111111111111111111' is not a valid selector: "input[placeholder='First Name']11111111111111111111111111111111"
For documentation on this error, please visit: http://seleniumhq.org/exceptions/invalid_selector_exception.html
Build info: version: '3.14.0', revision: 'aacccce0', time: '2018-08-02T20:19:58.91Z'
System info: host: 'DESKTOP-IC0JENF', ip: '172.16.18.8', os.name: 'Windows 10', os.arch: 'amd64', os.version: '10.0', java.version: '1.8.0_271'
Driver info: org.openqa.selenium.firefox.FirefoxDriver
Capabilities {acceptInsecureCerts: true, browserName: firefox, browserVersion: 89.0, javascriptEnabled: true, moz:accessibilityChecks: false, moz:buildID: 20210527174632, moz:geckodriverVersion: 0.29.1, moz:headless: false, moz:processID: 7700, moz:profile: C:\Users\Nishant Guleri\App..., moz:shutdownTimeout: 60000, moz:useNonSpecCompliantPointerOrigin: false, moz:webdriverClick: true, pageLoadStrategy: normal, platform: WINDOWS, platformName: WINDOWS, platformVersion: 10.0, setWindowRect: true, strictFileInteractability: false, timeouts: {implicit: 0, pageLoad: 300000, script: 30000}, unhandledPromptBehavior: dismiss and notify}
Session ID: 99f0c30d-70b0-45a7-8aab-3db32a616f61
*** Element info: {Using=css selector, value=input[placeholder='First Name']11111111111111111111111111111111}
17:02:19.311 [main] FATAL com.personal.base.BaseClass - java.lang.AssertionError: locator(FirstName_css) can't filled with value 'Shiv' as locator is NOT present on page.
 
 Error msg is :-   org.openqa.selenium.InvalidSelectorException: Given css selector expression "input[placeholder='First Name']11111111111111111111111111111111" is invalid: InvalidSelectorError: Document.querySelector: 'input[placeholder='First Name']11111111111111111111111111111111' is not a valid selector: "input[placeholder='First Name']11111111111111111111111111111111"
For documentation on this error, please visit: http://seleniumhq.org/exceptions/invalid_selector_exception.html
Build info: version: '3.14.0', revision: 'aacccce0', time: '2018-08-02T20:19:58.91Z'
System info: host: 'DESKTOP-IC0JENF', ip: '172.16.18.8', os.name: 'Windows 10', os.arch: 'amd64', os.version: '10.0', java.version: '1.8.0_271'
Driver info: org.openqa.selenium.firefox.FirefoxDriver
Capabilities {acceptInsecureCerts: true, browserName: firefox, browserVersion: 89.0, javascriptEnabled: true, moz:accessibilityChecks: false, moz:buildID: 20210527174632, moz:geckodriverVersion: 0.29.1, moz:headless: false, moz:processID: 7700, moz:profile: C:\Users\Nishant Guleri\App..., moz:shutdownTimeout: 60000, moz:useNonSpecCompliantPointerOrigin: false, moz:webdriverClick: true, pageLoadStrategy: normal, platform: WINDOWS, platformName: WINDOWS, platformVersion: 10.0, setWindowRect: true, strictFileInteractability: false, timeouts: {implicit: 0, pageLoad: 300000, script: 30000}, unhandledPromptBehavior: dismiss and notify}
Session ID: 99f0c30d-70b0-45a7-8aab-3db32a616f61
*** Element info: {Using=css selector, value=input[placeholder='First Name']11111111111111111111111111111111}
17:02:19.312 [main] ERROR com.personal.base.BaseClass - addMultipleCustomerTest HAS FAILED 
17:02:19.349 [main] DEBUG com.personal.base.BaseClass - Screenshot(08_June_05_PM_02_19_312ADDMULTIPLECUSTOMERTEST.png) of addMultipleCustomerTest method taken successfully
17:02:19.349 [main] DEBUG com.personal.base.BaseClass - Screenshot of addMultipleCustomerTest method successfully attached to report 
17:02:19.367 [main] INFO  com.personal.base.BaseClass - EXECUTION OF addMultipleCustomerTest HAS BEGUN
17:02:19.368 [main] INFO  com.personal.base.BaseClass - description of testcase:- BANK MANAGER LOGIN > ADD CUSTOMER TAB - adding multiple customers
17:02:19.387 [main] ERROR com.personal.base.BaseClass - locator(FirstName_css) can't filled with value 'Sahil' as locator is NOT present on page.
 
 Error msg is :-   org.openqa.selenium.InvalidSelectorException: Given css selector expression "input[placeholder='First Name']11111111111111111111111111111111" is invalid: InvalidSelectorError: Document.querySelector: 'input[placeholder='First Name']11111111111111111111111111111111' is not a valid selector: "input[placeholder='First Name']11111111111111111111111111111111"
For documentation on this error, please visit: http://seleniumhq.org/exceptions/invalid_selector_exception.html
Build info: version: '3.14.0', revision: 'aacccce0', time: '2018-08-02T20:19:58.91Z'
System info: host: 'DESKTOP-IC0JENF', ip: '172.16.18.8', os.name: 'Windows 10', os.arch: 'amd64', os.version: '10.0', java.version: '1.8.0_271'
Driver info: org.openqa.selenium.firefox.FirefoxDriver
Capabilities {acceptInsecureCerts: true, browserName: firefox, browserVersion: 89.0, javascriptEnabled: true, moz:accessibilityChecks: false, moz:buildID: 20210527174632, moz:geckodriverVersion: 0.29.1, moz:headless: false, moz:processID: 7700, moz:profile: C:\Users\Nishant Guleri\App..., moz:shutdownTimeout: 60000, moz:useNonSpecCompliantPointerOrigin: false, moz:webdriverClick: true, pageLoadStrategy: normal, platform: WINDOWS, platformName: WINDOWS, platformVersion: 10.0, setWindowRect: true, strictFileInteractability: false, timeouts: {implicit: 0, pageLoad: 300000, script: 30000}, unhandledPromptBehavior: dismiss and notify}
Session ID: 99f0c30d-70b0-45a7-8aab-3db32a616f61
*** Element info: {Using=css selector, value=input[placeholder='First Name']11111111111111111111111111111111}
17:02:19.388 [main] WARN  com.personal.base.BaseClass - addMultipleCustomerTest method is being re-run for count (1).Check exception below :---  
17:02:19.388 [main] WARN  com.personal.base.BaseClass - java.lang.AssertionError: locator(FirstName_css) can't filled with value 'Sahil' as locator is NOT present on page.
 
 Error msg is :-   org.openqa.selenium.InvalidSelectorException: Given css selector expression "input[placeholder='First Name']11111111111111111111111111111111" is invalid: InvalidSelectorError: Document.querySelector: 'input[placeholder='First Name']11111111111111111111111111111111' is not a valid selector: "input[placeholder='First Name']11111111111111111111111111111111"
For documentation on this error, please visit: http://seleniumhq.org/exceptions/invalid_selector_exception.html
Build info: version: '3.14.0', revision: 'aacccce0', time: '2018-08-02T20:19:58.91Z'
System info: host: 'DESKTOP-IC0JENF', ip: '172.16.18.8', os.name: 'Windows 10', os.arch: 'amd64', os.version: '10.0', java.version: '1.8.0_271'
Driver info: org.openqa.selenium.firefox.FirefoxDriver
Capabilities {acceptInsecureCerts: true, browserName: firefox, browserVersion: 89.0, javascriptEnabled: true, moz:accessibilityChecks: false, moz:buildID: 20210527174632, moz:geckodriverVersion: 0.29.1, moz:headless: false, moz:processID: 7700, moz:profile: C:\Users\Nishant Guleri\App..., moz:shutdownTimeout: 60000, moz:useNonSpecCompliantPointerOrigin: false, moz:webdriverClick: true, pageLoadStrategy: normal, platform: WINDOWS, platformName: WINDOWS, platformVersion: 10.0, setWindowRect: true, strictFileInteractability: false, timeouts: {implicit: 0, pageLoad: 300000, script: 30000}, unhandledPromptBehavior: dismiss and notify}
Session ID: 99f0c30d-70b0-45a7-8aab-3db32a616f61
*** Element info: {Using=css selector, value=input[placeholder='First Name']11111111111111111111111111111111}
17:02:20.967 [main] INFO  com.personal.base.BaseClass - EXECUTION OF addMultipleCustomerTest HAS BEGUN
17:02:20.967 [main] INFO  com.personal.base.BaseClass - description of testcase:- BANK MANAGER LOGIN > ADD CUSTOMER TAB - adding multiple customers
17:02:20.988 [main] ERROR com.personal.base.BaseClass - locator(FirstName_css) can't filled with value 'Sahil' as locator is NOT present on page.
 
 Error msg is :-   org.openqa.selenium.InvalidSelectorException: Given css selector expression "input[placeholder='First Name']11111111111111111111111111111111" is invalid: InvalidSelectorError: Document.querySelector: 'input[placeholder='First Name']11111111111111111111111111111111' is not a valid selector: "input[placeholder='First Name']11111111111111111111111111111111"
For documentation on this error, please visit: http://seleniumhq.org/exceptions/invalid_selector_exception.html
Build info: version: '3.14.0', revision: 'aacccce0', time: '2018-08-02T20:19:58.91Z'
System info: host: 'DESKTOP-IC0JENF', ip: '172.16.18.8', os.name: 'Windows 10', os.arch: 'amd64', os.version: '10.0', java.version: '1.8.0_271'
Driver info: org.openqa.selenium.firefox.FirefoxDriver
Capabilities {acceptInsecureCerts: true, browserName: firefox, browserVersion: 89.0, javascriptEnabled: true, moz:accessibilityChecks: false, moz:buildID: 20210527174632, moz:geckodriverVersion: 0.29.1, moz:headless: false, moz:processID: 7700, moz:profile: C:\Users\Nishant Guleri\App..., moz:shutdownTimeout: 60000, moz:useNonSpecCompliantPointerOrigin: false, moz:webdriverClick: true, pageLoadStrategy: normal, platform: WINDOWS, platformName: WINDOWS, platformVersion: 10.0, setWindowRect: true, strictFileInteractability: false, timeouts: {implicit: 0, pageLoad: 300000, script: 30000}, unhandledPromptBehavior: dismiss and notify}
Session ID: 99f0c30d-70b0-45a7-8aab-3db32a616f61
*** Element info: {Using=css selector, value=input[placeholder='First Name']11111111111111111111111111111111}
17:02:20.990 [main] FATAL com.personal.base.BaseClass - java.lang.AssertionError: locator(FirstName_css) can't filled with value 'Sahil' as locator is NOT present on page.
 
 Error msg is :-   org.openqa.selenium.InvalidSelectorException: Given css selector expression "input[placeholder='First Name']11111111111111111111111111111111" is invalid: InvalidSelectorError: Document.querySelector: 'input[placeholder='First Name']11111111111111111111111111111111' is not a valid selector: "input[placeholder='First Name']11111111111111111111111111111111"
For documentation on this error, please visit: http://seleniumhq.org/exceptions/invalid_selector_exception.html
Build info: version: '3.14.0', revision: 'aacccce0', time: '2018-08-02T20:19:58.91Z'
System info: host: 'DESKTOP-IC0JENF', ip: '172.16.18.8', os.name: 'Windows 10', os.arch: 'amd64', os.version: '10.0', java.version: '1.8.0_271'
Driver info: org.openqa.selenium.firefox.FirefoxDriver
Capabilities {acceptInsecureCerts: true, browserName: firefox, browserVersion: 89.0, javascriptEnabled: true, moz:accessibilityChecks: false, moz:buildID: 20210527174632, moz:geckodriverVersion: 0.29.1, moz:headless: false, moz:processID: 7700, moz:profile: C:\Users\Nishant Guleri\App..., moz:shutdownTimeout: 60000, moz:useNonSpecCompliantPointerOrigin: false, moz:webdriverClick: true, pageLoadStrategy: normal, platform: WINDOWS, platformName: WINDOWS, platformVersion: 10.0, setWindowRect: true, strictFileInteractability: false, timeouts: {implicit: 0, pageLoad: 300000, script: 30000}, unhandledPromptBehavior: dismiss and notify}
Session ID: 99f0c30d-70b0-45a7-8aab-3db32a616f61
*** Element info: {Using=css selector, value=input[placeholder='First Name']11111111111111111111111111111111}
17:02:20.990 [main] ERROR com.personal.base.BaseClass - addMultipleCustomerTest HAS FAILED 
17:02:21.019 [main] DEBUG com.personal.base.BaseClass - Screenshot(08_June_05_PM_02_20_990ADDMULTIPLECUSTOMERTEST.png) of addMultipleCustomerTest method taken successfully
17:02:21.019 [main] DEBUG com.personal.base.BaseClass - Screenshot of addMultipleCustomerTest method successfully attached to report 
17:02:21.032 [main] INFO  com.personal.base.BaseClass - EXECUTION OF addMultipleCustomerTest HAS BEGUN
17:02:21.032 [main] INFO  com.personal.base.BaseClass - description of testcase:- BANK MANAGER LOGIN > ADD CUSTOMER TAB - adding multiple customers
17:02:21.053 [main] ERROR com.personal.base.BaseClass - locator(FirstName_css) can't filled with value 'No' as locator is NOT present on page.
 
 Error msg is :-   org.openqa.selenium.InvalidSelectorException: Given css selector expression "input[placeholder='First Name']11111111111111111111111111111111" is invalid: InvalidSelectorError: Document.querySelector: 'input[placeholder='First Name']11111111111111111111111111111111' is not a valid selector: "input[placeholder='First Name']11111111111111111111111111111111"
For documentation on this error, please visit: http://seleniumhq.org/exceptions/invalid_selector_exception.html
Build info: version: '3.14.0', revision: 'aacccce0', time: '2018-08-02T20:19:58.91Z'
System info: host: 'DESKTOP-IC0JENF', ip: '172.16.18.8', os.name: 'Windows 10', os.arch: 'amd64', os.version: '10.0', java.version: '1.8.0_271'
Driver info: org.openqa.selenium.firefox.FirefoxDriver
Capabilities {acceptInsecureCerts: true, browserName: firefox, browserVersion: 89.0, javascriptEnabled: true, moz:accessibilityChecks: false, moz:buildID: 20210527174632, moz:geckodriverVersion: 0.29.1, moz:headless: false, moz:processID: 7700, moz:profile: C:\Users\Nishant Guleri\App..., moz:shutdownTimeout: 60000, moz:useNonSpecCompliantPointerOrigin: false, moz:webdriverClick: true, pageLoadStrategy: normal, platform: WINDOWS, platformName: WINDOWS, platformVersion: 10.0, setWindowRect: true, strictFileInteractability: false, timeouts: {implicit: 0, pageLoad: 300000, script: 30000}, unhandledPromptBehavior: dismiss and notify}
Session ID: 99f0c30d-70b0-45a7-8aab-3db32a616f61
*** Element info: {Using=css selector, value=input[placeholder='First Name']11111111111111111111111111111111}
17:02:21.054 [main] WARN  com.personal.base.BaseClass - addMultipleCustomerTest method is being re-run for count (1).Check exception below :---  
17:02:21.054 [main] WARN  com.personal.base.BaseClass - java.lang.AssertionError: locator(FirstName_css) can't filled with value 'No' as locator is NOT present on page.
 
 Error msg is :-   org.openqa.selenium.InvalidSelectorException: Given css selector expression "input[placeholder='First Name']11111111111111111111111111111111" is invalid: InvalidSelectorError: Document.querySelector: 'input[placeholder='First Name']11111111111111111111111111111111' is not a valid selector: "input[placeholder='First Name']11111111111111111111111111111111"
For documentation on this error, please visit: http://seleniumhq.org/exceptions/invalid_selector_exception.html
Build info: version: '3.14.0', revision: 'aacccce0', time: '2018-08-02T20:19:58.91Z'
System info: host: 'DESKTOP-IC0JENF', ip: '172.16.18.8', os.name: 'Windows 10', os.arch: 'amd64', os.version: '10.0', java.version: '1.8.0_271'
Driver info: org.openqa.selenium.firefox.FirefoxDriver
Capabilities {acceptInsecureCerts: true, browserName: firefox, browserVersion: 89.0, javascriptEnabled: true, moz:accessibilityChecks: false, moz:buildID: 20210527174632, moz:geckodriverVersion: 0.29.1, moz:headless: false, moz:processID: 7700, moz:profile: C:\Users\Nishant Guleri\App..., moz:shutdownTimeout: 60000, moz:useNonSpecCompliantPointerOrigin: false, moz:webdriverClick: true, pageLoadStrategy: normal, platform: WINDOWS, platformName: WINDOWS, platformVersion: 10.0, setWindowRect: true, strictFileInteractability: false, timeouts: {implicit: 0, pageLoad: 300000, script: 30000}, unhandledPromptBehavior: dismiss and notify}
Session ID: 99f0c30d-70b0-45a7-8aab-3db32a616f61
*** Element info: {Using=css selector, value=input[placeholder='First Name']11111111111111111111111111111111}
17:02:22.633 [main] INFO  com.personal.base.BaseClass - EXECUTION OF addMultipleCustomerTest HAS BEGUN
17:02:22.633 [main] INFO  com.personal.base.BaseClass - description of testcase:- BANK MANAGER LOGIN > ADD CUSTOMER TAB - adding multiple customers
17:02:22.644 [main] ERROR com.personal.base.BaseClass - locator(FirstName_css) can't filled with value 'No' as locator is NOT present on page.
 
 Error msg is :-   org.openqa.selenium.InvalidSelectorException: Given css selector expression "input[placeholder='First Name']11111111111111111111111111111111" is invalid: InvalidSelectorError: Document.querySelector: 'input[placeholder='First Name']11111111111111111111111111111111' is not a valid selector: "input[placeholder='First Name']11111111111111111111111111111111"
For documentation on this error, please visit: http://seleniumhq.org/exceptions/invalid_selector_exception.html
Build info: version: '3.14.0', revision: 'aacccce0', time: '2018-08-02T20:19:58.91Z'
System info: host: 'DESKTOP-IC0JENF', ip: '172.16.18.8', os.name: 'Windows 10', os.arch: 'amd64', os.version: '10.0', java.version: '1.8.0_271'
Driver info: org.openqa.selenium.firefox.FirefoxDriver
Capabilities {acceptInsecureCerts: true, browserName: firefox, browserVersion: 89.0, javascriptEnabled: true, moz:accessibilityChecks: false, moz:buildID: 20210527174632, moz:geckodriverVersion: 0.29.1, moz:headless: false, moz:processID: 7700, moz:profile: C:\Users\Nishant Guleri\App..., moz:shutdownTimeout: 60000, moz:useNonSpecCompliantPointerOrigin: false, moz:webdriverClick: true, pageLoadStrategy: normal, platform: WINDOWS, platformName: WINDOWS, platformVersion: 10.0, setWindowRect: true, strictFileInteractability: false, timeouts: {implicit: 0, pageLoad: 300000, script: 30000}, unhandledPromptBehavior: dismiss and notify}
Session ID: 99f0c30d-70b0-45a7-8aab-3db32a616f61
*** Element info: {Using=css selector, value=input[placeholder='First Name']11111111111111111111111111111111}
17:02:22.645 [main] FATAL com.personal.base.BaseClass - java.lang.AssertionError: locator(FirstName_css) can't filled with value 'No' as locator is NOT present on page.
 
 Error msg is :-   org.openqa.selenium.InvalidSelectorException: Given css selector expression "input[placeholder='First Name']11111111111111111111111111111111" is invalid: InvalidSelectorError: Document.querySelector: 'input[placeholder='First Name']11111111111111111111111111111111' is not a valid selector: "input[placeholder='First Name']11111111111111111111111111111111"
For documentation on this error, please visit: http://seleniumhq.org/exceptions/invalid_selector_exception.html
Build info: version: '3.14.0', revision: 'aacccce0', time: '2018-08-02T20:19:58.91Z'
System info: host: 'DESKTOP-IC0JENF', ip: '172.16.18.8', os.name: 'Windows 10', os.arch: 'amd64', os.version: '10.0', java.version: '1.8.0_271'
Driver info: org.openqa.selenium.firefox.FirefoxDriver
Capabilities {acceptInsecureCerts: true, browserName: firefox, browserVersion: 89.0, javascriptEnabled: true, moz:accessibilityChecks: false, moz:buildID: 20210527174632, moz:geckodriverVersion: 0.29.1, moz:headless: false, moz:processID: 7700, moz:profile: C:\Users\Nishant Guleri\App..., moz:shutdownTimeout: 60000, moz:useNonSpecCompliantPointerOrigin: false, moz:webdriverClick: true, pageLoadStrategy: normal, platform: WINDOWS, platformName: WINDOWS, platformVersion: 10.0, setWindowRect: true, strictFileInteractability: false, timeouts: {implicit: 0, pageLoad: 300000, script: 30000}, unhandledPromptBehavior: dismiss and notify}
Session ID: 99f0c30d-70b0-45a7-8aab-3db32a616f61
*** Element info: {Using=css selector, value=input[placeholder='First Name']11111111111111111111111111111111}
17:02:22.645 [main] ERROR com.personal.base.BaseClass - addMultipleCustomerTest HAS FAILED 
17:02:22.685 [main] DEBUG com.personal.base.BaseClass - Screenshot(08_June_05_PM_02_22_645ADDMULTIPLECUSTOMERTEST.png) of addMultipleCustomerTest method taken successfully
17:02:22.685 [main] DEBUG com.personal.base.BaseClass - Screenshot of addMultipleCustomerTest method successfully attached to report 
17:02:22.955 [main] DEBUG com.personal.base.BaseClass - locator(OpenAccountTab_xpath) clicked successfully
17:02:22.958 [main] INFO  com.personal.base.BaseClass - EXECUTION OF openAccountMethod HAS BEGUN
17:02:22.958 [main] INFO  com.personal.base.BaseClass - description of testcase:- BANK MANAGER LOGIN > OPEN CUSTOMER TAB - opening multiple customers account
17:02:23.030 [main] DEBUG com.personal.base.BaseClass - locator(Hometab_xpath) clicked successfully
17:02:23.088 [main] INFO  com.personal.base.BaseClass - EXECUTION OF CustomerLoginMethod HAS BEGUN
17:02:23.088 [main] INFO  com.personal.base.BaseClass - description of testcase:- CUSTOMER LOGIN - login as customer
17:02:23.217 [main] DEBUG com.personal.base.BaseClass - locator(CustomerLogin_css) clicked successfully
17:02:23.268 [main] ERROR com.personal.base.BaseClass - option(Shiv Sahil) is NOT selected on dropdown(YourNameDropDown_name). Either dropdown(YourNameDropDown_name) or option(Shiv Sahil) is NOT present on page.
17:02:23.268 [main] WARN  com.personal.base.BaseClass - CustomerLoginMethod method is being re-run for count (1).Check exception below :---  
17:02:23.268 [main] WARN  com.personal.base.BaseClass - java.lang.AssertionError: option(Shiv Sahil) is NOT selected on dropdown(YourNameDropDown_name). Either dropdown(YourNameDropDown_name) or option(Shiv Sahil) is NOT present on page.
17:02:24.780 [main] INFO  com.personal.base.BaseClass - EXECUTION OF CustomerLoginMethod HAS BEGUN
17:02:24.780 [main] INFO  com.personal.base.BaseClass - description of testcase:- CUSTOMER LOGIN - login as customer
17:02:28.804 [main] ERROR com.personal.base.BaseClass - locator(CustomerLogin_css) can't be clicked as it's NOT present on page.
 
 Error msg is :-   org.openqa.selenium.NoSuchElementException: Unable to locate element: div > div:first-child > button.btn.btn-primary.btn-lg
For documentation on this error, please visit: http://seleniumhq.org/exceptions/no_such_element.html
Build info: version: '3.14.0', revision: 'aacccce0', time: '2018-08-02T20:19:58.91Z'
System info: host: 'DESKTOP-IC0JENF', ip: '172.16.18.8', os.name: 'Windows 10', os.arch: 'amd64', os.version: '10.0', java.version: '1.8.0_271'
Driver info: org.openqa.selenium.firefox.FirefoxDriver
Capabilities {acceptInsecureCerts: true, browserName: firefox, browserVersion: 89.0, javascriptEnabled: true, moz:accessibilityChecks: false, moz:buildID: 20210527174632, moz:geckodriverVersion: 0.29.1, moz:headless: false, moz:processID: 7700, moz:profile: C:\Users\Nishant Guleri\App..., moz:shutdownTimeout: 60000, moz:useNonSpecCompliantPointerOrigin: false, moz:webdriverClick: true, pageLoadStrategy: normal, platform: WINDOWS, platformName: WINDOWS, platformVersion: 10.0, setWindowRect: true, strictFileInteractability: false, timeouts: {implicit: 0, pageLoad: 300000, script: 30000}, unhandledPromptBehavior: dismiss and notify}
Session ID: 99f0c30d-70b0-45a7-8aab-3db32a616f61
*** Element info: {Using=css selector, value=div > div:first-child > button.btn.btn-primary.btn-lg}
17:02:28.808 [main] FATAL com.personal.base.BaseClass - java.lang.AssertionError: locator(CustomerLogin_css) can't be clicked as it's NOT present on page.
 
 Error msg is :-   org.openqa.selenium.NoSuchElementException: Unable to locate element: div > div:first-child > button.btn.btn-primary.btn-lg
For documentation on this error, please visit: http://seleniumhq.org/exceptions/no_such_element.html
Build info: version: '3.14.0', revision: 'aacccce0', time: '2018-08-02T20:19:58.91Z'
System info: host: 'DESKTOP-IC0JENF', ip: '172.16.18.8', os.name: 'Windows 10', os.arch: 'amd64', os.version: '10.0', java.version: '1.8.0_271'
Driver info: org.openqa.selenium.firefox.FirefoxDriver
Capabilities {acceptInsecureCerts: true, browserName: firefox, browserVersion: 89.0, javascriptEnabled: true, moz:accessibilityChecks: false, moz:buildID: 20210527174632, moz:geckodriverVersion: 0.29.1, moz:headless: false, moz:processID: 7700, moz:profile: C:\Users\Nishant Guleri\App..., moz:shutdownTimeout: 60000, moz:useNonSpecCompliantPointerOrigin: false, moz:webdriverClick: true, pageLoadStrategy: normal, platform: WINDOWS, platformName: WINDOWS, platformVersion: 10.0, setWindowRect: true, strictFileInteractability: false, timeouts: {implicit: 0, pageLoad: 300000, script: 30000}, unhandledPromptBehavior: dismiss and notify}
Session ID: 99f0c30d-70b0-45a7-8aab-3db32a616f61
*** Element info: {Using=css selector, value=div > div:first-child > button.btn.btn-primary.btn-lg}
17:02:28.808 [main] ERROR com.personal.base.BaseClass - CustomerLoginMethod HAS FAILED 
17:02:28.860 [main] DEBUG com.personal.base.BaseClass - Screenshot(08_June_05_PM_02_28_809CUSTOMERLOGINMETHOD.png) of CustomerLoginMethod method taken successfully
17:02:28.860 [main] DEBUG com.personal.base.BaseClass - Screenshot of CustomerLoginMethod method successfully attached to report 
17:02:29.582 [main] INFO  com.personal.base.BaseClass - FIREFOX BROWSER CLOSED
17:02:29.582 [main] DEBUG com.personal.base.BaseClass - -------------------------------------------------------------------------------------------------
