<!DOCTYPE html PUBLIC "-//W3C//DTD XHTML 1.1//EN" "http://www.w3.org/TR/xhtml11/DTD/xhtml11.dtd">
<html xmlns="http://www.w3.org/1999/xhtml">
<head>
<meta http-equiv="content-type" content="text/html; charset=UTF-8"/>
<title>TestNG Report</title>
<style type="text/css">table {margin-bottom:10px;border-collapse:collapse;empty-cells:show}th,td {border:1px solid #009;padding:.25em .5em}th {vertical-align:bottom}td {vertical-align:top}table a {font-weight:bold}.stripe td {background-color: #E6EBF9}.num {text-align:right}.passedodd td {background-color: #3F3}.passedeven td {background-color: #0A0}.skippedodd td {background-color: #DDD}.skippedeven td {background-color: #CCC}.failedodd td,.attn {background-color: #F33}.failedeven td,.stripe .attn {background-color: #D00}.stacktrace {white-space:pre;font-family:monospace}.totop {font-size:85%;text-align:center;border-bottom:2px solid #000}.invisible {display:none}</style>
</head>
<body>
<table>
<tr><th>Test</th><th># Passed</th><th># Skipped</th><th># Retried</th><th># Failed</th><th>Time (ms)</th><th>Included Groups</th><th>Excluded Groups</th></tr>
<tr><th colspan="8">Customer Suite</th></tr>
<tr><td><a href="#t0">Bank Manager Login</a></td><td class="num">4</td><td class="num attn">1</td><td class="num">0</td><td class="num attn">2</td><td class="num">4,365</td><td></td><td></td></tr>
</table>
<table id='summary'><thead><tr><th>Class</th><th>Method</th><th>Start</th><th>Time (ms)</th></tr></thead><tbody><tr><th colspan="4">Customer Suite</th></tr></tbody><tbody id="t0"><tr><th colspan="4">Bank Manager Login &#8212; failed</th></tr><tr class="failedeven"><td rowspan="2">com.personal.testcases.OpenAccountTest</td><td><a href="#m0">openAccountMethod</a></td><td rowspan="2">1623336351316</td><td rowspan="2">442</td></tr><tr class="failedeven"><td><a href="#m1">openAccountMethod</a></td></tr><tr><th colspan="4">Bank Manager Login &#8212; skipped</th></tr><tr class="skippedeven"><td rowspan="1">com.personal.testcases.CustomerLoginTest</td><td><a href="#m2">customerLoginMethod</a></td><td rowspan="1">1623336351858</td><td rowspan="1">0</td></tr><tr><th colspan="4">Bank Manager Login &#8212; passed</th></tr><tr class="passedeven"><td rowspan="4">com.personal.testcases.AddCustomerTest</td><td><a href="#m3">addMultipleCustomerTest</a></td><td rowspan="3">1623336350088</td><td rowspan="3">350</td></tr><tr class="passedeven"><td><a href="#m4">addMultipleCustomerTest</a></td></tr><tr class="passedeven"><td><a href="#m5">addMultipleCustomerTest</a></td></tr><tr class="passedeven"><td><a href="#m6">loginAsmanagerTest</a></td><td rowspan="1">1623336347519</td><td rowspan="1">554</td></tr></tbody>
</table>
<h2>Bank Manager Login</h2><h3 id="m0">com.personal.testcases.OpenAccountTest#openAccountMethod</h3><table class="result"><tr class="param"><th>Parameter #1</th><th>Parameter #2</th></tr><tr class="param stripe"><td>Shiv Sahil</td><td>Rupee</td></tr><tr><th colspan="2">Exception</th></tr><tr><td colspan="2"><div class="stacktrace">java.lang.AssertionError: locator(Submit_css) can&apos;t be clicked as it&apos;s NOT present on page.
 
 Error msg is :-   org.openqa.selenium.InvalidSelectorException: invalid selector: An invalid or illegal selector was specified
  (Session info: chrome=91.0.4472.77)
For documentation on this error, please visit: http://seleniumhq.org/exceptions/invalid_selector_exception.html
Build info: version: &apos;3.14.0&apos;, revision: &apos;aacccce0&apos;, time: &apos;2018-08-02T20:19:58.91Z&apos;
System info: host: &apos;DESKTOP-IC0JENF&apos;, ip: &apos;172.16.18.8&apos;, os.name: &apos;Windows 10&apos;, os.arch: &apos;amd64&apos;, os.version: &apos;10.0&apos;, java.version: &apos;1.8.0_271&apos;
Driver info: org.openqa.selenium.chrome.ChromeDriver
Capabilities {acceptInsecureCerts: false, browserName: chrome, browserVersion: 91.0.4472.77, chrome: {chromedriverVersion: 90.0.4430.24 (4c6d850f087da..., userDataDir: C:\Users\NISHAN~1\AppData\L...}, goog:chromeOptions: {debuggerAddress: localhost:58127}, javascriptEnabled: true, networkConnectionEnabled: false, pageLoadStrategy: normal, platform: WINDOWS, platformName: WINDOWS, proxy: Proxy(), setWindowRect: true, strictFileInteractability: false, timeouts: {implicit: 0, pageLoad: 300000, script: 30000}, unhandledPromptBehavior: dismiss and notify, webauthn:extension:largeBlob: true, webauthn:virtualAuthenticators: true}
Session ID: c35b7c4e70ef2fc1feba7b9db9d58bfa
*** Element info: {Using=css selector, value=button[type=&apos;submit&apos;]1111}
	at com.personal.base.Locators.failmsg(Locators.java:251)
	at com.personal.base.Locators.locator(Locators.java:77)
	at com.personal.base.BaseClass.click(BaseClass.java:136)
	at com.personal.testcases.OpenAccountTest.openAccountMethod(OpenAccountTest.java:18)
	at java.util.ArrayList.forEach(ArrayList.java:1259)
... Removed 28 stack frames</div></td></tr></table><p class="totop"><a href="#summary">back to summary</a></p>
<h3 id="m1">com.personal.testcases.OpenAccountTest#openAccountMethod</h3><table class="result"><tr class="param"><th>Parameter #1</th><th>Parameter #2</th></tr><tr class="param stripe"><td>Sahil Guleri</td><td>Pound</td></tr><tr><th colspan="2">Exception</th></tr><tr><td colspan="2"><div class="stacktrace">java.lang.AssertionError: locator(Submit_css) can&apos;t be clicked as it&apos;s NOT present on page.
 
 Error msg is :-   org.openqa.selenium.InvalidSelectorException: invalid selector: An invalid or illegal selector was specified
  (Session info: chrome=91.0.4472.77)
For documentation on this error, please visit: http://seleniumhq.org/exceptions/invalid_selector_exception.html
Build info: version: &apos;3.14.0&apos;, revision: &apos;aacccce0&apos;, time: &apos;2018-08-02T20:19:58.91Z&apos;
System info: host: &apos;DESKTOP-IC0JENF&apos;, ip: &apos;172.16.18.8&apos;, os.name: &apos;Windows 10&apos;, os.arch: &apos;amd64&apos;, os.version: &apos;10.0&apos;, java.version: &apos;1.8.0_271&apos;
Driver info: org.openqa.selenium.chrome.ChromeDriver
Capabilities {acceptInsecureCerts: false, browserName: chrome, browserVersion: 91.0.4472.77, chrome: {chromedriverVersion: 90.0.4430.24 (4c6d850f087da..., userDataDir: C:\Users\NISHAN~1\AppData\L...}, goog:chromeOptions: {debuggerAddress: localhost:58127}, javascriptEnabled: true, networkConnectionEnabled: false, pageLoadStrategy: normal, platform: WINDOWS, platformName: WINDOWS, proxy: Proxy(), setWindowRect: true, strictFileInteractability: false, timeouts: {implicit: 0, pageLoad: 300000, script: 30000}, unhandledPromptBehavior: dismiss and notify, webauthn:extension:largeBlob: true, webauthn:virtualAuthenticators: true}
Session ID: c35b7c4e70ef2fc1feba7b9db9d58bfa
*** Element info: {Using=css selector, value=button[type=&apos;submit&apos;]1111}
	at com.personal.base.Locators.failmsg(Locators.java:251)
	at com.personal.base.Locators.locator(Locators.java:77)
	at com.personal.base.BaseClass.click(BaseClass.java:136)
	at com.personal.testcases.OpenAccountTest.openAccountMethod(OpenAccountTest.java:18)
	at java.util.ArrayList.forEach(ArrayList.java:1259)
... Removed 28 stack frames</div></td></tr></table><p class="totop"><a href="#summary">back to summary</a></p>
<h3 id="m2">com.personal.testcases.CustomerLoginTest#customerLoginMethod</h3><table class="result"><tr><th>Exception</th></tr><tr><td><div class="stacktrace">java.lang.Throwable: Method CustomerLoginTest.customerLoginMethod()[pri:0, instance:com.personal.testcases.CustomerLoginTest@4310d43] depends on not successfully finished methods in group &quot;CustomerLoginMethodPrerequisites&quot;
	at java.util.ArrayList.forEach(ArrayList.java:1259)
... Removed 18 stack frames</div></td></tr></table><p class="totop"><a href="#summary">back to summary</a></p>
<h3 id="m3">com.personal.testcases.AddCustomerTest#addMultipleCustomerTest</h3><table class="result"><tr class="param"><th>Parameter #1</th><th>Parameter #2</th><th>Parameter #3</th></tr><tr class="param stripe"><td>No</td><td>Cust</td><td>1332</td></tr></table><p class="totop"><a href="#summary">back to summary</a></p>
<h3 id="m4">com.personal.testcases.AddCustomerTest#addMultipleCustomerTest</h3><table class="result"><tr class="param"><th>Parameter #1</th><th>Parameter #2</th><th>Parameter #3</th></tr><tr class="param stripe"><td>Sahil</td><td>Guleri</td><td>3967</td></tr></table><p class="totop"><a href="#summary">back to summary</a></p>
<h3 id="m5">com.personal.testcases.AddCustomerTest#addMultipleCustomerTest</h3><table class="result"><tr class="param"><th>Parameter #1</th><th>Parameter #2</th><th>Parameter #3</th></tr><tr class="param stripe"><td>Shiv</td><td>Sahil</td><td>160014</td></tr></table><p class="totop"><a href="#summary">back to summary</a></p>
<h3 id="m6">com.personal.testcases.AddCustomerTest#loginAsmanagerTest</h3><table class="result"><tr><th class="invisible"/></tr></table><p class="totop"><a href="#summary">back to summary</a></p>
</body>
</html>
