<?xml version="1.0" encoding="UTF-8"?>
<testng-results skipped="1" failed="3" ignored="4" total="8" passed="0">
  <reporter-output>
  </reporter-output>
  <suite name="Customer Suite" duration-ms="18274" started-at="2021-05-29T09:43:27Z" finished-at="2021-05-29T09:43:45Z">
    <groups>
    </groups>
    <test name="Add Customers" duration-ms="18234" started-at="2021-05-29T09:43:27Z" finished-at="2021-05-29T09:43:45Z">
      <class name="com.personal.testcases.OpenAccountTest">
        <test-method status="PASS" signature="openAccountTab()[pri:0, instance:com.personal.testcases.OpenAccountTest@47987356]" name="openAccountTab" is-config="true" duration-ms="95" started-at="2021-05-29T09:43:28Z" finished-at="2021-05-29T09:43:29Z">
          <reporter-output>
          </reporter-output>
        </test-method> <!-- openAccountTab -->
        <test-method status="FAIL" signature="openAccountMethod(java.lang.String, java.lang.String)[pri:0, instance:com.personal.testcases.OpenAccountTest@47987356]" name="openAccountMethod" duration-ms="8096" started-at="2021-05-29T09:43:29Z" description="opening multiple customers account from excel" data-provider="excelData" finished-at="2021-05-29T09:43:37Z">
          <params>
            <param index="0">
              <value>
                <![CDATA[Sahil Guleri]]>
              </value>
            </param>
            <param index="1">
              <value>
                <![CDATA[Pound]]>
              </value>
            </param>
          </params>
          <exception class="org.openqa.selenium.NoSuchElementException">
            <message>
              <![CDATA[Cannot locate element with text: Sahil Guleri
For documentation on this error, please visit: http://seleniumhq.org/exceptions/no_such_element.html
Build info: version: '3.14.0', revision: 'aacccce0', time: '2018-08-02T20:19:58.91Z'
System info: host: 'DESKTOP-IC0JENF', ip: '172.16.18.8', os.name: 'Windows 10', os.arch: 'amd64', os.version: '10.0', java.version: '1.8.0_271'
Driver info: driver.version: unknown]]>
            </message>
            <full-stacktrace>
              <![CDATA[org.openqa.selenium.NoSuchElementException: Cannot locate element with text: Sahil Guleri
For documentation on this error, please visit: http://seleniumhq.org/exceptions/no_such_element.html
Build info: version: '3.14.0', revision: 'aacccce0', time: '2018-08-02T20:19:58.91Z'
System info: host: 'DESKTOP-IC0JENF', ip: '172.16.18.8', os.name: 'Windows 10', os.arch: 'amd64', os.version: '10.0', java.version: '1.8.0_271'
Driver info: driver.version: unknown
at org.openqa.selenium.support.ui.Select.selectByVisibleText(Select.java:151)
at com.personal.base.BaseClass.staticDropDown(BaseClass.java:272)
at com.personal.testcases.OpenAccountTest.openAccountMethod(OpenAccountTest.java:20)
at sun.reflect.NativeMethodAccessorImpl.invoke0(Native Method)
at sun.reflect.NativeMethodAccessorImpl.invoke(NativeMethodAccessorImpl.java:62)
at sun.reflect.DelegatingMethodAccessorImpl.invoke(DelegatingMethodAccessorImpl.java:43)
at java.lang.reflect.Method.invoke(Method.java:498)
at org.testng.internal.MethodInvocationHelper.invokeMethod(MethodInvocationHelper.java:124)
at org.testng.internal.Invoker.invokeMethod(Invoker.java:583)
at org.testng.internal.Invoker.invokeTestMethod(Invoker.java:719)
at org.testng.internal.Invoker.invokeTestMethods(Invoker.java:989)
at org.testng.internal.TestMethodWorker.invokeTestMethods(TestMethodWorker.java:125)
at org.testng.internal.TestMethodWorker.run(TestMethodWorker.java:109)
at org.testng.TestRunner.privateRun(TestRunner.java:648)
at org.testng.TestRunner.run(TestRunner.java:505)
at org.testng.SuiteRunner.runTest(SuiteRunner.java:455)
at org.testng.SuiteRunner.runSequentially(SuiteRunner.java:450)
at org.testng.SuiteRunner.privateRun(SuiteRunner.java:415)
at org.testng.SuiteRunner.run(SuiteRunner.java:364)
at org.testng.SuiteRunnerWorker.runSuite(SuiteRunnerWorker.java:52)
at org.testng.SuiteRunnerWorker.run(SuiteRunnerWorker.java:84)
at org.testng.TestNG.runSuitesSequentially(TestNG.java:1208)
at org.testng.TestNG.runSuitesLocally(TestNG.java:1137)
at org.testng.TestNG.runSuites(TestNG.java:1049)
at org.testng.TestNG.run(TestNG.java:1017)
at org.testng.remote.AbstractRemoteTestNG.run(AbstractRemoteTestNG.java:115)
at org.testng.remote.RemoteTestNG.initAndRun(RemoteTestNG.java:251)
at org.testng.remote.RemoteTestNG.main(RemoteTestNG.java:77)
]]>
            </full-stacktrace>
          </exception> <!-- org.openqa.selenium.NoSuchElementException -->
          <reporter-output>
          </reporter-output>
        </test-method> <!-- openAccountMethod -->
        <test-method status="FAIL" signature="openAccountMethod(java.lang.String, java.lang.String)[pri:0, instance:com.personal.testcases.OpenAccountTest@47987356]" name="openAccountMethod" duration-ms="8045" started-at="2021-05-29T09:43:37Z" description="opening multiple customers account from excel" data-provider="excelData" finished-at="2021-05-29T09:43:45Z">
          <params>
            <param index="0">
              <value>
                <![CDATA[Shiv Sahil]]>
              </value>
            </param>
            <param index="1">
              <value>
                <![CDATA[Rupee]]>
              </value>
            </param>
          </params>
          <exception class="org.openqa.selenium.NoSuchElementException">
            <message>
              <![CDATA[Cannot locate element with text: Shiv Sahil
For documentation on this error, please visit: http://seleniumhq.org/exceptions/no_such_element.html
Build info: version: '3.14.0', revision: 'aacccce0', time: '2018-08-02T20:19:58.91Z'
System info: host: 'DESKTOP-IC0JENF', ip: '172.16.18.8', os.name: 'Windows 10', os.arch: 'amd64', os.version: '10.0', java.version: '1.8.0_271'
Driver info: driver.version: unknown]]>
            </message>
            <full-stacktrace>
              <![CDATA[org.openqa.selenium.NoSuchElementException: Cannot locate element with text: Shiv Sahil
For documentation on this error, please visit: http://seleniumhq.org/exceptions/no_such_element.html
Build info: version: '3.14.0', revision: 'aacccce0', time: '2018-08-02T20:19:58.91Z'
System info: host: 'DESKTOP-IC0JENF', ip: '172.16.18.8', os.name: 'Windows 10', os.arch: 'amd64', os.version: '10.0', java.version: '1.8.0_271'
Driver info: driver.version: unknown
at org.openqa.selenium.support.ui.Select.selectByVisibleText(Select.java:151)
at com.personal.base.BaseClass.staticDropDown(BaseClass.java:272)
at com.personal.testcases.OpenAccountTest.openAccountMethod(OpenAccountTest.java:20)
at sun.reflect.NativeMethodAccessorImpl.invoke0(Native Method)
at sun.reflect.NativeMethodAccessorImpl.invoke(NativeMethodAccessorImpl.java:62)
at sun.reflect.DelegatingMethodAccessorImpl.invoke(DelegatingMethodAccessorImpl.java:43)
at java.lang.reflect.Method.invoke(Method.java:498)
at org.testng.internal.MethodInvocationHelper.invokeMethod(MethodInvocationHelper.java:124)
at org.testng.internal.Invoker.invokeMethod(Invoker.java:583)
at org.testng.internal.Invoker.invokeTestMethod(Invoker.java:719)
at org.testng.internal.Invoker.invokeTestMethods(Invoker.java:989)
at org.testng.internal.TestMethodWorker.invokeTestMethods(TestMethodWorker.java:125)
at org.testng.internal.TestMethodWorker.run(TestMethodWorker.java:109)
at org.testng.TestRunner.privateRun(TestRunner.java:648)
at org.testng.TestRunner.run(TestRunner.java:505)
at org.testng.SuiteRunner.runTest(SuiteRunner.java:455)
at org.testng.SuiteRunner.runSequentially(SuiteRunner.java:450)
at org.testng.SuiteRunner.privateRun(SuiteRunner.java:415)
at org.testng.SuiteRunner.run(SuiteRunner.java:364)
at org.testng.SuiteRunnerWorker.runSuite(SuiteRunnerWorker.java:52)
at org.testng.SuiteRunnerWorker.run(SuiteRunnerWorker.java:84)
at org.testng.TestNG.runSuitesSequentially(TestNG.java:1208)
at org.testng.TestNG.runSuitesLocally(TestNG.java:1137)
at org.testng.TestNG.runSuites(TestNG.java:1049)
at org.testng.TestNG.run(TestNG.java:1017)
at org.testng.remote.AbstractRemoteTestNG.run(AbstractRemoteTestNG.java:115)
at org.testng.remote.RemoteTestNG.initAndRun(RemoteTestNG.java:251)
at org.testng.remote.RemoteTestNG.main(RemoteTestNG.java:77)
]]>
            </full-stacktrace>
          </exception> <!-- org.openqa.selenium.NoSuchElementException -->
          <reporter-output>
          </reporter-output>
        </test-method> <!-- openAccountMethod -->
      </class> <!-- com.personal.testcases.OpenAccountTest -->
      <class name="com.personal.testcases.AddCustomerTest">
        <test-method status="FAIL" signature="loginAsmanagerTest()[pri:0, instance:com.personal.testcases.AddCustomerTest@7205765b]" name="loginAsmanagerTest" duration-ms="1000" started-at="2021-05-29T09:43:27Z" description="clicking on login button and checking availability of buttons on screen" finished-at="2021-05-29T09:43:28Z">
          <exception class="java.lang.AssertionError">
            <message>
              <![CDATA[ASSERT :- 'Protractor practice website - Banking App' is INCORRECT TITLE]]>
            </message>
            <full-stacktrace>
              <![CDATA[java.lang.AssertionError: ASSERT :- 'Protractor practice website - Banking App' is INCORRECT TITLE
at org.testng.Assert.fail(Assert.java:96)
at com.personal.base.BaseClass.checkPageTitle(BaseClass.java:546)
at com.personal.testcases.AddCustomerTest.loginAsmanagerTest(AddCustomerTest.java:13)
at sun.reflect.NativeMethodAccessorImpl.invoke0(Native Method)
at sun.reflect.NativeMethodAccessorImpl.invoke(NativeMethodAccessorImpl.java:62)
at sun.reflect.DelegatingMethodAccessorImpl.invoke(DelegatingMethodAccessorImpl.java:43)
at java.lang.reflect.Method.invoke(Method.java:498)
at org.testng.internal.MethodInvocationHelper.invokeMethod(MethodInvocationHelper.java:124)
at org.testng.internal.Invoker.invokeMethod(Invoker.java:583)
at org.testng.internal.Invoker.invokeTestMethod(Invoker.java:719)
at org.testng.internal.Invoker.invokeTestMethods(Invoker.java:989)
at org.testng.internal.TestMethodWorker.invokeTestMethods(TestMethodWorker.java:125)
at org.testng.internal.TestMethodWorker.run(TestMethodWorker.java:109)
at org.testng.TestRunner.privateRun(TestRunner.java:648)
at org.testng.TestRunner.run(TestRunner.java:505)
at org.testng.SuiteRunner.runTest(SuiteRunner.java:455)
at org.testng.SuiteRunner.runSequentially(SuiteRunner.java:450)
at org.testng.SuiteRunner.privateRun(SuiteRunner.java:415)
at org.testng.SuiteRunner.run(SuiteRunner.java:364)
at org.testng.SuiteRunnerWorker.runSuite(SuiteRunnerWorker.java:52)
at org.testng.SuiteRunnerWorker.run(SuiteRunnerWorker.java:84)
at org.testng.TestNG.runSuitesSequentially(TestNG.java:1208)
at org.testng.TestNG.runSuitesLocally(TestNG.java:1137)
at org.testng.TestNG.runSuites(TestNG.java:1049)
at org.testng.TestNG.run(TestNG.java:1017)
at org.testng.remote.AbstractRemoteTestNG.run(AbstractRemoteTestNG.java:115)
at org.testng.remote.RemoteTestNG.initAndRun(RemoteTestNG.java:251)
at org.testng.remote.RemoteTestNG.main(RemoteTestNG.java:77)
]]>
            </full-stacktrace>
          </exception> <!-- java.lang.AssertionError -->
          <reporter-output>
          </reporter-output>
        </test-method> <!-- loginAsmanagerTest -->
        <test-method name="addMultipleCustomerTest" signature="addMultipleCustomerTest(java.lang.String, java.lang.String, java.lang.String)[pri:0, instance:com.personal.testcases.AddCustomerTest@7205765b]" status="SKIP" duration-ms="0" finished-at="2021-05-29T09:43:28Z" started-at="2021-05-29T09:43:28Z" depends-on-methods="com.personal.testcases.AddCustomerTest.loginAsmanagerTest" data-provider="excelData" description="adding multiple customers from excel">
          <exception class="java.lang.Throwable">
            <message>
              <![CDATA[Method AddCustomerTest.addMultipleCustomerTest(java.lang.String, java.lang.String, java.lang.String)[pri:0, instance:com.personal.testcases.AddCustomerTest@7205765b] depends on not successfully finished methods]]>
            </message>
            <full-stacktrace>
              <![CDATA[java.lang.Throwable: Method AddCustomerTest.addMultipleCustomerTest(java.lang.String, java.lang.String, java.lang.String)[pri:0, instance:com.personal.testcases.AddCustomerTest@7205765b] depends on not successfully finished methods
at org.testng.internal.Invoker.invokeTestMethods(Invoker.java:888)
at org.testng.internal.TestMethodWorker.invokeTestMethods(TestMethodWorker.java:125)
at org.testng.internal.TestMethodWorker.run(TestMethodWorker.java:109)
at org.testng.TestRunner.privateRun(TestRunner.java:648)
at org.testng.TestRunner.run(TestRunner.java:505)
at org.testng.SuiteRunner.runTest(SuiteRunner.java:455)
at org.testng.SuiteRunner.runSequentially(SuiteRunner.java:450)
at org.testng.SuiteRunner.privateRun(SuiteRunner.java:415)
at org.testng.SuiteRunner.run(SuiteRunner.java:364)
at org.testng.SuiteRunnerWorker.runSuite(SuiteRunnerWorker.java:52)
at org.testng.SuiteRunnerWorker.run(SuiteRunnerWorker.java:84)
at org.testng.TestNG.runSuitesSequentially(TestNG.java:1208)
at org.testng.TestNG.runSuitesLocally(TestNG.java:1137)
at org.testng.TestNG.runSuites(TestNG.java:1049)
at org.testng.TestNG.run(TestNG.java:1017)
at org.testng.remote.AbstractRemoteTestNG.run(AbstractRemoteTestNG.java:115)
at org.testng.remote.RemoteTestNG.initAndRun(RemoteTestNG.java:251)
at org.testng.remote.RemoteTestNG.main(RemoteTestNG.java:77)
]]>
            </full-stacktrace>
          </exception> <!-- java.lang.Throwable -->
          <reporter-output>
          </reporter-output>
        </test-method> <!-- addMultipleCustomerTest -->
      </class> <!-- com.personal.testcases.AddCustomerTest -->
    </test> <!-- Add Customers -->
    <test name="Open Account" duration-ms="1" started-at="2021-05-29T09:43:45Z" finished-at="2021-05-29T09:43:45Z">
      <class name="com.personal.base.BaseClass">
        <test-method status="PASS" signature="setUp()[pri:0, instance:com.personal.base.BaseClass@35aea049]" name="setUp" is-config="true" duration-ms="4758" started-at="2021-05-29T09:43:22Z" finished-at="2021-05-29T09:43:27Z">
          <reporter-output>
          </reporter-output>
        </test-method> <!-- setUp -->
        <test-method status="PASS" signature="tearDown()[pri:0, instance:com.personal.base.BaseClass@35aea049]" name="tearDown" is-config="true" duration-ms="862" started-at="2021-05-29T09:43:45Z" finished-at="2021-05-29T09:43:46Z">
          <reporter-output>
          </reporter-output>
        </test-method> <!-- tearDown -->
      </class> <!-- com.personal.base.BaseClass -->
    </test> <!-- Open Account -->
  </suite> <!-- Customer Suite -->
</testng-results>
