





<!DOCTYPE html>
<html>

<head>
    <meta charset="utf-8">
    <meta name="viewport" content="width=device-width, initial-scale=1, shrink-to-fit=no">
    <title>Title of page</title>
        <link rel="apple-touch-icon" href="https://cdn.jsdelivr.net/gh/extent-framework/extent-github-cdn@b00a2d0486596e73dd7326beacf352c639623a0e/commons/img/logo.png">
        <link rel="shortcut icon" href="https://cdn.jsdelivr.net/gh/extent-framework/extent-github-cdn@b00a2d0486596e73dd7326beacf352c639623a0e/commons/img/logo.png">
	    <link href="https://cdn.jsdelivr.net/gh/extent-framework/extent-github-cdn@6fbbd1c32fbc2463d026da5c6ce2e9eef0d29512/spark/css/spark-style.css" rel="stylesheet" />
        <link href="https://stackpath.bootstrapcdn.com/font-awesome/4.7.0/css/font-awesome.min.css" rel="stylesheet">
<style type="text/css">

</style></head>    <script src="https://cdn.rawgit.com/extent-framework/extent-github-cdn/7cc78ce/spark/js/jsontree.js"></script>
<body class="spa -report standard">
    <div class="app header-dark side-nav-folded">
        <div class="layout">
<div class="header navbar">
    <div class="vheader">
        <div class="nav-logo">
          <a href="#">
            <div class="logo logo-dark" style="background-image: url('https://cdn.rawgit.com/extent-framework/extent-github-cdn/d74480e/commons/img/logo.png')"></div>
            <div class="logo logo-white" style="background-image: url('https://cdn.rawgit.com/extent-framework/extent-github-cdn/d74480e/commons/img/logo.png')"></div>
          </a>
        </div>
        <ul class="nav-left">
          <li class="search-box">
            <a class="search-toggle" href="javascript:void(0);">
              <i class="search-icon fa fa-search"></i>
              <i class="search-icon-close fa fa-close"></i>
            </a>
          </li>
          <li class="search-input">
            <input id="search-tests" class="form-control" type="text" placeholder="Type to search...">
          </li>
        </ul>
        <ul class="nav-right">
          <li class="m-r-10">
            <a href="#">
              <span class="badge badge-primary">Name of Report</span>
            </a>
          </li>
            <li class="m-r-10">
                <a href="#">
                    <span class="badge badge-primary">Jun 11, 2021 07:47:45 AM</span>
                </a>
            </li>
        </ul>
    </div>
</div><div class="side-nav">
  <div class="side-nav-inner">
    <ul class="side-nav-menu scrollable">
      <li class="nav-item dropdown" onclick="toggleView('test-view')">
        <a id="nav-test" class="dropdown-toggle" href="index.html">
          <span class="icon-holder">
            <i class="fa fa-align-left"></i>
          </span>
          <span class="title">Tests</span>
        </a>
      </li>
            <li class="nav-item dropdown" onclick="toggleView('exception-view')">
        <a id="nav-ex" class="dropdown-toggle" href="exception.html">
          <span class="icon-holder">
            <i class="fa fa-bug"></i>
          </span>
          <span class="title">Exception</span>
        </a>
      </li>
      <li class="nav-item dropdown" onclick="toggleView('dashboard-view')">
        <a id="nav-dashboard" class="dropdown-toggle" href="dashboard.html">
          <span class="icon-holder">
            <i class="fa fa-bar-chart"></i>
          </span>
          <span class="title">Dashboard</span>
        </a>
      </li>
    </ul>
  </div>
</div>            <div class="vcontainer">
                <div class="main-content">
<div class="test-wrapper row test-view">
	<div class="test-list">
		<div class="test-list-tools">
			<ul class="tools pull-left">
				<li>
					<a href="">
					<span class="font-size-14">Tests</span>
					</a>
				</li>
			</ul>
			<ul class="tools text-right">
				<li class="user-profile dropdown dropdown-animated scale-left">
					<a href="#" class="dropdown-toggle" data-toggle="dropdown">
					<i class="fa fa-exclamation-circle"></i>
					</a>
					<ul id="status-toggle" class="dropdown-menu dropdown-md p-v-0">
						<a class="dropdown-item" status="pass" href="#"><span>Pass</span><span class="status success pull-right"></span></a>
						<a class="dropdown-item" status="fail" href="#"><span>Fail</span><span class="status danger pull-right"></span></a>
						
						<a class="dropdown-item" status="error" href="#"><span>Error</span><span class="status warning pull-right"></span></a>
						
						
						<div class="dropdown-divider"></div>
						<a status="clear" class="dropdown-item" href="#"><span>Clear</span><span class="pull-right"><i class="fa fa-close"></i></span></a>
					</ul>
				</li>
			</ul>
		</div>
		<div class="test-list-wrapper scrollable">
			<ul class="test-list-item">
				<li class="test-item"  status="error" test-id="1"
					author=""
					tag=""
					device="">
					<div class="status-avatar error-bg">
						<i class="fa fa-exclamation text-white"></i>
					</div>
					<div class="open-test">
						<div class="test-detail">
							<p class="name">loginAsmanagerTest</p>
							<p class="duration text-sm">0h 0m 8s+761ms</p>
							<span class="datetime">07:47:48 AM</span>
						</div>
					</div>
					<div class="test-contents d-none">
						<div class="detail-head">
							<div class="p-v-10 d-inline-block">
								<div class="info">
									<h5 class="test-status text-error">loginAsmanagerTest</h5>
									<span class='badge badge-success'>06.11.2021 07:47:48</span>
									<span class='badge badge-danger'>06.11.2021 07:47:57</span>
									<span class='badge badge-default'>0h 0m 8s+761ms</span>
								</div>
								<div class="m-t-10 m-l-5">
									
								</div>
							</div>
						</div>
<div class="detail-body mt-4">                                              
<table class="table table-sm">
	<thead><tr>
		<th class="status-col">Status</th>
		<th class="timestamp-col">Timestamp</th>
		<th class="details-col">Details</th>
	</tr></thead>
	<tbody>
			<tr class="event-row">
				<td><i class="fa fa-info text-info"></i></td>
				<td>7:47:48 AM</td>
				<td>
						description of testcase:- BANK MANAGER LOGIN - login as bank manager and checking availability of ADD CUSTOMER TAB on screen
				</td>
			</tr>
			<tr class="event-row">
				<td><i class="fa fa-info text-info"></i></td>
				<td>7:47:48 AM</td>
				<td>
						visibilityOfElementLocated timeout for locator(BankMangLogin_css) set to 10 seconds. locator(BankMangLogin_css) clicked successfully
				</td>
			</tr>
			<tr class="event-row">
				<td><i class="fa fa-exclamation text-error"></i></td>
				<td>7:47:48 AM</td>
				<td>
						VERIFY :- '111111111111' is INCORRECT TITLE. Actual Title is :- Protractor practice website - Banking App
				</td>
			</tr>
			<tr class="event-row">
				<td><i class="fa fa-check text-pass"></i></td>
				<td>7:47:48 AM</td>
				<td>
						ASSERT :- locator(AddCustomerButton_xpath) is present on page
				</td>
			</tr>
			<tr class="event-row">
				<td><i class="fa fa-info text-info"></i></td>
				<td>7:47:49 AM</td>
				<td>
						locator(AddCustomerButton_xpath) clicked successfully
				</td>
			</tr>
			<tr class="event-row">
				<td><i class="fa fa-check text-pass"></i></td>
				<td>7:47:57 AM</td>
				<td>
						loginAsmanagerTest HAS PASSED
				</td>
			</tr>
	</tbody>
</table>
</div>
					</div>
				</li>
				<li class="test-item"  status="pass" test-id="2"
					author=""
					tag=""
					device="">
					<div class="status-avatar pass-bg">
						<i class="fa fa-check text-white"></i>
					</div>
					<div class="open-test">
						<div class="test-detail">
							<p class="name">addMultipleCustomerTest</p>
							<p class="duration text-sm">0h 0m 1s+750ms</p>
							<span class="datetime">07:47:58 AM</span>
						</div>
					</div>
					<div class="test-contents d-none">
						<div class="detail-head">
							<div class="p-v-10 d-inline-block">
								<div class="info">
									<h5 class="test-status text-pass">addMultipleCustomerTest</h5>
									<span class='badge badge-success'>06.11.2021 07:47:58</span>
									<span class='badge badge-danger'>06.11.2021 07:47:59</span>
									<span class='badge badge-default'>0h 0m 1s+750ms</span>
								</div>
								<div class="m-t-10 m-l-5">
									
								</div>
							</div>
						</div>
<div class="detail-body mt-4">                                              
<table class="table table-sm">
	<thead><tr>
		<th class="status-col">Status</th>
		<th class="timestamp-col">Timestamp</th>
		<th class="details-col">Details</th>
	</tr></thead>
	<tbody>
			<tr class="event-row">
				<td><i class="fa fa-info text-info"></i></td>
				<td>7:47:58 AM</td>
				<td>
						description of testcase:- BANK MANAGER LOGIN > ADD CUSTOMER TAB - adding multiple customers
				</td>
			</tr>
			<tr class="event-row">
				<td><i class="fa fa-info text-info"></i></td>
				<td>7:47:58 AM</td>
				<td>
						locator(FirstName_css) filled with value 'Shiv' successfully
				</td>
			</tr>
			<tr class="event-row">
				<td><i class="fa fa-info text-info"></i></td>
				<td>7:47:58 AM</td>
				<td>
						locator(LastName_css) filled with value 'Sahil' successfully
				</td>
			</tr>
			<tr class="event-row">
				<td><i class="fa fa-info text-info"></i></td>
				<td>7:47:58 AM</td>
				<td>
						locator(PinCode_css) filled with value '160014' successfully
				</td>
			</tr>
			<tr class="event-row">
				<td><i class="fa fa-info text-info"></i></td>
				<td>7:47:58 AM</td>
				<td>
						locator(AddCustomer_xpath) clicked successfully
				</td>
			</tr>
			<tr class="event-row">
				<td><i class="fa fa-info text-info"></i></td>
				<td>7:47:58 AM</td>
				<td>
						VERIFY :- text(Customer added successfully with customer id) is present in Alert Box
				</td>
			</tr>
			<tr class="event-row">
				<td><i class="fa fa-info text-info"></i></td>
				<td>7:47:58 AM</td>
				<td>
						Action(accept) successfully taken on alert, present on page
				</td>
			</tr>
			<tr class="event-row">
				<td><i class="fa fa-check text-pass"></i></td>
				<td>7:47:59 AM</td>
				<td>
						addMultipleCustomerTest HAS PASSED
				</td>
			</tr>
	</tbody>
</table>
</div>
					</div>
				</li>
				<li class="test-item"  status="pass" test-id="3"
					author=""
					tag=""
					device="">
					<div class="status-avatar pass-bg">
						<i class="fa fa-check text-white"></i>
					</div>
					<div class="open-test">
						<div class="test-detail">
							<p class="name">addMultipleCustomerTest</p>
							<p class="duration text-sm">0h 0m 1s+749ms</p>
							<span class="datetime">07:47:59 AM</span>
						</div>
					</div>
					<div class="test-contents d-none">
						<div class="detail-head">
							<div class="p-v-10 d-inline-block">
								<div class="info">
									<h5 class="test-status text-pass">addMultipleCustomerTest</h5>
									<span class='badge badge-success'>06.11.2021 07:47:59</span>
									<span class='badge badge-danger'>06.11.2021 07:48:01</span>
									<span class='badge badge-default'>0h 0m 1s+749ms</span>
								</div>
								<div class="m-t-10 m-l-5">
									
								</div>
							</div>
						</div>
<div class="detail-body mt-4">                                              
<table class="table table-sm">
	<thead><tr>
		<th class="status-col">Status</th>
		<th class="timestamp-col">Timestamp</th>
		<th class="details-col">Details</th>
	</tr></thead>
	<tbody>
			<tr class="event-row">
				<td><i class="fa fa-info text-info"></i></td>
				<td>7:47:59 AM</td>
				<td>
						description of testcase:- BANK MANAGER LOGIN > ADD CUSTOMER TAB - adding multiple customers
				</td>
			</tr>
			<tr class="event-row">
				<td><i class="fa fa-info text-info"></i></td>
				<td>7:48:00 AM</td>
				<td>
						locator(FirstName_css) filled with value 'Sahil' successfully
				</td>
			</tr>
			<tr class="event-row">
				<td><i class="fa fa-info text-info"></i></td>
				<td>7:48:00 AM</td>
				<td>
						locator(LastName_css) filled with value 'Guleri' successfully
				</td>
			</tr>
			<tr class="event-row">
				<td><i class="fa fa-info text-info"></i></td>
				<td>7:48:00 AM</td>
				<td>
						locator(PinCode_css) filled with value '3967' successfully
				</td>
			</tr>
			<tr class="event-row">
				<td><i class="fa fa-info text-info"></i></td>
				<td>7:48:00 AM</td>
				<td>
						locator(AddCustomer_xpath) clicked successfully
				</td>
			</tr>
			<tr class="event-row">
				<td><i class="fa fa-info text-info"></i></td>
				<td>7:48:00 AM</td>
				<td>
						VERIFY :- text(Customer added successfully with customer id) is present in Alert Box
				</td>
			</tr>
			<tr class="event-row">
				<td><i class="fa fa-info text-info"></i></td>
				<td>7:48:00 AM</td>
				<td>
						Action(accept) successfully taken on alert, present on page
				</td>
			</tr>
			<tr class="event-row">
				<td><i class="fa fa-check text-pass"></i></td>
				<td>7:48:01 AM</td>
				<td>
						addMultipleCustomerTest HAS PASSED
				</td>
			</tr>
	</tbody>
</table>
</div>
					</div>
				</li>
				<li class="test-item"  status="pass" test-id="4"
					author=""
					tag=""
					device="">
					<div class="status-avatar pass-bg">
						<i class="fa fa-check text-white"></i>
					</div>
					<div class="open-test">
						<div class="test-detail">
							<p class="name">addMultipleCustomerTest</p>
							<p class="duration text-sm">0h 0m 1s+351ms</p>
							<span class="datetime">07:48:01 AM</span>
						</div>
					</div>
					<div class="test-contents d-none">
						<div class="detail-head">
							<div class="p-v-10 d-inline-block">
								<div class="info">
									<h5 class="test-status text-pass">addMultipleCustomerTest</h5>
									<span class='badge badge-success'>06.11.2021 07:48:01</span>
									<span class='badge badge-danger'>06.11.2021 07:48:02</span>
									<span class='badge badge-default'>0h 0m 1s+351ms</span>
								</div>
								<div class="m-t-10 m-l-5">
									
								</div>
							</div>
						</div>
<div class="detail-body mt-4">                                              
<table class="table table-sm">
	<thead><tr>
		<th class="status-col">Status</th>
		<th class="timestamp-col">Timestamp</th>
		<th class="details-col">Details</th>
	</tr></thead>
	<tbody>
			<tr class="event-row">
				<td><i class="fa fa-info text-info"></i></td>
				<td>7:48:01 AM</td>
				<td>
						description of testcase:- BANK MANAGER LOGIN > ADD CUSTOMER TAB - adding multiple customers
				</td>
			</tr>
			<tr class="event-row">
				<td><i class="fa fa-info text-info"></i></td>
				<td>7:48:01 AM</td>
				<td>
						locator(FirstName_css) filled with value 'No' successfully
				</td>
			</tr>
			<tr class="event-row">
				<td><i class="fa fa-info text-info"></i></td>
				<td>7:48:01 AM</td>
				<td>
						locator(LastName_css) filled with value 'Cust' successfully
				</td>
			</tr>
			<tr class="event-row">
				<td><i class="fa fa-info text-info"></i></td>
				<td>7:48:01 AM</td>
				<td>
						locator(PinCode_css) filled with value '1332' successfully
				</td>
			</tr>
			<tr class="event-row">
				<td><i class="fa fa-info text-info"></i></td>
				<td>7:48:01 AM</td>
				<td>
						locator(AddCustomer_xpath) clicked successfully
				</td>
			</tr>
			<tr class="event-row">
				<td><i class="fa fa-info text-info"></i></td>
				<td>7:48:01 AM</td>
				<td>
						VERIFY :- text(Customer added successfully with customer id) is present in Alert Box
				</td>
			</tr>
			<tr class="event-row">
				<td><i class="fa fa-info text-info"></i></td>
				<td>7:48:02 AM</td>
				<td>
						Action(accept) successfully taken on alert, present on page
				</td>
			</tr>
			<tr class="event-row">
				<td><i class="fa fa-check text-pass"></i></td>
				<td>7:48:02 AM</td>
				<td>
						addMultipleCustomerTest HAS PASSED
				</td>
			</tr>
	</tbody>
</table>
</div>
					</div>
				</li>
				<li class="test-item"  status="fail" test-id="5"
					author=""
					tag=""
					device="">
					<div class="status-avatar fail-bg">
						<i class="fa fa-times text-white"></i>
					</div>
					<div class="open-test">
						<div class="test-detail">
							<p class="name">openAccountMethod</p>
							<p class="duration text-sm">0h 0m 36s+964ms</p>
							<span class="datetime">07:48:03 AM</span>
						</div>
					</div>
					<div class="test-contents d-none">
						<div class="detail-head">
							<div class="p-v-10 d-inline-block">
								<div class="info">
									<h5 class="test-status text-fail">openAccountMethod</h5>
									<span class='badge badge-success'>06.11.2021 07:48:03</span>
									<span class='badge badge-danger'>06.11.2021 07:48:40</span>
									<span class='badge badge-default'>0h 0m 36s+964ms</span>
								</div>
								<div class="m-t-10 m-l-5">
									
								</div>
							</div>
						</div>
<div class="detail-body mt-4">                                              
<table class="table table-sm">
	<thead><tr>
		<th class="status-col">Status</th>
		<th class="timestamp-col">Timestamp</th>
		<th class="details-col">Details</th>
	</tr></thead>
	<tbody>
			<tr class="event-row">
				<td><i class="fa fa-info text-info"></i></td>
				<td>7:48:03 AM</td>
				<td>
						description of testcase:- BANK MANAGER LOGIN > OPEN CUSTOMER TAB - opening multiple customers account
				</td>
			</tr>
			<tr class="event-row">
				<td><i class="fa fa-info text-info"></i></td>
				<td>7:48:03 AM</td>
				<td>
						locator(OpenAccountTab_xpath) clicked successfully
				</td>
			</tr>
			<tr class="event-row">
				<td><i class="fa fa-info text-info"></i></td>
				<td>7:48:03 AM</td>
				<td>
						option(Sahil Guleri) selected successfully on dropdown(CustomerDropDown_id)
				</td>
			</tr>
			<tr class="event-row">
				<td><i class="fa fa-info text-info"></i></td>
				<td>7:48:04 AM</td>
				<td>
						option(Pound) selected successfully on dropdown(CurrencyDropDown_id)
				</td>
			</tr>
			<tr class="event-row">
				<td><i class="fa fa-times text-fail"></i></td>
				<td>7:48:40 AM</td>
				<td>
						<textarea disabled class="code-block">java.lang.AssertionError: locator(Submit_css) can't be clicked as it's NOT present on page.
 
 Error msg is :-   org.openqa.selenium.InvalidSelectorException: invalid selector: An invalid or illegal selector was specified
  (Session info: chrome=91.0.4472.77)
For documentation on this error, please visit: http://seleniumhq.org/exceptions/invalid_selector_exception.html
Build info: version: '3.14.0', revision: 'aacccce0', time: '2018-08-02T20:19:58.91Z'
System info: host: 'DESKTOP-IC0JENF', ip: '172.16.18.8', os.name: 'Windows 10', os.arch: 'amd64', os.version: '10.0', java.version: '1.8.0_271'
Driver info: org.openqa.selenium.chrome.ChromeDriver
Capabilities {acceptInsecureCerts: false, browserName: chrome, browserVersion: 91.0.4472.77, chrome: {chromedriverVersion: 90.0.4430.24 (4c6d850f087da..., userDataDir: C:\Users\NISHAN~1\AppData\L...}, goog:chromeOptions: {debuggerAddress: localhost:62606}, javascriptEnabled: true, networkConnectionEnabled: false, pageLoadStrategy: normal, platform: WINDOWS, platformName: WINDOWS, proxy: Proxy(), setWindowRect: true, strictFileInteractability: false, timeouts: {implicit: 0, pageLoad: 300000, script: 30000}, unhandledPromptBehavior: dismiss and notify, webauthn:extension:largeBlob: true, webauthn:virtualAuthenticators: true}
Session ID: d5d5bbaa84c74dfde6d3e783e4d5d64c
*** Element info: {Using=css selector, value=button[type='submit']1111}
	at org.testng.Assert.fail(Assert.java:97)
	at com.personal.base.Locators.failmsg(Locators.java:251)
	at com.personal.base.Locators.locator(Locators.java:77)
	at com.personal.base.BaseClass.click(BaseClass.java:136)
	at com.personal.testcases.OpenAccountTest.openAccountMethod(OpenAccountTest.java:18)
	at sun.reflect.NativeMethodAccessorImpl.invoke0(Native Method)
	at sun.reflect.NativeMethodAccessorImpl.invoke(NativeMethodAccessorImpl.java:62)
	at sun.reflect.DelegatingMethodAccessorImpl.invoke(DelegatingMethodAccessorImpl.java:43)
	at java.lang.reflect.Method.invoke(Method.java:498)
	at org.testng.internal.MethodInvocationHelper.invokeMethod(MethodInvocationHelper.java:134)
	at org.testng.internal.TestInvoker.invokeMethod(TestInvoker.java:597)
	at org.testng.internal.TestInvoker.invokeTestMethod(TestInvoker.java:173)
	at org.testng.internal.MethodRunner.runInSequence(MethodRunner.java:46)
	at org.testng.internal.TestInvoker$MethodInvocationAgent.invoke(TestInvoker.java:816)
	at org.testng.internal.TestInvoker.invokeTestMethods(TestInvoker.java:146)
	at org.testng.internal.TestMethodWorker.invokeTestMethods(TestMethodWorker.java:146)
	at org.testng.internal.TestMethodWorker.run(TestMethodWorker.java:128)
	at java.util.ArrayList.forEach(ArrayList.java:1259)
	at org.testng.TestRunner.privateRun(TestRunner.java:766)
	at org.testng.TestRunner.run(TestRunner.java:587)
	at org.testng.SuiteRunner.runTest(SuiteRunner.java:384)
	at org.testng.SuiteRunner.runSequentially(SuiteRunner.java:378)
	at org.testng.SuiteRunner.privateRun(SuiteRunner.java:337)
	at org.testng.SuiteRunner.run(SuiteRunner.java:286)
	at org.testng.SuiteRunnerWorker.runSuite(SuiteRunnerWorker.java:53)
	at org.testng.SuiteRunnerWorker.run(SuiteRunnerWorker.java:96)
	at org.testng.TestNG.runSuitesSequentially(TestNG.java:1187)
	at org.testng.TestNG.runSuitesLocally(TestNG.java:1109)
	at org.testng.TestNG.runSuites(TestNG.java:1039)
	at org.testng.TestNG.run(TestNG.java:1007)
	at org.testng.remote.AbstractRemoteTestNG.run(AbstractRemoteTestNG.java:115)
	at org.testng.remote.RemoteTestNG.initAndRun(RemoteTestNG.java:251)
	at org.testng.remote.RemoteTestNG.main(RemoteTestNG.java:77)
</textarea>
				</td>
			</tr>
			<tr class="event-row">
				<td><i class="fa fa-times text-fail"></i></td>
				<td>7:48:40 AM</td>
				<td>
						openAccountMethod HAS FAILED
				</td>
			</tr>
	</tbody>
</table>
</div>
<div class="detail-foot">
	<ul class="attachments">
			<img class='r-img' onerror='this.style.display="none"' data-featherlight='C:\Users\Nishant Guleri\eclipse-workspace\HybridFramework\src\test\resources\screenshots\11_June_07_AM_48_39_969OPENACCOUNTMETHOD.png' src='C:\Users\Nishant Guleri\eclipse-workspace\HybridFramework\src\test\resources\screenshots\11_June_07_AM_48_39_969OPENACCOUNTMETHOD.png'>
	</ul>
</div>
					</div>
				</li>
				<li class="test-item"  status="fail" test-id="6"
					author=""
					tag=""
					device="">
					<div class="status-avatar fail-bg">
						<i class="fa fa-times text-white"></i>
					</div>
					<div class="open-test">
						<div class="test-detail">
							<p class="name">openAccountMethod</p>
							<p class="duration text-sm">0h 2m 19s+657ms</p>
							<span class="datetime">07:48:40 AM</span>
						</div>
					</div>
					<div class="test-contents d-none">
						<div class="detail-head">
							<div class="p-v-10 d-inline-block">
								<div class="info">
									<h5 class="test-status text-fail">openAccountMethod</h5>
									<span class='badge badge-success'>06.11.2021 07:48:40</span>
									<span class='badge badge-danger'>06.11.2021 07:50:59</span>
									<span class='badge badge-default'>0h 2m 19s+657ms</span>
								</div>
								<div class="m-t-10 m-l-5">
									
								</div>
							</div>
						</div>
<div class="detail-body mt-4">                                              
<table class="table table-sm">
	<thead><tr>
		<th class="status-col">Status</th>
		<th class="timestamp-col">Timestamp</th>
		<th class="details-col">Details</th>
	</tr></thead>
	<tbody>
			<tr class="event-row">
				<td><i class="fa fa-info text-info"></i></td>
				<td>7:48:40 AM</td>
				<td>
						description of testcase:- BANK MANAGER LOGIN > OPEN CUSTOMER TAB - opening multiple customers account
				</td>
			</tr>
			<tr class="event-row">
				<td><i class="fa fa-info text-info"></i></td>
				<td>7:48:40 AM</td>
				<td>
						locator(OpenAccountTab_xpath) clicked successfully
				</td>
			</tr>
			<tr class="event-row">
				<td><i class="fa fa-info text-info"></i></td>
				<td>7:48:40 AM</td>
				<td>
						option(Shiv Sahil) selected successfully on dropdown(CustomerDropDown_id)
				</td>
			</tr>
			<tr class="event-row">
				<td><i class="fa fa-info text-info"></i></td>
				<td>7:48:40 AM</td>
				<td>
						option(Rupee) selected successfully on dropdown(CurrencyDropDown_id)
				</td>
			</tr>
			<tr class="event-row">
				<td><i class="fa fa-times text-fail"></i></td>
				<td>7:50:59 AM</td>
				<td>
						<textarea disabled class="code-block">java.lang.AssertionError: locator(Submit_css) can't be clicked as it's NOT present on page.
 
 Error msg is :-   org.openqa.selenium.InvalidSelectorException: invalid selector: An invalid or illegal selector was specified
  (Session info: chrome=91.0.4472.77)
For documentation on this error, please visit: http://seleniumhq.org/exceptions/invalid_selector_exception.html
Build info: version: '3.14.0', revision: 'aacccce0', time: '2018-08-02T20:19:58.91Z'
System info: host: 'DESKTOP-IC0JENF', ip: '172.16.18.8', os.name: 'Windows 10', os.arch: 'amd64', os.version: '10.0', java.version: '1.8.0_271'
Driver info: org.openqa.selenium.chrome.ChromeDriver
Capabilities {acceptInsecureCerts: false, browserName: chrome, browserVersion: 91.0.4472.77, chrome: {chromedriverVersion: 90.0.4430.24 (4c6d850f087da..., userDataDir: C:\Users\NISHAN~1\AppData\L...}, goog:chromeOptions: {debuggerAddress: localhost:62606}, javascriptEnabled: true, networkConnectionEnabled: false, pageLoadStrategy: normal, platform: WINDOWS, platformName: WINDOWS, proxy: Proxy(), setWindowRect: true, strictFileInteractability: false, timeouts: {implicit: 0, pageLoad: 300000, script: 30000}, unhandledPromptBehavior: dismiss and notify, webauthn:extension:largeBlob: true, webauthn:virtualAuthenticators: true}
Session ID: d5d5bbaa84c74dfde6d3e783e4d5d64c
*** Element info: {Using=css selector, value=button[type='submit']1111}
	at org.testng.Assert.fail(Assert.java:97)
	at com.personal.base.Locators.failmsg(Locators.java:251)
	at com.personal.base.Locators.locator(Locators.java:77)
	at com.personal.base.BaseClass.click(BaseClass.java:136)
	at com.personal.testcases.OpenAccountTest.openAccountMethod(OpenAccountTest.java:18)
	at sun.reflect.NativeMethodAccessorImpl.invoke0(Native Method)
	at sun.reflect.NativeMethodAccessorImpl.invoke(NativeMethodAccessorImpl.java:62)
	at sun.reflect.DelegatingMethodAccessorImpl.invoke(DelegatingMethodAccessorImpl.java:43)
	at java.lang.reflect.Method.invoke(Method.java:498)
	at org.testng.internal.MethodInvocationHelper.invokeMethod(MethodInvocationHelper.java:134)
	at org.testng.internal.TestInvoker.invokeMethod(TestInvoker.java:597)
	at org.testng.internal.TestInvoker.invokeTestMethod(TestInvoker.java:173)
	at org.testng.internal.MethodRunner.runInSequence(MethodRunner.java:46)
	at org.testng.internal.TestInvoker$MethodInvocationAgent.invoke(TestInvoker.java:816)
	at org.testng.internal.TestInvoker.invokeTestMethods(TestInvoker.java:146)
	at org.testng.internal.TestMethodWorker.invokeTestMethods(TestMethodWorker.java:146)
	at org.testng.internal.TestMethodWorker.run(TestMethodWorker.java:128)
	at java.util.ArrayList.forEach(ArrayList.java:1259)
	at org.testng.TestRunner.privateRun(TestRunner.java:766)
	at org.testng.TestRunner.run(TestRunner.java:587)
	at org.testng.SuiteRunner.runTest(SuiteRunner.java:384)
	at org.testng.SuiteRunner.runSequentially(SuiteRunner.java:378)
	at org.testng.SuiteRunner.privateRun(SuiteRunner.java:337)
	at org.testng.SuiteRunner.run(SuiteRunner.java:286)
	at org.testng.SuiteRunnerWorker.runSuite(SuiteRunnerWorker.java:53)
	at org.testng.SuiteRunnerWorker.run(SuiteRunnerWorker.java:96)
	at org.testng.TestNG.runSuitesSequentially(TestNG.java:1187)
	at org.testng.TestNG.runSuitesLocally(TestNG.java:1109)
	at org.testng.TestNG.runSuites(TestNG.java:1039)
	at org.testng.TestNG.run(TestNG.java:1007)
	at org.testng.remote.AbstractRemoteTestNG.run(AbstractRemoteTestNG.java:115)
	at org.testng.remote.RemoteTestNG.initAndRun(RemoteTestNG.java:251)
	at org.testng.remote.RemoteTestNG.main(RemoteTestNG.java:77)
</textarea>
				</td>
			</tr>
			<tr class="event-row">
				<td><i class="fa fa-times text-fail"></i></td>
				<td>7:50:59 AM</td>
				<td>
						openAccountMethod HAS FAILED
				</td>
			</tr>
	</tbody>
</table>
</div>
<div class="detail-foot">
	<ul class="attachments">
			<img class='r-img' onerror='this.style.display="none"' data-featherlight='C:\Users\Nishant Guleri\eclipse-workspace\HybridFramework\src\test\resources\screenshots\11_June_07_AM_50_59_666OPENACCOUNTMETHOD.png' src='C:\Users\Nishant Guleri\eclipse-workspace\HybridFramework\src\test\resources\screenshots\11_June_07_AM_50_59_666OPENACCOUNTMETHOD.png'>
	</ul>
</div>
					</div>
				</li>
				<li class="test-item"  status="pass" test-id="7"
					author=""
					tag=""
					device="">
					<div class="status-avatar pass-bg">
						<i class="fa fa-check text-white"></i>
					</div>
					<div class="open-test">
						<div class="test-detail">
							<p class="name">customerLoginMethod</p>
							<p class="duration text-sm">0h 0m 0s+1ms</p>
							<span class="datetime">07:50:59 AM</span>
						</div>
					</div>
					<div class="test-contents d-none">
						<div class="detail-head">
							<div class="p-v-10 d-inline-block">
								<div class="info">
									<h5 class="test-status text-pass">customerLoginMethod</h5>
									<span class='badge badge-success'>06.11.2021 07:50:59</span>
									<span class='badge badge-danger'>06.11.2021 07:50:59</span>
									<span class='badge badge-default'>0h 0m 0s+1ms</span>
								</div>
								<div class="m-t-10 m-l-5">
									
								</div>
							</div>
						</div>
<div class="detail-body mt-4">                                              
<table class="table table-sm">
	<thead><tr>
		<th class="status-col">Status</th>
		<th class="timestamp-col">Timestamp</th>
		<th class="details-col">Details</th>
	</tr></thead>
	<tbody>
			<tr class="event-row">
				<td><i class="fa fa-info text-info"></i></td>
				<td>7:50:59 AM</td>
				<td>
						description of testcase:- CUSTOMER LOGIN - login as customer
				</td>
			</tr>
	</tbody>
</table>
</div>
					</div>
				</li>
				<li class="test-item"  status="fail" test-id="8"
					author=""
					tag=""
					device="">
					<div class="status-avatar fail-bg">
						<i class="fa fa-times text-white"></i>
					</div>
					<div class="open-test">
						<div class="test-detail">
							<p class="name">loginAsmanagerTest</p>
							<p class="duration text-sm">0h 0m 4s+170ms</p>
							<span class="datetime">07:50:59 AM</span>
						</div>
					</div>
					<div class="test-contents d-none">
						<div class="detail-head">
							<div class="p-v-10 d-inline-block">
								<div class="info">
									<h5 class="test-status text-fail">loginAsmanagerTest</h5>
									<span class='badge badge-success'>06.11.2021 07:50:59</span>
									<span class='badge badge-danger'>06.11.2021 07:51:04</span>
									<span class='badge badge-default'>0h 0m 4s+170ms</span>
								</div>
								<div class="m-t-10 m-l-5">
									
								</div>
							</div>
						</div>
<div class="detail-body mt-4">                                              
<table class="table table-sm">
	<thead><tr>
		<th class="status-col">Status</th>
		<th class="timestamp-col">Timestamp</th>
		<th class="details-col">Details</th>
	</tr></thead>
	<tbody>
			<tr class="event-row">
				<td><i class="fa fa-info text-info"></i></td>
				<td>7:50:59 AM</td>
				<td>
						description of testcase:- BANK MANAGER LOGIN - login as bank manager and checking availability of ADD CUSTOMER TAB on screen
				</td>
			</tr>
			<tr class="event-row">
				<td><i class="fa fa-times text-fail"></i></td>
				<td>7:51:04 AM</td>
				<td>
						<textarea disabled class="code-block">java.lang.AssertionError: locator(BankMangLogin_css) can't be clicked as it's NOT present on page.
 
 Error msg is :-   org.openqa.selenium.NoSuchElementException: no such element: Unable to locate element: {"method":"css selector","selector":"div > div:last-child > button.btn.btn-primary.btn-lg"}
  (Session info: chrome=91.0.4472.77)
For documentation on this error, please visit: http://seleniumhq.org/exceptions/no_such_element.html
Build info: version: '3.14.0', revision: 'aacccce0', time: '2018-08-02T20:19:58.91Z'
System info: host: 'DESKTOP-IC0JENF', ip: '172.16.18.8', os.name: 'Windows 10', os.arch: 'amd64', os.version: '10.0', java.version: '1.8.0_271'
Driver info: org.openqa.selenium.chrome.ChromeDriver
Capabilities {acceptInsecureCerts: false, browserName: chrome, browserVersion: 91.0.4472.77, chrome: {chromedriverVersion: 90.0.4430.24 (4c6d850f087da..., userDataDir: C:\Users\NISHAN~1\AppData\L...}, goog:chromeOptions: {debuggerAddress: localhost:62606}, javascriptEnabled: true, networkConnectionEnabled: false, pageLoadStrategy: normal, platform: WINDOWS, platformName: WINDOWS, proxy: Proxy(), setWindowRect: true, strictFileInteractability: false, timeouts: {implicit: 0, pageLoad: 300000, script: 30000}, unhandledPromptBehavior: dismiss and notify, webauthn:extension:largeBlob: true, webauthn:virtualAuthenticators: true}
Session ID: d5d5bbaa84c74dfde6d3e783e4d5d64c
*** Element info: {Using=css selector, value=div > div:last-child > button.btn.btn-primary.btn-lg}
	at org.testng.Assert.fail(Assert.java:97)
	at com.personal.base.Locators.failmsg(Locators.java:251)
	at com.personal.base.Locators.locator(Locators.java:77)
	at com.personal.base.BaseClass.click(BaseClass.java:222)
	at com.personal.testcases.AddCustomerTest.loginAsmanagerTest(AddCustomerTest.java:17)
	at sun.reflect.NativeMethodAccessorImpl.invoke0(Native Method)
	at sun.reflect.NativeMethodAccessorImpl.invoke(NativeMethodAccessorImpl.java:62)
	at sun.reflect.DelegatingMethodAccessorImpl.invoke(DelegatingMethodAccessorImpl.java:43)
	at java.lang.reflect.Method.invoke(Method.java:498)
	at org.testng.internal.MethodInvocationHelper.invokeMethod(MethodInvocationHelper.java:134)
	at org.testng.internal.TestInvoker.invokeMethod(TestInvoker.java:597)
	at org.testng.internal.TestInvoker.invokeTestMethod(TestInvoker.java:173)
	at org.testng.internal.MethodRunner.runInSequence(MethodRunner.java:46)
	at org.testng.internal.TestInvoker$MethodInvocationAgent.invoke(TestInvoker.java:816)
	at org.testng.internal.TestInvoker.invokeTestMethods(TestInvoker.java:146)
	at org.testng.internal.TestMethodWorker.invokeTestMethods(TestMethodWorker.java:146)
	at org.testng.internal.TestMethodWorker.run(TestMethodWorker.java:128)
	at java.util.ArrayList.forEach(ArrayList.java:1259)
	at org.testng.TestRunner.privateRun(TestRunner.java:766)
	at org.testng.TestRunner.run(TestRunner.java:587)
	at org.testng.SuiteRunner.runTest(SuiteRunner.java:384)
	at org.testng.SuiteRunner.runSequentially(SuiteRunner.java:378)
	at org.testng.SuiteRunner.privateRun(SuiteRunner.java:337)
	at org.testng.SuiteRunner.run(SuiteRunner.java:286)
	at org.testng.SuiteRunnerWorker.runSuite(SuiteRunnerWorker.java:53)
	at org.testng.SuiteRunnerWorker.run(SuiteRunnerWorker.java:96)
	at org.testng.TestNG.runSuitesSequentially(TestNG.java:1187)
	at org.testng.TestNG.runSuitesLocally(TestNG.java:1109)
	at org.testng.TestNG.runSuites(TestNG.java:1039)
	at org.testng.TestNG.run(TestNG.java:1007)
	at org.testng.remote.AbstractRemoteTestNG.run(AbstractRemoteTestNG.java:115)
	at org.testng.remote.RemoteTestNG.initAndRun(RemoteTestNG.java:251)
	at org.testng.remote.RemoteTestNG.main(RemoteTestNG.java:77)
</textarea>
				</td>
			</tr>
			<tr class="event-row">
				<td><i class="fa fa-times text-fail"></i></td>
				<td>7:51:04 AM</td>
				<td>
						loginAsmanagerTest HAS FAILED
				</td>
			</tr>
	</tbody>
</table>
</div>
<div class="detail-foot">
	<ul class="attachments">
			<img class='r-img' onerror='this.style.display="none"' data-featherlight='C:\Users\Nishant Guleri\eclipse-workspace\HybridFramework\src\test\resources\screenshots\11_June_07_AM_51_03_946LOGINASMANAGERTEST.png' src='C:\Users\Nishant Guleri\eclipse-workspace\HybridFramework\src\test\resources\screenshots\11_June_07_AM_51_03_946LOGINASMANAGERTEST.png'>
	</ul>
</div>
					</div>
				</li>
			</ul>
		</div>
	</div>
	<div class="test-content scrollable">
		<div class="test-content-tools">
			<ul>
				<li>
					<a class="back-to-test" href="javascript:void(0)">
					<i class="fa fa-arrow-left"></i>
					</a>
				</li>
			</ul>
		</div>
		<div class="test-content-detail">
			<div class="detail-body"></div>
		</div>
	</div>
</div><div class="test-wrapper row exception-view attributes-view">
	<div class="test-list">
		<div class="test-list-tools">
			<ul class="tools pull-left">
				<li>
					<a href="">
					<span class="font-size-14">Exception</span>
					</a>
				</li>
			</ul>
			<ul class="tools text-right">
				<li>
					<a href="#">
					<span class="badge badge-primary">1</span>
					</a>
				</li>
			</ul>
		</div>
		<div class="test-list-wrapper scrollable">
			<ul class="test-list-item">
				<li class="test-item">
					<div class="open-test">
						<div class="test-detail">
							<p class="name">java.lang.AssertionError</p>
							<p class="duration text-sm">3 tests</p>
						</div>
					</div>
					<div class="test-contents d-none">
						<div class="info">
							<h4>java.lang.AssertionError</h4>
						</div>
						<table class='table table-sm mt-4'>
							<thead>
								<tr>
									<th class="status-col">Status</th>
									<th class="timestamp-col">Timestamp</th>
									<th>TestName</th>
								</tr>
							</thead>
							<tbody>
								<tr>
									<td>
										<div class='status-avatar fail-bg'>
											<i class="fa fa-times text-white"></i>
										</div>
									</td>
									<td>07:48:03 AM</td>
									<td class='linked' test-id='5'>
										openAccountMethod
									</td>
								</tr>
								<tr>
									<td>
										<div class='status-avatar fail-bg'>
											<i class="fa fa-times text-white"></i>
										</div>
									</td>
									<td>07:48:40 AM</td>
									<td class='linked' test-id='6'>
										openAccountMethod
									</td>
								</tr>
								<tr>
									<td>
										<div class='status-avatar fail-bg'>
											<i class="fa fa-times text-white"></i>
										</div>
									</td>
									<td>07:50:59 AM</td>
									<td class='linked' test-id='8'>
										loginAsmanagerTest
									</td>
								</tr>
							</tbody>
						</table>
					</div>
				</li>
			</ul>
		</div>
	</div>
	<div class="test-content scrollable">
		<div class="test-content-tools">
			<ul>
				<li>
					<a class="back-to-test" href="javascript:void(0)">
					<i class="fa fa-arrow-left"></i>
					</a>
				</li>
			</ul>
		</div>
		<div class="test-content-detail">
			<div class="detail-body"></div>
		</div>
	</div>
</div>                    <!-- dashboard -->
<div class="container-fluid p-4 dashboard-view">
	<div class="row">
		<div class="col-md-6">
			<div class="card">
				<div class="card-header">
					<h6 class="card-title">Tests</h6>
				</div>
				<div class="card-body">
					<div class="">
						<canvas id='parent-analysis' width='115' height='90'></canvas>
					</div>
				</div>
				<div class="card-footer">
					<div><small data-tooltip='50%'>
						<b>4</b> tests passed
						</small>
					</div>
					<div>
						<small data-tooltip='37.5%'><b>3</b> tests failed, 
						<b>0</b> skipped, <b data-tooltip='12.5%'>1</b> others
						</small>
					</div>
				</div>
			</div>
		</div>
		<div class="col-md-6">
			<div class="card">
				<div class="card-header">
					<h6 class="card-title">Log events</h6>
				</div>
				<div class="card-body">
					<div class="">
						<canvas id='events-analysis' width='115' height='90'></canvas>
					</div>
				</div>
				<div class="card-footer">
					<div><small data-tooltip='10.87%'><b>5</b> events passed</small></div>
					<div>
						<small data-tooltip='13.043%'><b>6</b> events failed, 
						<b data-tooltip='76.087%'>35</b> others
						</small>
					</div>
				</div>
			</div>
		</div>
	</div>
	<div class="row">
		<div class="col-md-3">
			<div class="card">
				<div class="card-body box-height-150">
					<div class="media justify-content-between">
						<div class="card-header">
							<h6 class="card-title">Tests</h6>
							<h2 class="font-size-28 font-weight-light mt-3">8</h2>
							<span class="text-semibold text-success font-size-15">
							<i class="ti-arrow-up font-size-11"></i> 
							<span>50.00%</span>
							</span>
						</div>
						<div class="align-self-end">
							<i class="fa fa-align-left font-size-70 opacity-01"></i>
						</div>
					</div>
				</div>
			</div>
		</div>
		<div class="col-md-3">
			<div class="card">
				<div class="card-body box-height-150">
					<div class="media justify-content-between">
						<div class="card-header">
							<h6 class="card-title">Start</h6>
							<h4 class="font-weight-light mt-4">Jun 11, 2021 07:47:45 AM</h4>
							<span class="text-semibold text-success font-size-15">
						</div>
						<div class="align-self-end">
							<i class="fa fa-clock-o font-size-70 text-success opacity-01"></i>
						</div>
					</div>
				</div>
			</div>
		</div>
		<div class="col-md-3">
			<div class="card">
				<div class="card-body box-height-150">
					<div class="media justify-content-between">
						<div class="card-header">
							<h6 class="card-title">Duration</h6>
							<h4 class="font-weight-light mt-4">0h 3m 18s+814ms</h4>
							<span class="text-semibold font-size-15">
						</div>
						<div class="align-self-end">
							<i class="fa fa-clock-o font-size-70 opacity-01"></i>
						</div>
					</div>
				</div>
			</div>
		</div>
	</div>
	<div class="row">
		<div class="col-md-12">
			<div class="card">
				<div class="card-header">
					<h6 class="card-title">Timeline</h6>
				</div>
				<div class="card-body">
					<div class="">
						<canvas id="timeline" height="120"></canvas>
					</div>
				</div>
			</div>
		</div>
	</div>
	<div class="row">
		<div class="col-md-4">
			<div class="card">
				<div class="card-header">
					<h6 class="card-title">Environment</h6>
				</div>
				<div class="table-overflow">
					<table class="table table-sm">
						<thead>
							<tr class="bg-gray">
								<th>Name</th>
								<th>Value</th>
							</tr>
						</thead>
						<tbody>
							<tr>
								<td>Automation Tester</td>
								<td>Shiv Sahil Guleri</td>
							</tr>
							<tr>
								<td>Environment</td>
								<td>QA</td>
							</tr>
						</tbody>
					</table>
				</div>
			</div>
		</div>
	</div>
</div>
<script>
	var statusGroup = {
	    parentCount: 8,
		passParent: 4,
		failParent: 3,
		fatalParent: 0,
		errorParent: 1,
		warningParent: 0,
		skipParent: 0,
		exceptionsParent: 4,
		childCount: 0,
		passChild: 0,
		failChild: 0,
		fatalChild: 0,
		errorChild: 0,
		warningChild: 0,
		skipChild: 0,
		infoChild: 0,
		debugChild: 0,
		exceptionsChild: 0,
		grandChildCount: 0,
		passGrandChild: 0,
		failGrandChild: 0,
		fatalGrandChild: 0,
		errorGrandChild: 0,
		warningGrandChild: 0,
		skipGrandChild: 0,
		infoGrandChild: 0,
		debugGrandChild: 0,
		exceptionsGrandChild: 0,
		eventsCount: 46,
		passEvents: 5,
		failEvents: 6,
		fatalEvents: 0,
		errorEvents: 1,
		warningEvents: 0,
		skipEvents: 0,
		infoEvents: 34,
		debugEvents: 0,
		exceptionsEvents: 0
	};
</script>
<script>
	var timeline = {
	        "loginAsmanagerTest":8.761,"addMultipleCustomerTest":1.75,"addMultipleCustomerTest":1.749,"addMultipleCustomerTest":1.351,"openAccountMethod":36.964,"openAccountMethod":139.657,"customerLoginMethod":0.001,"loginAsmanagerTest":4.17
	};
</script>
                </div>
            </div>
        </div>
    </div>
    <script src="https://cdn.jsdelivr.net/gh/extent-framework/extent-github-cdn@ac7abbc71b4bb073da00153a5a3fdbcfe0c95e2a/spark/js/spark-script.js"></script>
<script type="text/javascript">


</script></body>
</html>