2021-Jun-11 17:22:00 PM [main] INFO  com.personal.base.BaseClass - CHROME browser opened 'http://www.way2automation.com/angularjs-protractor/banking/#/login' website successfully
2021-Jun-11 17:22:00 PM [main] DEBUG com.personal.base.BaseClass - Implicit wait set to - 4seconds   &  pageload timeout set to - 8seconds
2021-Jun-11 17:22:01 PM [main] DEBUG com.personal.base.BaseClass - window maximized
2021-Jun-11 17:22:01 PM [main] INFO  com.personal.base.BaseClass -  
 
 
 << EXECUTION OF loginAsmanagerTest HAS BEGUN >> 
2021-Jun-11 17:22:01 PM [main] INFO  com.personal.base.BaseClass - description of testcase:- BANK MANAGER LOGIN - login as bank manager and checking availability of ADD CUSTOMER TAB on screen
2021-Jun-11 17:22:01 PM [main] DEBUG com.personal.base.BaseClass - visibilityOfElementLocated timeout for locator(BankMangLogin_css) set to 10 seconds. locator(BankMangLogin_css) clicked successfully
2021-Jun-11 17:22:01 PM [main] ERROR com.personal.base.BaseClass - VERIFY :- '111111111111' is INCORRECT TITLE. Actual Title is :- Protractor practice website - Banking App
2021-Jun-11 17:22:05 PM [main] ERROR com.personal.base.BaseClass - ASSERT :- locator(AddCustomerButton_xpath) is NOT present on page.
 
 Error msg is :-   org.openqa.selenium.NoSuchElementException: no such element: Unable to locate element: {"method":"xpath","selector":"//button[@ng-click='addCust()']"}
  (Session info: chrome=91.0.4472.77)
For documentation on this error, please visit: http://seleniumhq.org/exceptions/no_such_element.html
Build info: version: '3.14.0', revision: 'aacccce0', time: '2018-08-02T20:19:58.91Z'
System info: host: 'DESKTOP-IC0JENF', ip: '172.16.18.8', os.name: 'Windows 10', os.arch: 'amd64', os.version: '10.0', java.version: '1.8.0_271'
Driver info: org.openqa.selenium.chrome.ChromeDriver
Capabilities {acceptInsecureCerts: false, browserName: chrome, browserVersion: 91.0.4472.77, chrome: {chromedriverVersion: 90.0.4430.24 (4c6d850f087da..., userDataDir: C:\Users\NISHAN~1\AppData\L...}, goog:chromeOptions: {debuggerAddress: localhost:57224}, javascriptEnabled: true, networkConnectionEnabled: false, pageLoadStrategy: normal, platform: WINDOWS, platformName: WINDOWS, proxy: Proxy(), setWindowRect: true, strictFileInteractability: false, timeouts: {implicit: 0, pageLoad: 300000, script: 30000}, unhandledPromptBehavior: dismiss and notify, webauthn:extension:largeBlob: true, webauthn:virtualAuthenticators: true}
Session ID: 44efd71a79e4d279f5e47007e8f60d36
*** Element info: {Using=xpath, value=//button[@ng-click='addCust()']}
2021-Jun-11 17:22:05 PM [main] WARN  com.personal.base.BaseClass - loginAsmanagerTest method is being re-run for count (1).Check exception below :---  
2021-Jun-11 17:22:05 PM [main] WARN  com.personal.base.BaseClass - java.lang.AssertionError: ASSERT :- locator(AddCustomerButton_xpath) is NOT present on page.
 
 Error msg is :-   org.openqa.selenium.NoSuchElementException: no such element: Unable to locate element: {"method":"xpath","selector":"//button[@ng-click='addCust()']"}
  (Session info: chrome=91.0.4472.77)
For documentation on this error, please visit: http://seleniumhq.org/exceptions/no_such_element.html
Build info: version: '3.14.0', revision: 'aacccce0', time: '2018-08-02T20:19:58.91Z'
System info: host: 'DESKTOP-IC0JENF', ip: '172.16.18.8', os.name: 'Windows 10', os.arch: 'amd64', os.version: '10.0', java.version: '1.8.0_271'
Driver info: org.openqa.selenium.chrome.ChromeDriver
Capabilities {acceptInsecureCerts: false, browserName: chrome, browserVersion: 91.0.4472.77, chrome: {chromedriverVersion: 90.0.4430.24 (4c6d850f087da..., userDataDir: C:\Users\NISHAN~1\AppData\L...}, goog:chromeOptions: {debuggerAddress: localhost:57224}, javascriptEnabled: true, networkConnectionEnabled: false, pageLoadStrategy: normal, platform: WINDOWS, platformName: WINDOWS, proxy: Proxy(), setWindowRect: true, strictFileInteractability: false, timeouts: {implicit: 0, pageLoad: 300000, script: 30000}, unhandledPromptBehavior: dismiss and notify, webauthn:extension:largeBlob: true, webauthn:virtualAuthenticators: true}
Session ID: 44efd71a79e4d279f5e47007e8f60d36
*** Element info: {Using=xpath, value=//button[@ng-click='addCust()']}
2021-Jun-11 17:22:07 PM [main] ERROR com.personal.base.BaseClass - loginAsmanagerTest HAS SKIPPED BECAUSE IT'S DEPENDENCY '[]' HAS FAILED
2021-Jun-11 17:22:07 PM [main] INFO  com.personal.base.BaseClass -  
 
 
 << EXECUTION OF loginAsmanagerTest HAS BEGUN >> 
2021-Jun-11 17:22:07 PM [main] INFO  com.personal.base.BaseClass - description of testcase:- BANK MANAGER LOGIN - login as bank manager and checking availability of ADD CUSTOMER TAB on screen
2021-Jun-11 17:22:07 PM [main] DEBUG com.personal.base.BaseClass - visibilityOfElementLocated timeout for locator(BankMangLogin_css) set to 10 seconds. locator(BankMangLogin_css) clicked successfully
2021-Jun-11 17:22:07 PM [main] ERROR com.personal.base.BaseClass - VERIFY :- '111111111111' is INCORRECT TITLE. Actual Title is :- Protractor practice website - Banking App
2021-Jun-11 17:22:11 PM [main] ERROR com.personal.base.BaseClass - ASSERT :- locator(AddCustomerButton_xpath) is NOT present on page.
 
 Error msg is :-   org.openqa.selenium.NoSuchElementException: no such element: Unable to locate element: {"method":"xpath","selector":"//button[@ng-click='addCust()']"}
  (Session info: chrome=91.0.4472.77)
For documentation on this error, please visit: http://seleniumhq.org/exceptions/no_such_element.html
Build info: version: '3.14.0', revision: 'aacccce0', time: '2018-08-02T20:19:58.91Z'
System info: host: 'DESKTOP-IC0JENF', ip: '172.16.18.8', os.name: 'Windows 10', os.arch: 'amd64', os.version: '10.0', java.version: '1.8.0_271'
Driver info: org.openqa.selenium.chrome.ChromeDriver
Capabilities {acceptInsecureCerts: false, browserName: chrome, browserVersion: 91.0.4472.77, chrome: {chromedriverVersion: 90.0.4430.24 (4c6d850f087da..., userDataDir: C:\Users\NISHAN~1\AppData\L...}, goog:chromeOptions: {debuggerAddress: localhost:57224}, javascriptEnabled: true, networkConnectionEnabled: false, pageLoadStrategy: normal, platform: WINDOWS, platformName: WINDOWS, proxy: Proxy(), setWindowRect: true, strictFileInteractability: false, timeouts: {implicit: 0, pageLoad: 300000, script: 30000}, unhandledPromptBehavior: dismiss and notify, webauthn:extension:largeBlob: true, webauthn:virtualAuthenticators: true}
Session ID: 44efd71a79e4d279f5e47007e8f60d36
*** Element info: {Using=xpath, value=//button[@ng-click='addCust()']}
2021-Jun-11 17:22:11 PM [main] ERROR com.personal.base.BaseClass - loginAsmanagerTest HAS FAILED 
2021-Jun-11 17:22:12 PM [main] DEBUG com.personal.base.BaseClass - Screenshot(11_June_05_PM_22_11_924LOGINASMANAGERTEST.png) of loginAsmanagerTest method taken successfully
2021-Jun-11 17:22:12 PM [main] DEBUG com.personal.base.BaseClass - Screenshot of loginAsmanagerTest method successfully attached to report 
2021-Jun-11 17:22:12 PM [main] INFO  com.personal.base.BaseClass -  
 
 
 << EXECUTION OF addMultipleCustomerTest HAS BEGUN >> 
2021-Jun-11 17:22:12 PM [main] INFO  com.personal.base.BaseClass - description of testcase:- BANK MANAGER LOGIN > ADD CUSTOMER TAB - adding multiple customers
2021-Jun-11 17:22:12 PM [main] ERROR com.personal.base.BaseClass - addMultipleCustomerTest HAS SKIPPED BECAUSE IT'S DEPENDENCY '[com.personal.testcases.AddCustomerTest.loginAsmanagerTest]' HAS FAILED
2021-Jun-11 17:22:12 PM [main] INFO  com.personal.base.BaseClass -  
 
 
 << EXECUTION OF openAccountMethod HAS BEGUN >> 
2021-Jun-11 17:22:12 PM [main] INFO  com.personal.base.BaseClass - description of testcase:- BANK MANAGER LOGIN > OPEN CUSTOMER TAB - opening multiple customers account
2021-Jun-11 17:22:12 PM [main] ERROR com.personal.base.BaseClass - openAccountMethod HAS SKIPPED BECAUSE IT'S DEPENDENCY '[openAccountMethodPrerequisites]' HAS FAILED
2021-Jun-11 17:22:12 PM [main] INFO  com.personal.base.BaseClass -  
 
 
 << EXECUTION OF customerLoginMethod HAS BEGUN >> 
2021-Jun-11 17:22:12 PM [main] INFO  com.personal.base.BaseClass - description of testcase:- CUSTOMER LOGIN - login as customer
2021-Jun-11 17:22:12 PM [main] ERROR com.personal.base.BaseClass - customerLoginMethod HAS SKIPPED BECAUSE IT'S DEPENDENCY '[CustomerLoginMethodPrerequisites]' HAS FAILED
2021-Jun-11 17:22:12 PM [main] INFO  com.personal.base.BaseClass - CHROME BROWSER CLOSED
2021-Jun-11 17:22:12 PM [main] DEBUG com.personal.base.BaseClass -  
 
 ------------------------------------------------------------------------------------------------- 
 

2021-Jun-11 17:22:14 PM [main] INFO  com.personal.base.BaseClass - CHROME browser opened 'http://www.way2automation.com/angularjs-protractor/banking/#/login' website successfully
2021-Jun-11 17:22:14 PM [main] DEBUG com.personal.base.BaseClass - Implicit wait set to - 4seconds   &  pageload timeout set to - 8seconds
2021-Jun-11 17:22:14 PM [main] DEBUG com.personal.base.BaseClass - window maximized
2021-Jun-11 17:22:14 PM [main] INFO  com.personal.base.BaseClass -  
 
 
 << EXECUTION OF loginAsmanagerTest HAS BEGUN >> 
2021-Jun-11 17:22:14 PM [main] INFO  com.personal.base.BaseClass - description of testcase:- BANK MANAGER LOGIN - login as bank manager and checking availability of ADD CUSTOMER TAB on screen
2021-Jun-11 17:22:14 PM [main] DEBUG com.personal.base.BaseClass - visibilityOfElementLocated timeout for locator(BankMangLogin_css) set to 10 seconds. locator(BankMangLogin_css) clicked successfully
2021-Jun-11 17:22:14 PM [main] ERROR com.personal.base.BaseClass - VERIFY :- '111111111111' is INCORRECT TITLE. Actual Title is :- Protractor practice website - Banking App
2021-Jun-11 17:22:14 PM [main] INFO  com.personal.base.BaseClass - ASSERT :- locator(AddCustomerButton_xpath) is present on page
2021-Jun-11 17:22:15 PM [main] DEBUG com.personal.base.BaseClass - locator(AddCustomerButton_xpath) clicked successfully
2021-Jun-11 17:22:15 PM [main] INFO  com.personal.base.BaseClass - loginAsmanagerTest HAS PASSED
2021-Jun-11 17:22:16 PM [main] INFO  com.personal.base.BaseClass -  
 
 
 << EXECUTION OF addMultipleCustomerTest HAS BEGUN >> 
2021-Jun-11 17:22:16 PM [main] INFO  com.personal.base.BaseClass - description of testcase:- BANK MANAGER LOGIN > ADD CUSTOMER TAB - adding multiple customers
2021-Jun-11 17:22:16 PM [main] DEBUG com.personal.base.BaseClass - locator(FirstName_css) filled with value 'Shiv' successfully
2021-Jun-11 17:22:16 PM [main] DEBUG com.personal.base.BaseClass - locator(LastName_css) filled with value 'Sahil' successfully
2021-Jun-11 17:22:16 PM [main] DEBUG com.personal.base.BaseClass - locator(PinCode_css) filled with value '160014' successfully
2021-Jun-11 17:22:16 PM [main] DEBUG com.personal.base.BaseClass - locator(AddCustomer_xpath) clicked successfully
2021-Jun-11 17:22:16 PM [main] INFO  com.personal.base.BaseClass - VERIFY :- text(Customer added successfully with customer id) is present in Alert Box
2021-Jun-11 17:22:16 PM [main] DEBUG com.personal.base.BaseClass -  Action(accept) successfully taken on Alert, present on page
2021-Jun-11 17:22:16 PM [main] INFO  com.personal.base.BaseClass - addMultipleCustomerTest HAS PASSED
2021-Jun-11 17:22:16 PM [main] INFO  com.personal.base.BaseClass -  
 
 
 << EXECUTION OF addMultipleCustomerTest HAS BEGUN >> 
2021-Jun-11 17:22:16 PM [main] INFO  com.personal.base.BaseClass - description of testcase:- BANK MANAGER LOGIN > ADD CUSTOMER TAB - adding multiple customers
2021-Jun-11 17:22:16 PM [main] DEBUG com.personal.base.BaseClass - locator(FirstName_css) filled with value 'Sahil' successfully
2021-Jun-11 17:22:16 PM [main] DEBUG com.personal.base.BaseClass - locator(LastName_css) filled with value 'Guleri' successfully
2021-Jun-11 17:22:16 PM [main] DEBUG com.personal.base.BaseClass - locator(PinCode_css) filled with value '3967' successfully
2021-Jun-11 17:22:16 PM [main] DEBUG com.personal.base.BaseClass - locator(AddCustomer_xpath) clicked successfully
2021-Jun-11 17:22:16 PM [main] INFO  com.personal.base.BaseClass - VERIFY :- text(Customer added successfully with customer id) is present in Alert Box
2021-Jun-11 17:22:16 PM [main] DEBUG com.personal.base.BaseClass -  Action(accept) successfully taken on Alert, present on page
2021-Jun-11 17:22:16 PM [main] INFO  com.personal.base.BaseClass - addMultipleCustomerTest HAS PASSED
2021-Jun-11 17:22:17 PM [main] INFO  com.personal.base.BaseClass -  
 
 
 << EXECUTION OF addMultipleCustomerTest HAS BEGUN >> 
2021-Jun-11 17:22:17 PM [main] INFO  com.personal.base.BaseClass - description of testcase:- BANK MANAGER LOGIN > ADD CUSTOMER TAB - adding multiple customers
2021-Jun-11 17:22:17 PM [main] DEBUG com.personal.base.BaseClass - locator(FirstName_css) filled with value 'No' successfully
2021-Jun-11 17:22:17 PM [main] DEBUG com.personal.base.BaseClass - locator(LastName_css) filled with value 'Cust' successfully
2021-Jun-11 17:22:17 PM [main] DEBUG com.personal.base.BaseClass - locator(PinCode_css) filled with value '1332' successfully
2021-Jun-11 17:22:17 PM [main] DEBUG com.personal.base.BaseClass - locator(AddCustomer_xpath) clicked successfully
2021-Jun-11 17:22:17 PM [main] INFO  com.personal.base.BaseClass - VERIFY :- text(Customer added successfully with customer id) is present in Alert Box
2021-Jun-11 17:22:17 PM [main] DEBUG com.personal.base.BaseClass -  Action(accept) successfully taken on Alert, present on page
2021-Jun-11 17:22:17 PM [main] INFO  com.personal.base.BaseClass - addMultipleCustomerTest HAS PASSED
2021-Jun-11 17:22:17 PM [main] ERROR com.personal.base.BaseClass - openAccountMethod HAS SKIPPED BECAUSE IT'S DEPENDENCY '[com.personal.testcases.AddCustomerTest.loginAsmanagerTest]' HAS FAILED
2021-Jun-11 17:22:17 PM [main] INFO  com.personal.base.BaseClass -  
 
 
 << EXECUTION OF customerLoginMethod HAS BEGUN >> 
2021-Jun-11 17:22:17 PM [main] INFO  com.personal.base.BaseClass - description of testcase:- CUSTOMER LOGIN - login as customer
2021-Jun-11 17:22:17 PM [main] ERROR com.personal.base.BaseClass - customerLoginMethod HAS SKIPPED BECAUSE IT'S DEPENDENCY '[CustomerLoginMethodPrerequisites]' HAS FAILED
2021-Jun-11 17:22:18 PM [main] INFO  com.personal.base.BaseClass - CHROME BROWSER CLOSED
2021-Jun-11 17:22:18 PM [main] DEBUG com.personal.base.BaseClass -  
 
 ------------------------------------------------------------------------------------------------- 
 

