14:49:12.958 [main] INFO  com.personal.base.BaseClass - FIREFOX BROWSER OPENED http://www.way2automation.com/angularjs-protractor/banking/#/login WEBSITE SUCCESSFULLY
14:49:13.021 [main] DEBUG com.personal.base.BaseClass - Implicit wait set to - 4seconds   &  pageload timeout set to - 5seconds
14:49:13.029 [main] DEBUG com.personal.base.BaseClass - window maximized
14:49:13.073 [main] INFO  com.personal.base.BaseClass - ##### EXECUTION OF loginAsmanagerTest HAS BEGUN
14:49:13.073 [main] INFO  com.personal.base.BaseClass - description of testcase:- clicking on login button and checking availability of buttons on screen
14:49:15.164 [main] DEBUG com.personal.base.BaseClass - visibilityOfElementLocated timeout for locator(BankMangLogin_css) set to 10 seconds. locator(BankMangLogin_css) clicked successfully
14:49:15.185 [main] INFO  com.personal.base.BaseClass - VERIFY :- 'Protractor practice website - Banking App' is correct title
14:49:15.193 [main] INFO  com.personal.base.BaseClass - ASSERT :- locator(AddCustomerButton_xpath) is present on page
14:49:15.359 [main] DEBUG com.personal.base.BaseClass - locator(AddCustomerButton_xpath) clicked successfully
14:49:15.361 [main] INFO  com.personal.base.BaseClass - @@@@ loginAsmanagerTest HAS PASSED
14:49:16.674 [main] INFO  com.personal.base.BaseClass - ##### EXECUTION OF addMultipleCustomerTest HAS BEGUN
14:49:16.674 [main] INFO  com.personal.base.BaseClass - description of testcase:- adding multiple customers from excel
14:49:16.735 [main] DEBUG com.personal.base.BaseClass - locator(FirstName_css) filled with value 'Shiv' successfully
14:49:16.761 [main] DEBUG com.personal.base.BaseClass - locator(LastName_css) filled with value 'Sahil' successfully
14:49:16.787 [main] DEBUG com.personal.base.BaseClass - locator(PinCode_css) filled with value '160014' successfully
14:49:18.912 [main] DEBUG com.personal.base.BaseClass - locator(AddCustomer_xpath) clicked successfully
14:49:18.938 [main] INFO  com.personal.base.BaseClass - ASSERT :- text(Customer added successfully with customer id :) is present in Alert Box
14:49:18.969 [main] DEBUG com.personal.base.BaseClass - alertIsPresent timeout for Alert set to 4 seconds. Action(accept) taken on Alert Successfully
14:49:18.970 [main] INFO  com.personal.base.BaseClass - @@@@ addMultipleCustomerTest HAS PASSED
14:49:18.981 [main] INFO  com.personal.base.BaseClass - ##### EXECUTION OF addMultipleCustomerTest HAS BEGUN
14:49:18.981 [main] INFO  com.personal.base.BaseClass - description of testcase:- adding multiple customers from excel
14:49:18.998 [main] DEBUG com.personal.base.BaseClass - locator(FirstName_css) filled with value 'Sahil' successfully
14:49:19.013 [main] DEBUG com.personal.base.BaseClass - locator(LastName_css) filled with value 'Guleri' successfully
14:49:19.028 [main] DEBUG com.personal.base.BaseClass - locator(PinCode_css) filled with value '3967' successfully
14:49:21.054 [main] DEBUG com.personal.base.BaseClass - locator(AddCustomer_xpath) clicked successfully
14:49:21.061 [main] INFO  com.personal.base.BaseClass - ASSERT :- text(Customer added successfully with customer id :) is present in Alert Box
14:49:21.075 [main] DEBUG com.personal.base.BaseClass - alertIsPresent timeout for Alert set to 4 seconds. Action(accept) taken on Alert Successfully
14:49:21.076 [main] INFO  com.personal.base.BaseClass - @@@@ addMultipleCustomerTest HAS PASSED
14:49:21.103 [main] INFO  com.personal.base.BaseClass - ##### EXECUTION OF addMultipleCustomerTest HAS BEGUN
14:49:21.103 [main] INFO  com.personal.base.BaseClass - description of testcase:- adding multiple customers from excel
14:49:21.125 [main] DEBUG com.personal.base.BaseClass - locator(FirstName_css) filled with value 'Keyword' successfully
14:49:21.150 [main] DEBUG com.personal.base.BaseClass - locator(LastName_css) filled with value 'Driven' successfully
14:49:21.171 [main] DEBUG com.personal.base.BaseClass - locator(PinCode_css) filled with value '1332' successfully
14:49:23.233 [main] DEBUG com.personal.base.BaseClass - locator(AddCustomer_xpath) clicked successfully
14:49:23.241 [main] INFO  com.personal.base.BaseClass - ASSERT :- text(Customer added successfully with customer id :) is present in Alert Box
14:49:23.261 [main] DEBUG com.personal.base.BaseClass - alertIsPresent timeout for Alert set to 4 seconds. Action(accept) taken on Alert Successfully
14:49:23.263 [main] INFO  com.personal.base.BaseClass - @@@@ addMultipleCustomerTest HAS PASSED
14:49:23.412 [main] DEBUG com.personal.base.BaseClass - locator(OpenAccountTab_xpath) clicked successfully
14:49:23.435 [main] INFO  com.personal.base.BaseClass - ##### EXECUTION OF openAccountMethod HAS BEGUN
14:49:23.435 [main] INFO  com.personal.base.BaseClass - description of testcase:- opening multiple customers account from excel
14:49:23.730 [main] DEBUG com.personal.base.BaseClass - option(Sahil Guleri) selected successfully on dropdown(CustomerDropDown_id)
14:49:23.990 [main] DEBUG com.personal.base.BaseClass - option(Pound) selected successfully on dropdown(CurrencyDropDown_id)
14:49:24.021 [main] DEBUG com.personal.base.BaseClass - locator(Submit_css) clicked successfully
14:49:24.026 [main] INFO  com.personal.base.BaseClass - ASSERT :- text(Account created successfully with account Number :) is present in Alert Box
14:49:24.039 [main] DEBUG com.personal.base.BaseClass -  Action(accept) successfully taken on alert, present on page
14:49:24.040 [main] INFO  com.personal.base.BaseClass - @@@@ openAccountMethod HAS PASSED
14:49:24.049 [main] INFO  com.personal.base.BaseClass - ##### EXECUTION OF openAccountMethod HAS BEGUN
14:49:24.049 [main] INFO  com.personal.base.BaseClass - description of testcase:- opening multiple customers account from excel
14:49:24.291 [main] DEBUG com.personal.base.BaseClass - option(Shiv Sahil) selected successfully on dropdown(CustomerDropDown_id)
14:49:24.559 [main] DEBUG com.personal.base.BaseClass - option(Rupee) selected successfully on dropdown(CurrencyDropDown_id)
14:49:24.607 [main] DEBUG com.personal.base.BaseClass - locator(Submit_css) clicked successfully
14:49:24.613 [main] INFO  com.personal.base.BaseClass - ASSERT :- text(Account created successfully with account Number :) is present in Alert Box
14:49:24.627 [main] DEBUG com.personal.base.BaseClass -  Action(accept) successfully taken on alert, present on page
14:49:24.628 [main] INFO  com.personal.base.BaseClass - @@@@ openAccountMethod HAS PASSED
14:49:24.701 [main] INFO  com.personal.base.BaseClass - Report generated with name Report_29_May_02_PM_49_.zip
14:49:24.711 [main] INFO  com.personal.base.BaseClass - Report generated with name Report_29_May_02_PM_49_.zip
14:49:25.507 [main] INFO  com.personal.base.BaseClass - FIREFOX BROWSER CLOSED
14:49:25.507 [main] INFO  com.personal.base.BaseClass - -------------------------------------------------------------------------------------------------
15:00:55.114 [main] INFO  com.personal.base.BaseClass - FIREFOX BROWSER OPENED http://www.way2automation.com/angularjs-protractor/banking/#/login WEBSITE SUCCESSFULLY
15:00:55.129 [main] DEBUG com.personal.base.BaseClass - Implicit wait set to - 4seconds   &  pageload timeout set to - 5seconds
15:00:55.134 [main] DEBUG com.personal.base.BaseClass - window maximized
15:00:55.164 [main] INFO  com.personal.base.BaseClass - ##### EXECUTION OF loginAsmanagerTest HAS BEGUN
15:00:55.165 [main] INFO  com.personal.base.BaseClass - description of testcase:- clicking on login button and checking availability of buttons on screen
15:01:05.069 [main] DEBUG com.personal.base.BaseClass - visibilityOfElementLocated timeout for locator(BankMangLogin_css) set to 10 seconds. locator(BankMangLogin_css) clicked successfully
15:01:05.078 [main] INFO  com.personal.base.BaseClass - VERIFY :- 'Protractor practice website - Banking App' is correct title
15:01:05.086 [main] INFO  com.personal.base.BaseClass - VERIFY :- locator(AddCustomerButton_xpath) is present on page
15:01:05.245 [main] DEBUG com.personal.base.BaseClass - locator(AddCustomerButton_xpath) clicked successfully
15:01:05.247 [main] INFO  com.personal.base.BaseClass - @@@@ loginAsmanagerTest HAS PASSED
15:01:06.030 [main] INFO  com.personal.base.BaseClass - ##### EXECUTION OF addMultipleCustomerTest HAS BEGUN
15:01:06.030 [main] INFO  com.personal.base.BaseClass - description of testcase:- adding multiple customers from excel
15:01:06.069 [main] DEBUG com.personal.base.BaseClass - locator(FirstName_css) filled with value 'Shiv' successfully
15:01:06.102 [main] DEBUG com.personal.base.BaseClass - locator(LastName_css) filled with value 'Sahil' successfully
15:01:06.140 [main] DEBUG com.personal.base.BaseClass - locator(PinCode_css) filled with value '160014' successfully
15:01:08.244 [main] ERROR com.personal.base.BaseClass - $$$$$$$ addMultipleCustomerTest HAS FAILED 
15:01:08.245 [main] FATAL com.personal.base.BaseClass - org.openqa.selenium.ElementClickInterceptedException: Element <button class="btn btn-default" type="submit"> is not clickable at point (293,449) because another element <a id="lkpgs" href="http://secondlyversions.com/bfcw45xyj?lyabm=77&refer=http%3A%2F%2Fwww.way2automation.com%2Fangularjs-protractor%2Fbanking%2F%23%2Fmanager%2FaddCust&kw=%5B%22protractor%22%2C%22practice%22%2C%22website%22%2C%22-%22%2C%22banking%22%2C%22app%22%5D&key=781cdfa414231bb0f139c2ee812efce1&scrWidth=1024&scrHeight=768&tz=5.5&v=21.5.v.1&res=12.29&dev=r"> obscures it
Build info: version: '3.14.0', revision: 'aacccce0', time: '2018-08-02T20:19:58.91Z'
System info: host: 'DESKTOP-IC0JENF', ip: '172.16.18.8', os.name: 'Windows 10', os.arch: 'amd64', os.version: '10.0', java.version: '1.8.0_271'
Driver info: org.openqa.selenium.firefox.FirefoxDriver
Capabilities {acceptInsecureCerts: true, browserName: firefox, browserVersion: 88.0.1, javascriptEnabled: true, moz:accessibilityChecks: false, moz:buildID: 20210504152106, moz:geckodriverVersion: 0.29.1, moz:headless: false, moz:processID: 5652, moz:profile: C:\Users\Nishant Guleri\App..., moz:shutdownTimeout: 60000, moz:useNonSpecCompliantPointerOrigin: false, moz:webdriverClick: true, pageLoadStrategy: normal, platform: WINDOWS, platformName: WINDOWS, platformVersion: 10.0, rotatable: false, setWindowRect: true, strictFileInteractability: false, timeouts: {implicit: 0, pageLoad: 300000, script: 30000}, unhandledPromptBehavior: dismiss and notify}
Session ID: 8a2c8bf3-23c4-4498-94d3-4511528db421
15:01:08.381 [main] DEBUG com.personal.base.BaseClass - Screenshot[29_May_03_PM_01_08_246ADDMULTIPLECUSTOMERTEST.png] of addMultipleCustomerTest method taken successfully
15:01:08.382 [main] DEBUG com.personal.base.BaseClass - Screenshot of addMultipleCustomerTest method successfully attached to report 
15:01:08.404 [main] INFO  com.personal.base.BaseClass - ##### EXECUTION OF addMultipleCustomerTest HAS BEGUN
15:01:08.404 [main] INFO  com.personal.base.BaseClass - description of testcase:- adding multiple customers from excel
15:01:08.425 [main] DEBUG com.personal.base.BaseClass - locator(FirstName_css) filled with value 'Sahil' successfully
15:01:08.451 [main] DEBUG com.personal.base.BaseClass - locator(LastName_css) filled with value 'Guleri' successfully
15:01:08.471 [main] DEBUG com.personal.base.BaseClass - locator(PinCode_css) filled with value '3967' successfully
15:01:10.508 [main] ERROR com.personal.base.BaseClass - $$$$$$$ addMultipleCustomerTest HAS FAILED 
15:01:10.509 [main] FATAL com.personal.base.BaseClass - org.openqa.selenium.ElementClickInterceptedException: Element <button class="btn btn-default" type="submit"> is not clickable at point (293,449) because another element <a id="lkpgs" href="http://secondlyversions.com/bfcw45xyj?lyabm=77&refer=http%3A%2F%2Fwww.way2automation.com%2Fangularjs-protractor%2Fbanking%2F%23%2Fmanager%2FaddCust&kw=%5B%22protractor%22%2C%22practice%22%2C%22website%22%2C%22-%22%2C%22banking%22%2C%22app%22%5D&key=781cdfa414231bb0f139c2ee812efce1&scrWidth=1024&scrHeight=768&tz=5.5&v=21.5.v.1&res=12.29&dev=r"> obscures it
Build info: version: '3.14.0', revision: 'aacccce0', time: '2018-08-02T20:19:58.91Z'
System info: host: 'DESKTOP-IC0JENF', ip: '172.16.18.8', os.name: 'Windows 10', os.arch: 'amd64', os.version: '10.0', java.version: '1.8.0_271'
Driver info: org.openqa.selenium.firefox.FirefoxDriver
Capabilities {acceptInsecureCerts: true, browserName: firefox, browserVersion: 88.0.1, javascriptEnabled: true, moz:accessibilityChecks: false, moz:buildID: 20210504152106, moz:geckodriverVersion: 0.29.1, moz:headless: false, moz:processID: 5652, moz:profile: C:\Users\Nishant Guleri\App..., moz:shutdownTimeout: 60000, moz:useNonSpecCompliantPointerOrigin: false, moz:webdriverClick: true, pageLoadStrategy: normal, platform: WINDOWS, platformName: WINDOWS, platformVersion: 10.0, rotatable: false, setWindowRect: true, strictFileInteractability: false, timeouts: {implicit: 0, pageLoad: 300000, script: 30000}, unhandledPromptBehavior: dismiss and notify}
Session ID: 8a2c8bf3-23c4-4498-94d3-4511528db421
15:01:10.568 [main] DEBUG com.personal.base.BaseClass - Screenshot[29_May_03_PM_01_10_510ADDMULTIPLECUSTOMERTEST.png] of addMultipleCustomerTest method taken successfully
15:01:10.568 [main] DEBUG com.personal.base.BaseClass - Screenshot of addMultipleCustomerTest method successfully attached to report 
15:01:10.586 [main] INFO  com.personal.base.BaseClass - ##### EXECUTION OF addMultipleCustomerTest HAS BEGUN
15:01:10.586 [main] INFO  com.personal.base.BaseClass - description of testcase:- adding multiple customers from excel
15:01:10.610 [main] DEBUG com.personal.base.BaseClass - locator(FirstName_css) filled with value 'Keyword' successfully
15:01:10.629 [main] DEBUG com.personal.base.BaseClass - locator(LastName_css) filled with value 'Driven' successfully
15:01:10.648 [main] DEBUG com.personal.base.BaseClass - locator(PinCode_css) filled with value '1332' successfully
15:01:12.672 [main] ERROR com.personal.base.BaseClass - $$$$$$$ addMultipleCustomerTest HAS FAILED 
15:01:12.673 [main] FATAL com.personal.base.BaseClass - org.openqa.selenium.ElementClickInterceptedException: Element <button class="btn btn-default" type="submit"> is not clickable at point (293,449) because another element <a id="lkpgs" href="http://secondlyversions.com/bfcw45xyj?lyabm=77&refer=http%3A%2F%2Fwww.way2automation.com%2Fangularjs-protractor%2Fbanking%2F%23%2Fmanager%2FaddCust&kw=%5B%22protractor%22%2C%22practice%22%2C%22website%22%2C%22-%22%2C%22banking%22%2C%22app%22%5D&key=781cdfa414231bb0f139c2ee812efce1&scrWidth=1024&scrHeight=768&tz=5.5&v=21.5.v.1&res=12.29&dev=r"> obscures it
Build info: version: '3.14.0', revision: 'aacccce0', time: '2018-08-02T20:19:58.91Z'
System info: host: 'DESKTOP-IC0JENF', ip: '172.16.18.8', os.name: 'Windows 10', os.arch: 'amd64', os.version: '10.0', java.version: '1.8.0_271'
Driver info: org.openqa.selenium.firefox.FirefoxDriver
Capabilities {acceptInsecureCerts: true, browserName: firefox, browserVersion: 88.0.1, javascriptEnabled: true, moz:accessibilityChecks: false, moz:buildID: 20210504152106, moz:geckodriverVersion: 0.29.1, moz:headless: false, moz:processID: 5652, moz:profile: C:\Users\Nishant Guleri\App..., moz:shutdownTimeout: 60000, moz:useNonSpecCompliantPointerOrigin: false, moz:webdriverClick: true, pageLoadStrategy: normal, platform: WINDOWS, platformName: WINDOWS, platformVersion: 10.0, rotatable: false, setWindowRect: true, strictFileInteractability: false, timeouts: {implicit: 0, pageLoad: 300000, script: 30000}, unhandledPromptBehavior: dismiss and notify}
Session ID: 8a2c8bf3-23c4-4498-94d3-4511528db421
15:01:12.722 [main] DEBUG com.personal.base.BaseClass - Screenshot[29_May_03_PM_01_12_674ADDMULTIPLECUSTOMERTEST.png] of addMultipleCustomerTest method taken successfully
15:01:12.722 [main] DEBUG com.personal.base.BaseClass - Screenshot of addMultipleCustomerTest method successfully attached to report 
15:01:12.808 [main] INFO  com.personal.base.BaseClass - Report generated with name Report_29_May_03_PM_01_.zip
15:01:12.819 [main] INFO  com.personal.base.BaseClass - Report generated with name Report_29_May_03_PM_01_.zip
15:01:13.488 [main] INFO  com.personal.base.BaseClass - FIREFOX BROWSER CLOSED
15:01:13.488 [main] INFO  com.personal.base.BaseClass - -------------------------------------------------------------------------------------------------
15:02:09.043 [main] INFO  com.personal.base.BaseClass - FIREFOX BROWSER OPENED http://www.way2automation.com/angularjs-protractor/banking/#/login WEBSITE SUCCESSFULLY
15:02:09.061 [main] DEBUG com.personal.base.BaseClass - Implicit wait set to - 4seconds   &  pageload timeout set to - 5seconds
15:02:09.066 [main] DEBUG com.personal.base.BaseClass - window maximized
15:02:09.092 [main] INFO  com.personal.base.BaseClass - ##### EXECUTION OF loginAsmanagerTest HAS BEGUN
15:02:09.092 [main] INFO  com.personal.base.BaseClass - description of testcase:- clicking on login button and checking availability of buttons on screen
15:02:10.895 [main] DEBUG com.personal.base.BaseClass - visibilityOfElementLocated timeout for locator(BankMangLogin_css) set to 10 seconds. locator(BankMangLogin_css) clicked successfully
15:02:10.904 [main] INFO  com.personal.base.BaseClass - VERIFY :- 'Protractor practice website - Banking App' is correct title
15:02:10.912 [main] INFO  com.personal.base.BaseClass - VERIFY :- locator(AddCustomerButton_xpath) is present on page
15:02:11.016 [main] DEBUG com.personal.base.BaseClass - locator(AddCustomerButton_xpath) clicked successfully
15:02:11.017 [main] INFO  com.personal.base.BaseClass - @@@@ loginAsmanagerTest HAS PASSED
15:02:11.702 [main] INFO  com.personal.base.BaseClass - ##### EXECUTION OF addMultipleCustomerTest HAS BEGUN
15:02:11.702 [main] INFO  com.personal.base.BaseClass - description of testcase:- adding multiple customers from excel
15:02:11.734 [main] DEBUG com.personal.base.BaseClass - locator(FirstName_css) filled with value 'Shiv' successfully
15:02:11.767 [main] DEBUG com.personal.base.BaseClass - locator(LastName_css) filled with value 'Sahil' successfully
15:02:11.805 [main] DEBUG com.personal.base.BaseClass - locator(PinCode_css) filled with value '160014' successfully
15:02:13.888 [main] DEBUG com.personal.base.BaseClass - locator(AddCustomer_xpath) clicked successfully
15:02:13.908 [main] INFO  com.personal.base.BaseClass - VERIFY :- text(Customer added successfully with customer id :) is present in Alert Box
15:02:13.929 [main] DEBUG com.personal.base.BaseClass - alertIsPresent timeout for Alert set to 4 seconds. Action(accept) taken on Alert Successfully
15:02:13.931 [main] INFO  com.personal.base.BaseClass - @@@@ addMultipleCustomerTest HAS PASSED
15:02:13.941 [main] INFO  com.personal.base.BaseClass - ##### EXECUTION OF addMultipleCustomerTest HAS BEGUN
15:02:13.941 [main] INFO  com.personal.base.BaseClass - description of testcase:- adding multiple customers from excel
15:02:13.958 [main] DEBUG com.personal.base.BaseClass - locator(FirstName_css) filled with value 'Sahil' successfully
15:02:13.981 [main] DEBUG com.personal.base.BaseClass - locator(LastName_css) filled with value 'Guleri' successfully
15:02:13.998 [main] DEBUG com.personal.base.BaseClass - locator(PinCode_css) filled with value '3967' successfully
15:02:16.063 [main] DEBUG com.personal.base.BaseClass - locator(AddCustomer_xpath) clicked successfully
15:02:16.084 [main] INFO  com.personal.base.BaseClass - VERIFY :- text(Customer added successfully with customer id :) is present in Alert Box
15:02:16.105 [main] DEBUG com.personal.base.BaseClass - alertIsPresent timeout for Alert set to 4 seconds. Action(accept) taken on Alert Successfully
15:02:16.107 [main] INFO  com.personal.base.BaseClass - @@@@ addMultipleCustomerTest HAS PASSED
15:02:16.119 [main] INFO  com.personal.base.BaseClass - ##### EXECUTION OF addMultipleCustomerTest HAS BEGUN
15:02:16.120 [main] INFO  com.personal.base.BaseClass - description of testcase:- adding multiple customers from excel
15:02:16.143 [main] DEBUG com.personal.base.BaseClass - locator(FirstName_css) filled with value 'Keyword' successfully
15:02:16.166 [main] DEBUG com.personal.base.BaseClass - locator(LastName_css) filled with value 'Driven' successfully
15:02:16.184 [main] DEBUG com.personal.base.BaseClass - locator(PinCode_css) filled with value '1332' successfully
15:02:18.221 [main] DEBUG com.personal.base.BaseClass - locator(AddCustomer_xpath) clicked successfully
15:02:18.243 [main] INFO  com.personal.base.BaseClass - VERIFY :- text(Customer added successfully with customer id :) is present in Alert Box
15:02:18.259 [main] DEBUG com.personal.base.BaseClass - alertIsPresent timeout for Alert set to 4 seconds. Action(accept) taken on Alert Successfully
15:02:18.261 [main] INFO  com.personal.base.BaseClass - @@@@ addMultipleCustomerTest HAS PASSED
15:02:18.430 [main] DEBUG com.personal.base.BaseClass - locator(OpenAccountTab_xpath) clicked successfully
15:02:18.454 [main] INFO  com.personal.base.BaseClass - ##### EXECUTION OF openAccountMethod HAS BEGUN
15:02:18.454 [main] INFO  com.personal.base.BaseClass - description of testcase:- opening multiple customers account from excel
15:02:18.700 [main] DEBUG com.personal.base.BaseClass - option(Sahil Guleri) selected successfully on dropdown(CustomerDropDown_id)
15:02:18.965 [main] DEBUG com.personal.base.BaseClass - option(Pound) selected successfully on dropdown(CurrencyDropDown_id)
15:02:19.029 [main] DEBUG com.personal.base.BaseClass - locator(Submit_css) clicked successfully
15:02:19.054 [main] INFO  com.personal.base.BaseClass - VERIFY :- text(Account created successfully with account Number :) is present in Alert Box
15:02:19.071 [main] DEBUG com.personal.base.BaseClass -  Action(accept) successfully taken on alert, present on page
15:02:19.073 [main] INFO  com.personal.base.BaseClass - @@@@ openAccountMethod HAS PASSED
15:02:19.082 [main] INFO  com.personal.base.BaseClass - ##### EXECUTION OF openAccountMethod HAS BEGUN
15:02:19.082 [main] INFO  com.personal.base.BaseClass - description of testcase:- opening multiple customers account from excel
15:02:19.322 [main] DEBUG com.personal.base.BaseClass - option(Shiv Sahil) selected successfully on dropdown(CustomerDropDown_id)
15:02:19.571 [main] DEBUG com.personal.base.BaseClass - option(Rupee) selected successfully on dropdown(CurrencyDropDown_id)
15:02:19.629 [main] DEBUG com.personal.base.BaseClass - locator(Submit_css) clicked successfully
15:02:19.648 [main] INFO  com.personal.base.BaseClass - VERIFY :- text(Account created successfully with account Number :) is present in Alert Box
15:02:19.658 [main] DEBUG com.personal.base.BaseClass -  Action(accept) successfully taken on alert, present on page
15:02:19.659 [main] INFO  com.personal.base.BaseClass - @@@@ openAccountMethod HAS PASSED
15:02:19.713 [main] INFO  com.personal.base.BaseClass - Report generated with name Report_29_May_03_PM_02_.zip
15:02:19.730 [main] INFO  com.personal.base.BaseClass - Report generated with name Report_29_May_03_PM_02_.zip
15:02:20.398 [main] INFO  com.personal.base.BaseClass - FIREFOX BROWSER CLOSED
15:02:20.398 [main] INFO  com.personal.base.BaseClass - -------------------------------------------------------------------------------------------------
15:05:14.637 [main] INFO  com.personal.base.BaseClass - FIREFOX BROWSER OPENED http://www.way2automation.com/angularjs-protractor/banking/#/login WEBSITE SUCCESSFULLY
15:05:14.651 [main] DEBUG com.personal.base.BaseClass - Implicit wait set to - 4seconds   &  pageload timeout set to - 5seconds
15:05:14.658 [main] DEBUG com.personal.base.BaseClass - window maximized
15:05:14.681 [main] INFO  com.personal.base.BaseClass - ##### EXECUTION OF loginAsmanagerTest HAS BEGUN
15:05:14.682 [main] INFO  com.personal.base.BaseClass - description of testcase:- clicking on login button and checking availability of buttons on screen
15:05:15.743 [main] DEBUG com.personal.base.BaseClass - visibilityOfElementLocated timeout for locator(BankMangLogin_css) set to 10 seconds. locator(BankMangLogin_css) clicked successfully
15:05:15.756 [main] ERROR com.personal.base.BaseClass - VERIFY :- 'Protractor practice website - Banking App' is INCORRECT TITLE
15:05:15.765 [main] INFO  com.personal.base.BaseClass - VERIFY :- locator(AddCustomerButton_xpath) is present on page
15:05:15.859 [main] DEBUG com.personal.base.BaseClass - locator(AddCustomerButton_xpath) clicked successfully
15:05:15.860 [main] INFO  com.personal.base.BaseClass - @@@@ loginAsmanagerTest HAS PASSED
15:05:16.626 [main] INFO  com.personal.base.BaseClass - ##### EXECUTION OF addMultipleCustomerTest HAS BEGUN
15:05:16.627 [main] INFO  com.personal.base.BaseClass - description of testcase:- adding multiple customers from excel
15:05:16.660 [main] DEBUG com.personal.base.BaseClass - locator(FirstName_css) filled with value 'Shiv' successfully
15:05:16.693 [main] DEBUG com.personal.base.BaseClass - locator(LastName_css) filled with value 'Sahil' successfully
15:05:16.751 [main] DEBUG com.personal.base.BaseClass - locator(PinCode_css) filled with value '160014' successfully
15:05:18.786 [main] ERROR com.personal.base.BaseClass - $$$$$$$ addMultipleCustomerTest HAS FAILED 
15:05:18.787 [main] FATAL com.personal.base.BaseClass - org.openqa.selenium.InvalidSelectorException: Given xpath expression "//button[@type='submit']1111111111111111" is invalid: SyntaxError: The expression is not a legal expression.
For documentation on this error, please visit: http://seleniumhq.org/exceptions/invalid_selector_exception.html
Build info: version: '3.14.0', revision: 'aacccce0', time: '2018-08-02T20:19:58.91Z'
System info: host: 'DESKTOP-IC0JENF', ip: '172.16.18.8', os.name: 'Windows 10', os.arch: 'amd64', os.version: '10.0', java.version: '1.8.0_271'
Driver info: org.openqa.selenium.firefox.FirefoxDriver
Capabilities {acceptInsecureCerts: true, browserName: firefox, browserVersion: 88.0.1, javascriptEnabled: true, moz:accessibilityChecks: false, moz:buildID: 20210504152106, moz:geckodriverVersion: 0.29.1, moz:headless: false, moz:processID: 8164, moz:profile: C:\Users\Nishant Guleri\App..., moz:shutdownTimeout: 60000, moz:useNonSpecCompliantPointerOrigin: false, moz:webdriverClick: true, pageLoadStrategy: normal, platform: WINDOWS, platformName: WINDOWS, platformVersion: 10.0, rotatable: false, setWindowRect: true, strictFileInteractability: false, timeouts: {implicit: 0, pageLoad: 300000, script: 30000}, unhandledPromptBehavior: dismiss and notify}
Session ID: 4b69d92e-8060-46da-b6b7-b3978cb43de7
*** Element info: {Using=xpath, value=//button[@type='submit']1111111111111111}
15:05:18.842 [main] DEBUG com.personal.base.BaseClass - Screenshot[29_May_03_PM_05_18_789ADDMULTIPLECUSTOMERTEST.png] of addMultipleCustomerTest method taken successfully
15:05:18.843 [main] DEBUG com.personal.base.BaseClass - Screenshot of addMultipleCustomerTest method successfully attached to report 
15:05:18.859 [main] INFO  com.personal.base.BaseClass - ##### EXECUTION OF addMultipleCustomerTest HAS BEGUN
15:05:18.859 [main] INFO  com.personal.base.BaseClass - description of testcase:- adding multiple customers from excel
15:05:18.877 [main] DEBUG com.personal.base.BaseClass - locator(FirstName_css) filled with value 'Sahil' successfully
15:05:18.901 [main] DEBUG com.personal.base.BaseClass - locator(LastName_css) filled with value 'Guleri' successfully
15:05:18.920 [main] DEBUG com.personal.base.BaseClass - locator(PinCode_css) filled with value '3967' successfully
15:05:20.931 [main] ERROR com.personal.base.BaseClass - $$$$$$$ addMultipleCustomerTest HAS FAILED 
15:05:20.931 [main] FATAL com.personal.base.BaseClass - org.openqa.selenium.InvalidSelectorException: Given xpath expression "//button[@type='submit']1111111111111111" is invalid: SyntaxError: The expression is not a legal expression.
For documentation on this error, please visit: http://seleniumhq.org/exceptions/invalid_selector_exception.html
Build info: version: '3.14.0', revision: 'aacccce0', time: '2018-08-02T20:19:58.91Z'
System info: host: 'DESKTOP-IC0JENF', ip: '172.16.18.8', os.name: 'Windows 10', os.arch: 'amd64', os.version: '10.0', java.version: '1.8.0_271'
Driver info: org.openqa.selenium.firefox.FirefoxDriver
Capabilities {acceptInsecureCerts: true, browserName: firefox, browserVersion: 88.0.1, javascriptEnabled: true, moz:accessibilityChecks: false, moz:buildID: 20210504152106, moz:geckodriverVersion: 0.29.1, moz:headless: false, moz:processID: 8164, moz:profile: C:\Users\Nishant Guleri\App..., moz:shutdownTimeout: 60000, moz:useNonSpecCompliantPointerOrigin: false, moz:webdriverClick: true, pageLoadStrategy: normal, platform: WINDOWS, platformName: WINDOWS, platformVersion: 10.0, rotatable: false, setWindowRect: true, strictFileInteractability: false, timeouts: {implicit: 0, pageLoad: 300000, script: 30000}, unhandledPromptBehavior: dismiss and notify}
Session ID: 4b69d92e-8060-46da-b6b7-b3978cb43de7
*** Element info: {Using=xpath, value=//button[@type='submit']1111111111111111}
15:05:20.973 [main] DEBUG com.personal.base.BaseClass - Screenshot[29_May_03_PM_05_20_931ADDMULTIPLECUSTOMERTEST.png] of addMultipleCustomerTest method taken successfully
15:05:20.973 [main] DEBUG com.personal.base.BaseClass - Screenshot of addMultipleCustomerTest method successfully attached to report 
15:05:20.985 [main] INFO  com.personal.base.BaseClass - ##### EXECUTION OF addMultipleCustomerTest HAS BEGUN
15:05:20.985 [main] INFO  com.personal.base.BaseClass - description of testcase:- adding multiple customers from excel
15:05:21.006 [main] DEBUG com.personal.base.BaseClass - locator(FirstName_css) filled with value 'Keyword' successfully
15:05:21.028 [main] DEBUG com.personal.base.BaseClass - locator(LastName_css) filled with value 'Driven' successfully
15:05:21.049 [main] DEBUG com.personal.base.BaseClass - locator(PinCode_css) filled with value '1332' successfully
15:05:23.068 [main] ERROR com.personal.base.BaseClass - $$$$$$$ addMultipleCustomerTest HAS FAILED 
15:05:23.069 [main] FATAL com.personal.base.BaseClass - org.openqa.selenium.InvalidSelectorException: Given xpath expression "//button[@type='submit']1111111111111111" is invalid: SyntaxError: The expression is not a legal expression.
For documentation on this error, please visit: http://seleniumhq.org/exceptions/invalid_selector_exception.html
Build info: version: '3.14.0', revision: 'aacccce0', time: '2018-08-02T20:19:58.91Z'
System info: host: 'DESKTOP-IC0JENF', ip: '172.16.18.8', os.name: 'Windows 10', os.arch: 'amd64', os.version: '10.0', java.version: '1.8.0_271'
Driver info: org.openqa.selenium.firefox.FirefoxDriver
Capabilities {acceptInsecureCerts: true, browserName: firefox, browserVersion: 88.0.1, javascriptEnabled: true, moz:accessibilityChecks: false, moz:buildID: 20210504152106, moz:geckodriverVersion: 0.29.1, moz:headless: false, moz:processID: 8164, moz:profile: C:\Users\Nishant Guleri\App..., moz:shutdownTimeout: 60000, moz:useNonSpecCompliantPointerOrigin: false, moz:webdriverClick: true, pageLoadStrategy: normal, platform: WINDOWS, platformName: WINDOWS, platformVersion: 10.0, rotatable: false, setWindowRect: true, strictFileInteractability: false, timeouts: {implicit: 0, pageLoad: 300000, script: 30000}, unhandledPromptBehavior: dismiss and notify}
Session ID: 4b69d92e-8060-46da-b6b7-b3978cb43de7
*** Element info: {Using=xpath, value=//button[@type='submit']1111111111111111}
15:05:23.150 [main] DEBUG com.personal.base.BaseClass - Screenshot[29_May_03_PM_05_23_070ADDMULTIPLECUSTOMERTEST.png] of addMultipleCustomerTest method taken successfully
15:05:23.150 [main] DEBUG com.personal.base.BaseClass - Screenshot of addMultipleCustomerTest method successfully attached to report 
15:05:23.320 [main] DEBUG com.personal.base.BaseClass - locator(OpenAccountTab_xpath) clicked successfully
15:05:23.346 [main] INFO  com.personal.base.BaseClass - ##### EXECUTION OF openAccountMethod HAS BEGUN
15:05:23.346 [main] INFO  com.personal.base.BaseClass - description of testcase:- opening multiple customers account from excel
15:05:31.415 [main] ERROR com.personal.base.BaseClass - $$$$$$$ openAccountMethod HAS FAILED 
15:05:31.416 [main] FATAL com.personal.base.BaseClass - org.openqa.selenium.NoSuchElementException: Cannot locate element with text: Sahil Guleri
For documentation on this error, please visit: http://seleniumhq.org/exceptions/no_such_element.html
Build info: version: '3.14.0', revision: 'aacccce0', time: '2018-08-02T20:19:58.91Z'
System info: host: 'DESKTOP-IC0JENF', ip: '172.16.18.8', os.name: 'Windows 10', os.arch: 'amd64', os.version: '10.0', java.version: '1.8.0_271'
Driver info: driver.version: unknown
15:05:31.479 [main] DEBUG com.personal.base.BaseClass - Screenshot[29_May_03_PM_05_31_416OPENACCOUNTMETHOD.png] of openAccountMethod method taken successfully
15:05:31.479 [main] DEBUG com.personal.base.BaseClass - Screenshot of openAccountMethod method successfully attached to report 
15:05:31.495 [main] INFO  com.personal.base.BaseClass - ##### EXECUTION OF openAccountMethod HAS BEGUN
15:05:31.495 [main] INFO  com.personal.base.BaseClass - description of testcase:- opening multiple customers account from excel
15:05:39.540 [main] ERROR com.personal.base.BaseClass - $$$$$$$ openAccountMethod HAS FAILED 
15:05:39.540 [main] FATAL com.personal.base.BaseClass - org.openqa.selenium.NoSuchElementException: Cannot locate element with text: Shiv Sahil
For documentation on this error, please visit: http://seleniumhq.org/exceptions/no_such_element.html
Build info: version: '3.14.0', revision: 'aacccce0', time: '2018-08-02T20:19:58.91Z'
System info: host: 'DESKTOP-IC0JENF', ip: '172.16.18.8', os.name: 'Windows 10', os.arch: 'amd64', os.version: '10.0', java.version: '1.8.0_271'
Driver info: driver.version: unknown
15:05:39.575 [main] DEBUG com.personal.base.BaseClass - Screenshot[29_May_03_PM_05_39_540OPENACCOUNTMETHOD.png] of openAccountMethod method taken successfully
15:05:39.575 [main] DEBUG com.personal.base.BaseClass - Screenshot of openAccountMethod method successfully attached to report 
15:05:39.623 [main] INFO  com.personal.base.BaseClass - Report generated with name Report_29_May_03_PM_05_.zip
15:05:39.638 [main] INFO  com.personal.base.BaseClass - Report generated with name Report_29_May_03_PM_05_.zip
15:05:40.516 [main] INFO  com.personal.base.BaseClass - FIREFOX BROWSER CLOSED
15:05:40.516 [main] INFO  com.personal.base.BaseClass - -------------------------------------------------------------------------------------------------
15:06:52.453 [main] INFO  com.personal.base.BaseClass - FIREFOX BROWSER OPENED http://www.way2automation.com/angularjs-protractor/banking/#/login WEBSITE SUCCESSFULLY
15:06:52.467 [main] DEBUG com.personal.base.BaseClass - Implicit wait set to - 4seconds   &  pageload timeout set to - 5seconds
15:06:52.472 [main] DEBUG com.personal.base.BaseClass - window maximized
15:06:52.493 [main] INFO  com.personal.base.BaseClass - ##### EXECUTION OF loginAsmanagerTest HAS BEGUN
15:06:52.493 [main] INFO  com.personal.base.BaseClass - description of testcase:- clicking on login button and checking availability of buttons on screen
15:06:53.559 [main] DEBUG com.personal.base.BaseClass - visibilityOfElementLocated timeout for locator(BankMangLogin_css) set to 10 seconds. locator(BankMangLogin_css) clicked successfully
15:06:53.573 [main] ERROR com.personal.base.BaseClass - VERIFY :- 'Protractor practice website - Banking App' is INCORRECT TITLE
15:06:53.589 [main] ERROR com.personal.base.BaseClass - VERIFY :- locator(AddCustomerButton_xpath) is NOT present on page. error msg is Given xpath expression "//button[@ng-click='addCust()']1111111111111111" is invalid: SyntaxError: The expression is not a legal expression.
For documentation on this error, please visit: http://seleniumhq.org/exceptions/invalid_selector_exception.html
Build info: version: '3.14.0', revision: 'aacccce0', time: '2018-08-02T20:19:58.91Z'
System info: host: 'DESKTOP-IC0JENF', ip: '172.16.18.8', os.name: 'Windows 10', os.arch: 'amd64', os.version: '10.0', java.version: '1.8.0_271'
Driver info: org.openqa.selenium.firefox.FirefoxDriver
Capabilities {acceptInsecureCerts: true, browserName: firefox, browserVersion: 88.0.1, javascriptEnabled: true, moz:accessibilityChecks: false, moz:buildID: 20210504152106, moz:geckodriverVersion: 0.29.1, moz:headless: false, moz:processID: 10572, moz:profile: C:\Users\Nishant Guleri\App..., moz:shutdownTimeout: 60000, moz:useNonSpecCompliantPointerOrigin: false, moz:webdriverClick: true, pageLoadStrategy: normal, platform: WINDOWS, platformName: WINDOWS, platformVersion: 10.0, rotatable: false, setWindowRect: true, strictFileInteractability: false, timeouts: {implicit: 0, pageLoad: 300000, script: 30000}, unhandledPromptBehavior: dismiss and notify}
Session ID: f536cb3d-6bb7-48a9-ac8c-de7c1590099b
*** Element info: {Using=xpath, value=//button[@ng-click='addCust()']1111111111111111}
15:06:53.599 [main] ERROR com.personal.base.BaseClass - $$$$$$$ loginAsmanagerTest HAS FAILED 
15:06:53.599 [main] FATAL com.personal.base.BaseClass - org.openqa.selenium.InvalidSelectorException: Given xpath expression "//button[@ng-click='addCust()']1111111111111111" is invalid: SyntaxError: The expression is not a legal expression.
For documentation on this error, please visit: http://seleniumhq.org/exceptions/invalid_selector_exception.html
Build info: version: '3.14.0', revision: 'aacccce0', time: '2018-08-02T20:19:58.91Z'
System info: host: 'DESKTOP-IC0JENF', ip: '172.16.18.8', os.name: 'Windows 10', os.arch: 'amd64', os.version: '10.0', java.version: '1.8.0_271'
Driver info: org.openqa.selenium.firefox.FirefoxDriver
Capabilities {acceptInsecureCerts: true, browserName: firefox, browserVersion: 88.0.1, javascriptEnabled: true, moz:accessibilityChecks: false, moz:buildID: 20210504152106, moz:geckodriverVersion: 0.29.1, moz:headless: false, moz:processID: 10572, moz:profile: C:\Users\Nishant Guleri\App..., moz:shutdownTimeout: 60000, moz:useNonSpecCompliantPointerOrigin: false, moz:webdriverClick: true, pageLoadStrategy: normal, platform: WINDOWS, platformName: WINDOWS, platformVersion: 10.0, rotatable: false, setWindowRect: true, strictFileInteractability: false, timeouts: {implicit: 0, pageLoad: 300000, script: 30000}, unhandledPromptBehavior: dismiss and notify}
Session ID: f536cb3d-6bb7-48a9-ac8c-de7c1590099b
*** Element info: {Using=xpath, value=//button[@ng-click='addCust()']1111111111111111}
15:06:53.638 [main] DEBUG com.personal.base.BaseClass - Screenshot[29_May_03_PM_06_53_600LOGINASMANAGERTEST.png] of loginAsmanagerTest method taken successfully
15:06:53.639 [main] DEBUG com.personal.base.BaseClass - Screenshot of loginAsmanagerTest method successfully attached to report 
15:06:54.027 [main] DEBUG com.personal.base.BaseClass - locator(OpenAccountTab_xpath) clicked successfully
15:06:54.580 [main] INFO  com.personal.base.BaseClass - ##### EXECUTION OF openAccountMethod HAS BEGUN
15:06:54.580 [main] INFO  com.personal.base.BaseClass - description of testcase:- opening multiple customers account from excel
15:07:02.630 [main] ERROR com.personal.base.BaseClass - $$$$$$$ openAccountMethod HAS FAILED 
15:07:02.631 [main] FATAL com.personal.base.BaseClass - org.openqa.selenium.NoSuchElementException: Cannot locate element with text: Sahil Guleri
For documentation on this error, please visit: http://seleniumhq.org/exceptions/no_such_element.html
Build info: version: '3.14.0', revision: 'aacccce0', time: '2018-08-02T20:19:58.91Z'
System info: host: 'DESKTOP-IC0JENF', ip: '172.16.18.8', os.name: 'Windows 10', os.arch: 'amd64', os.version: '10.0', java.version: '1.8.0_271'
Driver info: driver.version: unknown
15:07:02.703 [main] DEBUG com.personal.base.BaseClass - Screenshot[29_May_03_PM_07_02_632OPENACCOUNTMETHOD.png] of openAccountMethod method taken successfully
15:07:02.703 [main] DEBUG com.personal.base.BaseClass - Screenshot of openAccountMethod method successfully attached to report 
15:07:02.721 [main] INFO  com.personal.base.BaseClass - ##### EXECUTION OF openAccountMethod HAS BEGUN
15:07:02.722 [main] INFO  com.personal.base.BaseClass - description of testcase:- opening multiple customers account from excel
15:07:10.769 [main] ERROR com.personal.base.BaseClass - $$$$$$$ openAccountMethod HAS FAILED 
15:07:10.770 [main] FATAL com.personal.base.BaseClass - org.openqa.selenium.NoSuchElementException: Cannot locate element with text: Shiv Sahil
For documentation on this error, please visit: http://seleniumhq.org/exceptions/no_such_element.html
Build info: version: '3.14.0', revision: 'aacccce0', time: '2018-08-02T20:19:58.91Z'
System info: host: 'DESKTOP-IC0JENF', ip: '172.16.18.8', os.name: 'Windows 10', os.arch: 'amd64', os.version: '10.0', java.version: '1.8.0_271'
Driver info: driver.version: unknown
15:07:10.836 [main] DEBUG com.personal.base.BaseClass - Screenshot[29_May_03_PM_07_10_771OPENACCOUNTMETHOD.png] of openAccountMethod method taken successfully
15:07:10.836 [main] DEBUG com.personal.base.BaseClass - Screenshot of openAccountMethod method successfully attached to report 
15:07:10.882 [main] INFO  com.personal.base.BaseClass - Report generated with name Report_29_May_03_PM_07_.zip
15:07:10.896 [main] INFO  com.personal.base.BaseClass - Report generated with name Report_29_May_03_PM_07_.zip
15:07:11.546 [main] INFO  com.personal.base.BaseClass - FIREFOX BROWSER CLOSED
15:07:11.546 [main] INFO  com.personal.base.BaseClass - -------------------------------------------------------------------------------------------------
15:07:24.756 [main] INFO  com.personal.base.BaseClass - FIREFOX BROWSER OPENED http://www.way2automation.com/angularjs-protractor/banking/#/login WEBSITE SUCCESSFULLY
15:07:24.774 [main] DEBUG com.personal.base.BaseClass - Implicit wait set to - 4seconds   &  pageload timeout set to - 5seconds
15:07:24.780 [main] DEBUG com.personal.base.BaseClass - window maximized
15:07:24.812 [main] INFO  com.personal.base.BaseClass - ##### EXECUTION OF loginAsmanagerTest HAS BEGUN
15:07:24.813 [main] INFO  com.personal.base.BaseClass - description of testcase:- clicking on login button and checking availability of buttons on screen
15:07:25.141 [main] DEBUG com.personal.base.BaseClass - visibilityOfElementLocated timeout for locator(BankMangLogin_css) set to 10 seconds. locator(BankMangLogin_css) clicked successfully
15:07:25.152 [main] ERROR com.personal.base.BaseClass - VERIFY :- 'Protractor practice website - Banking App' is INCORRECT TITLE
15:07:25.168 [main] ERROR com.personal.base.BaseClass - VERIFY :- locator(AddCustomerButton_xpath) is NOT present on page. error msg is Given xpath expression "//button[@ng-click='addCust()']1111111111111111" is invalid: SyntaxError: The expression is not a legal expression.
For documentation on this error, please visit: http://seleniumhq.org/exceptions/invalid_selector_exception.html
Build info: version: '3.14.0', revision: 'aacccce0', time: '2018-08-02T20:19:58.91Z'
System info: host: 'DESKTOP-IC0JENF', ip: '172.16.18.8', os.name: 'Windows 10', os.arch: 'amd64', os.version: '10.0', java.version: '1.8.0_271'
Driver info: org.openqa.selenium.firefox.FirefoxDriver
Capabilities {acceptInsecureCerts: true, browserName: firefox, browserVersion: 88.0.1, javascriptEnabled: true, moz:accessibilityChecks: false, moz:buildID: 20210504152106, moz:geckodriverVersion: 0.29.1, moz:headless: false, moz:processID: 7504, moz:profile: C:\Users\Nishant Guleri\App..., moz:shutdownTimeout: 60000, moz:useNonSpecCompliantPointerOrigin: false, moz:webdriverClick: true, pageLoadStrategy: normal, platform: WINDOWS, platformName: WINDOWS, platformVersion: 10.0, rotatable: false, setWindowRect: true, strictFileInteractability: false, timeouts: {implicit: 0, pageLoad: 300000, script: 30000}, unhandledPromptBehavior: dismiss and notify}
Session ID: f2d3e79b-ad57-4bfd-818b-426ca2abf486
*** Element info: {Using=xpath, value=//button[@ng-click='addCust()']1111111111111111}
15:07:25.180 [main] ERROR com.personal.base.BaseClass - $$$$$$$ loginAsmanagerTest HAS FAILED 
15:07:25.182 [main] FATAL com.personal.base.BaseClass - org.openqa.selenium.InvalidSelectorException: Given xpath expression "//button[@ng-click='addCust()']1111111111111111" is invalid: SyntaxError: The expression is not a legal expression.
For documentation on this error, please visit: http://seleniumhq.org/exceptions/invalid_selector_exception.html
Build info: version: '3.14.0', revision: 'aacccce0', time: '2018-08-02T20:19:58.91Z'
System info: host: 'DESKTOP-IC0JENF', ip: '172.16.18.8', os.name: 'Windows 10', os.arch: 'amd64', os.version: '10.0', java.version: '1.8.0_271'
Driver info: org.openqa.selenium.firefox.FirefoxDriver
Capabilities {acceptInsecureCerts: true, browserName: firefox, browserVersion: 88.0.1, javascriptEnabled: true, moz:accessibilityChecks: false, moz:buildID: 20210504152106, moz:geckodriverVersion: 0.29.1, moz:headless: false, moz:processID: 7504, moz:profile: C:\Users\Nishant Guleri\App..., moz:shutdownTimeout: 60000, moz:useNonSpecCompliantPointerOrigin: false, moz:webdriverClick: true, pageLoadStrategy: normal, platform: WINDOWS, platformName: WINDOWS, platformVersion: 10.0, rotatable: false, setWindowRect: true, strictFileInteractability: false, timeouts: {implicit: 0, pageLoad: 300000, script: 30000}, unhandledPromptBehavior: dismiss and notify}
Session ID: f2d3e79b-ad57-4bfd-818b-426ca2abf486
*** Element info: {Using=xpath, value=//button[@ng-click='addCust()']1111111111111111}
15:07:25.223 [main] DEBUG com.personal.base.BaseClass - Screenshot[29_May_03_PM_07_25_183LOGINASMANAGERTEST.png] of loginAsmanagerTest method taken successfully
15:07:25.224 [main] DEBUG com.personal.base.BaseClass - Screenshot of loginAsmanagerTest method successfully attached to report 
15:07:25.650 [main] DEBUG com.personal.base.BaseClass - locator(OpenAccountTab_xpath) clicked successfully
15:07:26.134 [main] INFO  com.personal.base.BaseClass - ##### EXECUTION OF openAccountMethod HAS BEGUN
15:07:26.134 [main] INFO  com.personal.base.BaseClass - description of testcase:- opening multiple customers account from excel
15:07:34.192 [main] ERROR com.personal.base.BaseClass - $$$$$$$ openAccountMethod HAS FAILED 
15:07:34.192 [main] FATAL com.personal.base.BaseClass - org.openqa.selenium.NoSuchElementException: Cannot locate element with text: Sahil Guleri
For documentation on this error, please visit: http://seleniumhq.org/exceptions/no_such_element.html
Build info: version: '3.14.0', revision: 'aacccce0', time: '2018-08-02T20:19:58.91Z'
System info: host: 'DESKTOP-IC0JENF', ip: '172.16.18.8', os.name: 'Windows 10', os.arch: 'amd64', os.version: '10.0', java.version: '1.8.0_271'
Driver info: driver.version: unknown
15:07:34.262 [main] DEBUG com.personal.base.BaseClass - Screenshot[29_May_03_PM_07_34_193OPENACCOUNTMETHOD.png] of openAccountMethod method taken successfully
15:07:34.262 [main] DEBUG com.personal.base.BaseClass - Screenshot of openAccountMethod method successfully attached to report 
15:07:34.283 [main] INFO  com.personal.base.BaseClass - ##### EXECUTION OF openAccountMethod HAS BEGUN
15:07:34.284 [main] INFO  com.personal.base.BaseClass - description of testcase:- opening multiple customers account from excel
15:07:42.347 [main] ERROR com.personal.base.BaseClass - $$$$$$$ openAccountMethod HAS FAILED 
15:07:42.348 [main] FATAL com.personal.base.BaseClass - org.openqa.selenium.NoSuchElementException: Cannot locate element with text: Shiv Sahil
For documentation on this error, please visit: http://seleniumhq.org/exceptions/no_such_element.html
Build info: version: '3.14.0', revision: 'aacccce0', time: '2018-08-02T20:19:58.91Z'
System info: host: 'DESKTOP-IC0JENF', ip: '172.16.18.8', os.name: 'Windows 10', os.arch: 'amd64', os.version: '10.0', java.version: '1.8.0_271'
Driver info: driver.version: unknown
15:07:42.445 [main] DEBUG com.personal.base.BaseClass - Screenshot[29_May_03_PM_07_42_349OPENACCOUNTMETHOD.png] of openAccountMethod method taken successfully
15:07:42.445 [main] DEBUG com.personal.base.BaseClass - Screenshot of openAccountMethod method successfully attached to report 
15:07:42.495 [main] INFO  com.personal.base.BaseClass - Report generated with name Report_29_May_03_PM_07_.zip
15:07:42.515 [main] INFO  com.personal.base.BaseClass - Report generated with name Report_29_May_03_PM_07_.zip
15:07:43.159 [main] INFO  com.personal.base.BaseClass - FIREFOX BROWSER CLOSED
15:07:43.159 [main] INFO  com.personal.base.BaseClass - -------------------------------------------------------------------------------------------------
15:10:20.150 [main] INFO  com.personal.base.BaseClass - FIREFOX BROWSER OPENED http://www.way2automation.com/angularjs-protractor/banking/#/login WEBSITE SUCCESSFULLY
15:10:20.174 [main] DEBUG com.personal.base.BaseClass - Implicit wait set to - 4seconds   &  pageload timeout set to - 5seconds
15:10:20.180 [main] DEBUG com.personal.base.BaseClass - window maximized
15:10:20.202 [main] INFO  com.personal.base.BaseClass - ##### EXECUTION OF loginAsmanagerTest HAS BEGUN
15:10:20.203 [main] INFO  com.personal.base.BaseClass - description of testcase:- clicking on login button and checking availability of buttons on screen
15:10:21.497 [main] DEBUG com.personal.base.BaseClass - visibilityOfElementLocated timeout for locator(BankMangLogin_css) set to 10 seconds. locator(BankMangLogin_css) clicked successfully
15:10:21.511 [main] ERROR com.personal.base.BaseClass - VERIFY :- 'Protractor practice website - Banking App' is INCORRECT TITLE
15:10:21.520 [main] INFO  com.personal.base.BaseClass - VERIFY :- locator(AddCustomerButton_xpath) is present on page
15:10:21.607 [main] DEBUG com.personal.base.BaseClass - locator(AddCustomerButton_xpath) clicked successfully
15:10:21.610 [main] INFO  com.personal.base.BaseClass - @@@@ loginAsmanagerTest HAS PASSED
15:10:22.367 [main] INFO  com.personal.base.BaseClass - ##### EXECUTION OF addMultipleCustomerTest HAS BEGUN
15:10:22.367 [main] INFO  com.personal.base.BaseClass - description of testcase:- adding multiple customers from excel
15:10:22.405 [main] DEBUG com.personal.base.BaseClass - locator(FirstName_css) filled with value 'Shiv' successfully
15:10:22.432 [main] DEBUG com.personal.base.BaseClass - locator(LastName_css) filled with value 'Sahil' successfully
15:10:22.457 [main] DEBUG com.personal.base.BaseClass - locator(PinCode_css) filled with value '160014' successfully
15:10:24.495 [main] DEBUG com.personal.base.BaseClass - locator(AddCustomer_xpath) clicked successfully
15:10:24.511 [main] INFO  com.personal.base.BaseClass - VERIFY :- text(Customer added successfully with customer id :) is present in Alert Box
15:10:24.537 [main] DEBUG com.personal.base.BaseClass - alertIsPresent timeout for Alert set to 4 seconds. Action(accept) taken on Alert Successfully
15:10:24.538 [main] INFO  com.personal.base.BaseClass - @@@@ addMultipleCustomerTest HAS PASSED
15:10:24.548 [main] INFO  com.personal.base.BaseClass - ##### EXECUTION OF addMultipleCustomerTest HAS BEGUN
15:10:24.548 [main] INFO  com.personal.base.BaseClass - description of testcase:- adding multiple customers from excel
15:10:24.577 [main] DEBUG com.personal.base.BaseClass - locator(FirstName_css) filled with value 'Sahil' successfully
15:10:24.606 [main] DEBUG com.personal.base.BaseClass - locator(LastName_css) filled with value 'Guleri' successfully
15:10:24.640 [main] DEBUG com.personal.base.BaseClass - locator(PinCode_css) filled with value '3967' successfully
15:10:26.697 [main] DEBUG com.personal.base.BaseClass - locator(AddCustomer_xpath) clicked successfully
15:10:26.719 [main] INFO  com.personal.base.BaseClass - VERIFY :- text(Customer added successfully with customer id :) is present in Alert Box
15:10:26.738 [main] DEBUG com.personal.base.BaseClass - alertIsPresent timeout for Alert set to 4 seconds. Action(accept) taken on Alert Successfully
15:10:26.740 [main] INFO  com.personal.base.BaseClass - @@@@ addMultipleCustomerTest HAS PASSED
15:10:26.751 [main] INFO  com.personal.base.BaseClass - ##### EXECUTION OF addMultipleCustomerTest HAS BEGUN
15:10:26.751 [main] INFO  com.personal.base.BaseClass - description of testcase:- adding multiple customers from excel
15:10:26.771 [main] DEBUG com.personal.base.BaseClass - locator(FirstName_css) filled with value 'Keyword' successfully
15:10:26.791 [main] DEBUG com.personal.base.BaseClass - locator(LastName_css) filled with value 'Driven' successfully
15:10:26.812 [main] DEBUG com.personal.base.BaseClass - locator(PinCode_css) filled with value '1332' successfully
15:10:28.863 [main] DEBUG com.personal.base.BaseClass - locator(AddCustomer_xpath) clicked successfully
15:10:28.886 [main] INFO  com.personal.base.BaseClass - VERIFY :- text(Customer added successfully with customer id :) is present in Alert Box
15:10:28.903 [main] DEBUG com.personal.base.BaseClass - alertIsPresent timeout for Alert set to 4 seconds. Action(accept) taken on Alert Successfully
15:10:28.904 [main] INFO  com.personal.base.BaseClass - @@@@ addMultipleCustomerTest HAS PASSED
15:10:29.130 [main] DEBUG com.personal.base.BaseClass - locator(OpenAccountTab_xpath) clicked successfully
15:10:29.162 [main] INFO  com.personal.base.BaseClass - ##### EXECUTION OF openAccountMethod HAS BEGUN
15:10:29.162 [main] INFO  com.personal.base.BaseClass - description of testcase:- opening multiple customers account from excel
15:10:29.408 [main] DEBUG com.personal.base.BaseClass - option(Sahil Guleri) selected successfully on dropdown(CustomerDropDown_id)
15:10:29.659 [main] DEBUG com.personal.base.BaseClass - option(Pound) selected successfully on dropdown(CurrencyDropDown_id)
15:10:29.719 [main] DEBUG com.personal.base.BaseClass - locator(Submit_css) clicked successfully
15:10:29.743 [main] ERROR com.personal.base.BaseClass - VERIFY :- text(11111111111Account created successfully with account Number :) is NOT present in Alert Box 
15:10:29.761 [main] DEBUG com.personal.base.BaseClass -  Action(accept) successfully taken on alert, present on page
15:10:29.762 [main] INFO  com.personal.base.BaseClass - @@@@ openAccountMethod HAS PASSED
15:10:29.770 [main] INFO  com.personal.base.BaseClass - ##### EXECUTION OF openAccountMethod HAS BEGUN
15:10:29.770 [main] INFO  com.personal.base.BaseClass - description of testcase:- opening multiple customers account from excel
15:10:30.008 [main] DEBUG com.personal.base.BaseClass - option(Shiv Sahil) selected successfully on dropdown(CustomerDropDown_id)
15:10:30.257 [main] DEBUG com.personal.base.BaseClass - option(Rupee) selected successfully on dropdown(CurrencyDropDown_id)
15:10:30.296 [main] DEBUG com.personal.base.BaseClass - locator(Submit_css) clicked successfully
15:10:30.322 [main] ERROR com.personal.base.BaseClass - VERIFY :- text(11111111111Account created successfully with account Number :) is NOT present in Alert Box 
15:10:30.336 [main] DEBUG com.personal.base.BaseClass -  Action(accept) successfully taken on alert, present on page
15:10:30.337 [main] INFO  com.personal.base.BaseClass - @@@@ openAccountMethod HAS PASSED
15:10:30.383 [main] INFO  com.personal.base.BaseClass - Report generated with name Report_29_May_03_PM_10_.zip
15:10:30.400 [main] INFO  com.personal.base.BaseClass - Report generated with name Report_29_May_03_PM_10_.zip
15:10:31.088 [main] INFO  com.personal.base.BaseClass - FIREFOX BROWSER CLOSED
15:10:31.088 [main] INFO  com.personal.base.BaseClass - -------------------------------------------------------------------------------------------------
15:11:51.277 [main] INFO  com.personal.base.BaseClass - FIREFOX BROWSER OPENED http://www.way2automation.com/angularjs-protractor/banking/#/login WEBSITE SUCCESSFULLY
15:11:51.298 [main] DEBUG com.personal.base.BaseClass - Implicit wait set to - 4seconds   &  pageload timeout set to - 5seconds
15:11:51.302 [main] DEBUG com.personal.base.BaseClass - window maximized
15:11:51.323 [main] INFO  com.personal.base.BaseClass - ##### EXECUTION OF loginAsmanagerTest HAS BEGUN
15:11:51.323 [main] INFO  com.personal.base.BaseClass - description of testcase:- clicking on login button and checking availability of buttons on screen
15:11:53.883 [main] DEBUG com.personal.base.BaseClass - visibilityOfElementLocated timeout for locator(BankMangLogin_css) set to 10 seconds. locator(BankMangLogin_css) clicked successfully
15:11:53.896 [main] ERROR com.personal.base.BaseClass - VERIFY :- 'Protractor practice website - Banking App' is INCORRECT TITLE
15:11:53.904 [main] INFO  com.personal.base.BaseClass - VERIFY :- locator(AddCustomerButton_xpath) is present on page
15:11:53.990 [main] DEBUG com.personal.base.BaseClass - locator(AddCustomerButton_xpath) clicked successfully
15:11:53.992 [main] INFO  com.personal.base.BaseClass - @@@@ loginAsmanagerTest HAS PASSED
15:11:54.746 [main] INFO  com.personal.base.BaseClass - ##### EXECUTION OF addMultipleCustomerTest HAS BEGUN
15:11:54.746 [main] INFO  com.personal.base.BaseClass - description of testcase:- adding multiple customers from excel
15:11:54.780 [main] DEBUG com.personal.base.BaseClass - locator(FirstName_css) filled with value 'Shiv' successfully
15:11:54.811 [main] DEBUG com.personal.base.BaseClass - locator(LastName_css) filled with value 'Sahil' successfully
15:11:54.842 [main] DEBUG com.personal.base.BaseClass - locator(PinCode_css) filled with value '160014' successfully
15:11:56.914 [main] DEBUG com.personal.base.BaseClass - locator(AddCustomer_xpath) clicked successfully
15:11:56.936 [main] INFO  com.personal.base.BaseClass - VERIFY :- text(Customer added successfully with customer id :) is present in Alert Box
15:11:56.954 [main] DEBUG com.personal.base.BaseClass - alertIsPresent timeout for Alert set to 4 seconds. Action(accept) taken on Alert Successfully
15:11:56.956 [main] INFO  com.personal.base.BaseClass - @@@@ addMultipleCustomerTest HAS PASSED
15:11:56.965 [main] INFO  com.personal.base.BaseClass - ##### EXECUTION OF addMultipleCustomerTest HAS BEGUN
15:11:56.965 [main] INFO  com.personal.base.BaseClass - description of testcase:- adding multiple customers from excel
15:11:56.987 [main] DEBUG com.personal.base.BaseClass - locator(FirstName_css) filled with value 'Sahil' successfully
15:11:57.009 [main] DEBUG com.personal.base.BaseClass - locator(LastName_css) filled with value 'Guleri' successfully
15:11:57.031 [main] DEBUG com.personal.base.BaseClass - locator(PinCode_css) filled with value '3967' successfully
15:11:59.105 [main] DEBUG com.personal.base.BaseClass - locator(AddCustomer_xpath) clicked successfully
15:11:59.127 [main] INFO  com.personal.base.BaseClass - VERIFY :- text(Customer added successfully with customer id :) is present in Alert Box
15:11:59.141 [main] DEBUG com.personal.base.BaseClass - alertIsPresent timeout for Alert set to 4 seconds. Action(accept) taken on Alert Successfully
15:11:59.142 [main] INFO  com.personal.base.BaseClass - @@@@ addMultipleCustomerTest HAS PASSED
15:11:59.155 [main] INFO  com.personal.base.BaseClass - ##### EXECUTION OF addMultipleCustomerTest HAS BEGUN
15:11:59.155 [main] INFO  com.personal.base.BaseClass - description of testcase:- adding multiple customers from excel
15:11:59.179 [main] DEBUG com.personal.base.BaseClass - locator(FirstName_css) filled with value 'Keyword' successfully
15:11:59.201 [main] DEBUG com.personal.base.BaseClass - locator(LastName_css) filled with value 'Driven' successfully
15:11:59.220 [main] DEBUG com.personal.base.BaseClass - locator(PinCode_css) filled with value '1332' successfully
15:12:01.269 [main] DEBUG com.personal.base.BaseClass - locator(AddCustomer_xpath) clicked successfully
15:12:01.289 [main] INFO  com.personal.base.BaseClass - VERIFY :- text(Customer added successfully with customer id :) is present in Alert Box
15:12:01.307 [main] DEBUG com.personal.base.BaseClass - alertIsPresent timeout for Alert set to 4 seconds. Action(accept) taken on Alert Successfully
15:12:01.309 [main] INFO  com.personal.base.BaseClass - @@@@ addMultipleCustomerTest HAS PASSED
15:12:01.493 [main] DEBUG com.personal.base.BaseClass - locator(OpenAccountTab_xpath) clicked successfully
15:12:01.516 [main] INFO  com.personal.base.BaseClass - ##### EXECUTION OF openAccountMethod HAS BEGUN
15:12:01.516 [main] INFO  com.personal.base.BaseClass - description of testcase:- opening multiple customers account from excel
15:12:01.760 [main] DEBUG com.personal.base.BaseClass - option(Sahil Guleri) selected successfully on dropdown(CustomerDropDown_id)
15:12:02.014 [main] DEBUG com.personal.base.BaseClass - option(Pound) selected successfully on dropdown(CurrencyDropDown_id)
15:12:02.048 [main] ERROR com.personal.base.BaseClass - VERIFY :- locator(Submit_css) is NOT present on page. error msg is Given css selector expression "button[type='submit']1111111111111111111111" is invalid: InvalidSelectorError: Document.querySelector: 'button[type='submit']1111111111111111111111' is not a valid selector: "button[type='submit']1111111111111111111111"
For documentation on this error, please visit: http://seleniumhq.org/exceptions/invalid_selector_exception.html
Build info: version: '3.14.0', revision: 'aacccce0', time: '2018-08-02T20:19:58.91Z'
System info: host: 'DESKTOP-IC0JENF', ip: '172.16.18.8', os.name: 'Windows 10', os.arch: 'amd64', os.version: '10.0', java.version: '1.8.0_271'
Driver info: org.openqa.selenium.firefox.FirefoxDriver
Capabilities {acceptInsecureCerts: true, browserName: firefox, browserVersion: 88.0.1, javascriptEnabled: true, moz:accessibilityChecks: false, moz:buildID: 20210504152106, moz:geckodriverVersion: 0.29.1, moz:headless: false, moz:processID: 10728, moz:profile: C:\Users\Nishant Guleri\App..., moz:shutdownTimeout: 60000, moz:useNonSpecCompliantPointerOrigin: false, moz:webdriverClick: true, pageLoadStrategy: normal, platform: WINDOWS, platformName: WINDOWS, platformVersion: 10.0, rotatable: false, setWindowRect: true, strictFileInteractability: false, timeouts: {implicit: 0, pageLoad: 300000, script: 30000}, unhandledPromptBehavior: dismiss and notify}
Session ID: ec444f25-083e-4461-ac48-b43b66938063
*** Element info: {Using=css selector, value=button[type='submit']1111111111111111111111}
15:12:02.064 [main] ERROR com.personal.base.BaseClass - $$$$$$$ openAccountMethod HAS FAILED 
15:12:02.066 [main] FATAL com.personal.base.BaseClass - org.openqa.selenium.InvalidSelectorException: Given css selector expression "button[type='submit']1111111111111111111111" is invalid: InvalidSelectorError: Document.querySelector: 'button[type='submit']1111111111111111111111' is not a valid selector: "button[type='submit']1111111111111111111111"
For documentation on this error, please visit: http://seleniumhq.org/exceptions/invalid_selector_exception.html
Build info: version: '3.14.0', revision: 'aacccce0', time: '2018-08-02T20:19:58.91Z'
System info: host: 'DESKTOP-IC0JENF', ip: '172.16.18.8', os.name: 'Windows 10', os.arch: 'amd64', os.version: '10.0', java.version: '1.8.0_271'
Driver info: org.openqa.selenium.firefox.FirefoxDriver
Capabilities {acceptInsecureCerts: true, browserName: firefox, browserVersion: 88.0.1, javascriptEnabled: true, moz:accessibilityChecks: false, moz:buildID: 20210504152106, moz:geckodriverVersion: 0.29.1, moz:headless: false, moz:processID: 10728, moz:profile: C:\Users\Nishant Guleri\App..., moz:shutdownTimeout: 60000, moz:useNonSpecCompliantPointerOrigin: false, moz:webdriverClick: true, pageLoadStrategy: normal, platform: WINDOWS, platformName: WINDOWS, platformVersion: 10.0, rotatable: false, setWindowRect: true, strictFileInteractability: false, timeouts: {implicit: 0, pageLoad: 300000, script: 30000}, unhandledPromptBehavior: dismiss and notify}
Session ID: ec444f25-083e-4461-ac48-b43b66938063
*** Element info: {Using=css selector, value=button[type='submit']1111111111111111111111}
15:12:02.117 [main] DEBUG com.personal.base.BaseClass - Screenshot[29_May_03_PM_12_02_067OPENACCOUNTMETHOD.png] of openAccountMethod method taken successfully
15:12:02.118 [main] DEBUG com.personal.base.BaseClass - Screenshot of openAccountMethod method successfully attached to report 
15:12:02.132 [main] INFO  com.personal.base.BaseClass - ##### EXECUTION OF openAccountMethod HAS BEGUN
15:12:02.132 [main] INFO  com.personal.base.BaseClass - description of testcase:- opening multiple customers account from excel
15:12:02.370 [main] DEBUG com.personal.base.BaseClass - option(Shiv Sahil) selected successfully on dropdown(CustomerDropDown_id)
15:12:02.615 [main] DEBUG com.personal.base.BaseClass - option(Rupee) selected successfully on dropdown(CurrencyDropDown_id)
15:12:02.623 [main] ERROR com.personal.base.BaseClass - VERIFY :- locator(Submit_css) is NOT present on page. error msg is Given css selector expression "button[type='submit']1111111111111111111111" is invalid: InvalidSelectorError: Document.querySelector: 'button[type='submit']1111111111111111111111' is not a valid selector: "button[type='submit']1111111111111111111111"
For documentation on this error, please visit: http://seleniumhq.org/exceptions/invalid_selector_exception.html
Build info: version: '3.14.0', revision: 'aacccce0', time: '2018-08-02T20:19:58.91Z'
System info: host: 'DESKTOP-IC0JENF', ip: '172.16.18.8', os.name: 'Windows 10', os.arch: 'amd64', os.version: '10.0', java.version: '1.8.0_271'
Driver info: org.openqa.selenium.firefox.FirefoxDriver
Capabilities {acceptInsecureCerts: true, browserName: firefox, browserVersion: 88.0.1, javascriptEnabled: true, moz:accessibilityChecks: false, moz:buildID: 20210504152106, moz:geckodriverVersion: 0.29.1, moz:headless: false, moz:processID: 10728, moz:profile: C:\Users\Nishant Guleri\App..., moz:shutdownTimeout: 60000, moz:useNonSpecCompliantPointerOrigin: false, moz:webdriverClick: true, pageLoadStrategy: normal, platform: WINDOWS, platformName: WINDOWS, platformVersion: 10.0, rotatable: false, setWindowRect: true, strictFileInteractability: false, timeouts: {implicit: 0, pageLoad: 300000, script: 30000}, unhandledPromptBehavior: dismiss and notify}
Session ID: ec444f25-083e-4461-ac48-b43b66938063
*** Element info: {Using=css selector, value=button[type='submit']1111111111111111111111}
15:12:02.636 [main] ERROR com.personal.base.BaseClass - $$$$$$$ openAccountMethod HAS FAILED 
15:12:02.636 [main] FATAL com.personal.base.BaseClass - org.openqa.selenium.InvalidSelectorException: Given css selector expression "button[type='submit']1111111111111111111111" is invalid: InvalidSelectorError: Document.querySelector: 'button[type='submit']1111111111111111111111' is not a valid selector: "button[type='submit']1111111111111111111111"
For documentation on this error, please visit: http://seleniumhq.org/exceptions/invalid_selector_exception.html
Build info: version: '3.14.0', revision: 'aacccce0', time: '2018-08-02T20:19:58.91Z'
System info: host: 'DESKTOP-IC0JENF', ip: '172.16.18.8', os.name: 'Windows 10', os.arch: 'amd64', os.version: '10.0', java.version: '1.8.0_271'
Driver info: org.openqa.selenium.firefox.FirefoxDriver
Capabilities {acceptInsecureCerts: true, browserName: firefox, browserVersion: 88.0.1, javascriptEnabled: true, moz:accessibilityChecks: false, moz:buildID: 20210504152106, moz:geckodriverVersion: 0.29.1, moz:headless: false, moz:processID: 10728, moz:profile: C:\Users\Nishant Guleri\App..., moz:shutdownTimeout: 60000, moz:useNonSpecCompliantPointerOrigin: false, moz:webdriverClick: true, pageLoadStrategy: normal, platform: WINDOWS, platformName: WINDOWS, platformVersion: 10.0, rotatable: false, setWindowRect: true, strictFileInteractability: false, timeouts: {implicit: 0, pageLoad: 300000, script: 30000}, unhandledPromptBehavior: dismiss and notify}
Session ID: ec444f25-083e-4461-ac48-b43b66938063
*** Element info: {Using=css selector, value=button[type='submit']1111111111111111111111}
15:12:02.693 [main] DEBUG com.personal.base.BaseClass - Screenshot[29_May_03_PM_12_02_636OPENACCOUNTMETHOD.png] of openAccountMethod method taken successfully
15:12:02.693 [main] DEBUG com.personal.base.BaseClass - Screenshot of openAccountMethod method successfully attached to report 
15:12:02.735 [main] INFO  com.personal.base.BaseClass - Report generated with name Report_29_May_03_PM_12_.zip
15:12:02.752 [main] INFO  com.personal.base.BaseClass - Report generated with name Report_29_May_03_PM_12_.zip
15:12:03.408 [main] INFO  com.personal.base.BaseClass - FIREFOX BROWSER CLOSED
15:12:03.408 [main] INFO  com.personal.base.BaseClass - -------------------------------------------------------------------------------------------------
15:13:27.570 [main] INFO  com.personal.base.BaseClass - FIREFOX BROWSER OPENED http://www.way2automation.com/angularjs-protractor/banking/#/login WEBSITE SUCCESSFULLY
15:13:27.587 [main] DEBUG com.personal.base.BaseClass - Implicit wait set to - 4seconds   &  pageload timeout set to - 5seconds
15:13:27.594 [main] DEBUG com.personal.base.BaseClass - window maximized
15:13:27.616 [main] INFO  com.personal.base.BaseClass - ##### EXECUTION OF loginAsmanagerTest HAS BEGUN
15:13:27.616 [main] INFO  com.personal.base.BaseClass - description of testcase:- clicking on login button and checking availability of buttons on screen
15:13:28.595 [main] DEBUG com.personal.base.BaseClass - visibilityOfElementLocated timeout for locator(BankMangLogin_css) set to 10 seconds. locator(BankMangLogin_css) clicked successfully
15:13:28.605 [main] ERROR com.personal.base.BaseClass - ASSERT :- 'Protractor practice website - Banking App' is INCORRECT TITLE
15:13:28.611 [main] ERROR com.personal.base.BaseClass - $$$$$$$ loginAsmanagerTest HAS FAILED 
15:13:28.611 [main] FATAL com.personal.base.BaseClass - java.lang.AssertionError: ASSERT :- 'Protractor practice website - Banking App' is INCORRECT TITLE
15:13:28.651 [main] DEBUG com.personal.base.BaseClass - Screenshot[29_May_03_PM_13_28_612LOGINASMANAGERTEST.png] of loginAsmanagerTest method taken successfully
15:13:28.651 [main] DEBUG com.personal.base.BaseClass - Screenshot of loginAsmanagerTest method successfully attached to report 
15:13:29.030 [main] DEBUG com.personal.base.BaseClass - locator(OpenAccountTab_xpath) clicked successfully
15:13:29.522 [main] INFO  com.personal.base.BaseClass - ##### EXECUTION OF openAccountMethod HAS BEGUN
15:13:29.522 [main] INFO  com.personal.base.BaseClass - description of testcase:- opening multiple customers account from excel
15:13:37.622 [main] ERROR com.personal.base.BaseClass - $$$$$$$ openAccountMethod HAS FAILED 
15:13:37.623 [main] FATAL com.personal.base.BaseClass - org.openqa.selenium.NoSuchElementException: Cannot locate element with text: Sahil Guleri
For documentation on this error, please visit: http://seleniumhq.org/exceptions/no_such_element.html
Build info: version: '3.14.0', revision: 'aacccce0', time: '2018-08-02T20:19:58.91Z'
System info: host: 'DESKTOP-IC0JENF', ip: '172.16.18.8', os.name: 'Windows 10', os.arch: 'amd64', os.version: '10.0', java.version: '1.8.0_271'
Driver info: driver.version: unknown
15:13:37.703 [main] DEBUG com.personal.base.BaseClass - Screenshot[29_May_03_PM_13_37_623OPENACCOUNTMETHOD.png] of openAccountMethod method taken successfully
15:13:37.703 [main] DEBUG com.personal.base.BaseClass - Screenshot of openAccountMethod method successfully attached to report 
15:13:37.720 [main] INFO  com.personal.base.BaseClass - ##### EXECUTION OF openAccountMethod HAS BEGUN
15:13:37.720 [main] INFO  com.personal.base.BaseClass - description of testcase:- opening multiple customers account from excel
15:13:45.766 [main] ERROR com.personal.base.BaseClass - $$$$$$$ openAccountMethod HAS FAILED 
15:13:45.766 [main] FATAL com.personal.base.BaseClass - org.openqa.selenium.NoSuchElementException: Cannot locate element with text: Shiv Sahil
For documentation on this error, please visit: http://seleniumhq.org/exceptions/no_such_element.html
Build info: version: '3.14.0', revision: 'aacccce0', time: '2018-08-02T20:19:58.91Z'
System info: host: 'DESKTOP-IC0JENF', ip: '172.16.18.8', os.name: 'Windows 10', os.arch: 'amd64', os.version: '10.0', java.version: '1.8.0_271'
Driver info: driver.version: unknown
15:13:45.811 [main] DEBUG com.personal.base.BaseClass - Screenshot[29_May_03_PM_13_45_766OPENACCOUNTMETHOD.png] of openAccountMethod method taken successfully
15:13:45.811 [main] DEBUG com.personal.base.BaseClass - Screenshot of openAccountMethod method successfully attached to report 
15:13:45.863 [main] INFO  com.personal.base.BaseClass - Report generated with name Report_29_May_03_PM_13_.zip
15:13:45.880 [main] INFO  com.personal.base.BaseClass - Report generated with name Report_29_May_03_PM_13_.zip
15:13:46.743 [main] INFO  com.personal.base.BaseClass - FIREFOX BROWSER CLOSED
15:13:46.743 [main] INFO  com.personal.base.BaseClass - -------------------------------------------------------------------------------------------------
